CRITICAL - 2022-06-08 11:26:58 --> Undefined variable $data
#0 /var/www/current/app/Views/account/new.php(100): CodeIgniter\Debug\Exceptions->errorHandler(2, 'Undefined varia...', '/var/www/curren...', 100)
#1 /var/www/current/system/View/View.php(210): include('/var/www/curren...')
#2 /var/www/current/system/View/View.php(213): CodeIgniter\View\View->CodeIgniter\View\{closure}()
#3 /var/www/current/system/Common.php(1089): CodeIgniter\View\View->render('account/new.php', Array, true)
#4 /var/www/current/app/Controllers/Console/Account.php(46): view('account/new.php', Array)
#5 /var/www/current/system/CodeIgniter.php(825): App\Controllers\Console\Account->index()
#6 /var/www/current/system/CodeIgniter.php(412): CodeIgniter\CodeIgniter->runController(Object(App\Controllers\Console\Account))
#7 /var/www/current/system/CodeIgniter.php(320): CodeIgniter\CodeIgniter->handleRequest(NULL, Object(Config\Cache), false)
#8 /var/www/current/htdocs/index.php(37): CodeIgniter\CodeIgniter->run()
#9 {main}
CRITICAL - 2022-06-08 11:27:14 --> Undefined variable $data
#0 /var/www/current/app/Views/account/new.php(100): CodeIgniter\Debug\Exceptions->errorHandler(2, 'Undefined varia...', '/var/www/curren...', 100)
#1 /var/www/current/system/View/View.php(210): include('/var/www/curren...')
#2 /var/www/current/system/View/View.php(213): CodeIgniter\View\View->CodeIgniter\View\{closure}()
#3 /var/www/current/system/Common.php(1089): CodeIgniter\View\View->render('account/new.php', Array, true)
#4 /var/www/current/app/Controllers/Console/Account.php(46): view('account/new.php', Array)
#5 /var/www/current/system/CodeIgniter.php(825): App\Controllers\Console\Account->index()
#6 /var/www/current/system/CodeIgniter.php(412): CodeIgniter\CodeIgniter->runController(Object(App\Controllers\Console\Account))
#7 /var/www/current/system/CodeIgniter.php(320): CodeIgniter\CodeIgniter->handleRequest(NULL, Object(Config\Cache), false)
#8 /var/www/current/htdocs/index.php(37): CodeIgniter\CodeIgniter->run()
#9 {main}
CRITICAL - 2022-06-08 11:27:23 --> Undefined variable $data
#0 /var/www/current/app/Views/account/new.php(100): CodeIgniter\Debug\Exceptions->errorHandler(2, 'Undefined varia...', '/var/www/curren...', 100)
#1 /var/www/current/system/View/View.php(210): include('/var/www/curren...')
#2 /var/www/current/system/View/View.php(213): CodeIgniter\View\View->CodeIgniter\View\{closure}()
#3 /var/www/current/system/Common.php(1089): CodeIgniter\View\View->render('account/new.php', Array, true)
#4 /var/www/current/app/Controllers/Console/Account.php(46): view('account/new.php', Array)
#5 /var/www/current/system/CodeIgniter.php(825): App\Controllers\Console\Account->index()
#6 /var/www/current/system/CodeIgniter.php(412): CodeIgniter\CodeIgniter->runController(Object(App\Controllers\Console\Account))
#7 /var/www/current/system/CodeIgniter.php(320): CodeIgniter\CodeIgniter->handleRequest(NULL, Object(Config\Cache), false)
#8 /var/www/current/htdocs/index.php(37): CodeIgniter\CodeIgniter->run()
#9 {main}
CRITICAL - 2022-06-08 11:31:49 --> Call to a member function getAccountList() on null
#0 /var/www/current/system/CodeIgniter.php(825): App\Controllers\Console\Account->index()
#1 /var/www/current/system/CodeIgniter.php(412): CodeIgniter\CodeIgniter->runController(Object(App\Controllers\Console\Account))
#2 /var/www/current/system/CodeIgniter.php(320): CodeIgniter\CodeIgniter->handleRequest(NULL, Object(Config\Cache), false)
#3 /var/www/current/htdocs/index.php(37): CodeIgniter\CodeIgniter->run()
#4 {main}
CRITICAL - 2022-06-08 15:59:32 --> Array to string conversion
#0 /var/www/current/app/Controllers/Console/Account.php(58): CodeIgniter\Debug\Exceptions->errorHandler(2, 'Array to string...', '/var/www/curren...', 58)
#1 /var/www/current/system/CodeIgniter.php(825): App\Controllers\Console\Account->new()
#2 /var/www/current/system/CodeIgniter.php(412): CodeIgniter\CodeIgniter->runController(Object(App\Controllers\Console\Account))
#3 /var/www/current/system/CodeIgniter.php(320): CodeIgniter\CodeIgniter->handleRequest(NULL, Object(Config\Cache), false)
#4 /var/www/current/htdocs/index.php(37): CodeIgniter\CodeIgniter->run()
#5 {main}
CRITICAL - 2022-06-08 16:49:43 --> Invalid file: console/account/index.html
#0 /var/www/current/system/View/View.php(198): CodeIgniter\Exceptions\FrameworkException::forInvalidFile('console/account...')
#1 /var/www/current/system/Common.php(1089): CodeIgniter\View\View->render('console/account...', Array, true)
#2 /var/www/current/app/Controllers/Console/Account.php(50): view('console/account...', Array)
#3 /var/www/current/system/CodeIgniter.php(825): App\Controllers\Console\Account->index()
#4 /var/www/current/system/CodeIgniter.php(412): CodeIgniter\CodeIgniter->runController(Object(App\Controllers\Console\Account))
#5 /var/www/current/system/CodeIgniter.php(320): CodeIgniter\CodeIgniter->handleRequest(NULL, Object(Config\Cache), false)
#6 /var/www/current/htdocs/index.php(37): CodeIgniter\CodeIgniter->run()
#7 {main}
CRITICAL - 2022-06-08 16:52:07 --> Invalid file: console/account/index.php
#0 /var/www/current/system/View/View.php(198): CodeIgniter\Exceptions\FrameworkException::forInvalidFile('console/account...')
#1 /var/www/current/system/Common.php(1089): CodeIgniter\View\View->render('console/account...', Array, true)
#2 /var/www/current/app/Controllers/Console/Account.php(50): view('console/account...', Array)
#3 /var/www/current/system/CodeIgniter.php(825): App\Controllers\Console\Account->index()
#4 /var/www/current/system/CodeIgniter.php(412): CodeIgniter\CodeIgniter->runController(Object(App\Controllers\Console\Account))
#5 /var/www/current/system/CodeIgniter.php(320): CodeIgniter\CodeIgniter->handleRequest(NULL, Object(Config\Cache), false)
#6 /var/www/current/htdocs/index.php(37): CodeIgniter\CodeIgniter->run()
#7 {main}
CRITICAL - 2022-06-08 16:52:24 --> syntax error, unexpected token "}"
#0 /var/www/current/system/Router/Router.php(175): CodeIgniter\Router\Router->autoRoute('Console/Account...')
#1 /var/www/current/system/CodeIgniter.php(719): CodeIgniter\Router\Router->handle('Console/Account...')
#2 /var/www/current/system/CodeIgniter.php(361): CodeIgniter\CodeIgniter->tryToRouteIt(Object(CodeIgniter\Router\RouteCollection))
#3 /var/www/current/system/CodeIgniter.php(320): CodeIgniter\CodeIgniter->handleRequest(NULL, Object(Config\Cache), false)
#4 /var/www/current/htdocs/index.php(37): CodeIgniter\CodeIgniter->run()
#5 {main}
CRITICAL - 2022-06-08 16:52:40 --> syntax error, unexpected token "}"
#0 /var/www/current/system/Router/Router.php(175): CodeIgniter\Router\Router->autoRoute('Console/Account...')
#1 /var/www/current/system/CodeIgniter.php(719): CodeIgniter\Router\Router->handle('Console/Account...')
#2 /var/www/current/system/CodeIgniter.php(361): CodeIgniter\CodeIgniter->tryToRouteIt(Object(CodeIgniter\Router\RouteCollection))
#3 /var/www/current/system/CodeIgniter.php(320): CodeIgniter\CodeIgniter->handleRequest(NULL, Object(Config\Cache), false)
#4 /var/www/current/htdocs/index.php(37): CodeIgniter\CodeIgniter->run()
#5 {main}
CRITICAL - 2022-06-08 16:53:00 --> Invalid file: console/account/index.php
#0 /var/www/current/system/View/View.php(198): CodeIgniter\Exceptions\FrameworkException::forInvalidFile('console/account...')
#1 /var/www/current/system/Common.php(1089): CodeIgniter\View\View->render('console/account...', Array, true)
#2 /var/www/current/app/Controllers/Console/Account.php(50): view('console/account...', Array)
#3 /var/www/current/system/CodeIgniter.php(825): App\Controllers\Console\Account->index()
#4 /var/www/current/system/CodeIgniter.php(412): CodeIgniter\CodeIgniter->runController(Object(App\Controllers\Console\Account))
#5 /var/www/current/system/CodeIgniter.php(320): CodeIgniter\CodeIgniter->handleRequest(NULL, Object(Config\Cache), false)
#6 /var/www/current/htdocs/index.php(37): CodeIgniter\CodeIgniter->run()
#7 {main}
CRITICAL - 2022-06-08 16:53:12 --> Invalid file: console/account/index.php
#0 /var/www/current/system/View/View.php(198): CodeIgniter\Exceptions\FrameworkException::forInvalidFile('console/account...')
#1 /var/www/current/system/Common.php(1089): CodeIgniter\View\View->render('console/account...', Array, true)
#2 /var/www/current/app/Controllers/Console/Account.php(50): view('console/account...', Array)
#3 /var/www/current/system/CodeIgniter.php(825): App\Controllers\Console\Account->index()
#4 /var/www/current/system/CodeIgniter.php(412): CodeIgniter\CodeIgniter->runController(Object(App\Controllers\Console\Account))
#5 /var/www/current/system/CodeIgniter.php(320): CodeIgniter\CodeIgniter->handleRequest(NULL, Object(Config\Cache), false)
#6 /var/www/current/htdocs/index.php(37): CodeIgniter\CodeIgniter->run()
#7 {main}
CRITICAL - 2022-06-08 16:53:30 --> Invalid file: console/account/.php
#0 /var/www/current/system/View/View.php(198): CodeIgniter\Exceptions\FrameworkException::forInvalidFile('console/account...')
#1 /var/www/current/system/Common.php(1089): CodeIgniter\View\View->render('console/account...', Array, true)
#2 /var/www/current/app/Controllers/Console/Account.php(50): view('console/account...', Array)
#3 /var/www/current/system/CodeIgniter.php(825): App\Controllers\Console\Account->index()
#4 /var/www/current/system/CodeIgniter.php(412): CodeIgniter\CodeIgniter->runController(Object(App\Controllers\Console\Account))
#5 /var/www/current/system/CodeIgniter.php(320): CodeIgniter\CodeIgniter->handleRequest(NULL, Object(Config\Cache), false)
#6 /var/www/current/htdocs/index.php(37): CodeIgniter\CodeIgniter->run()
#7 {main}
CRITICAL - 2022-06-08 16:54:00 --> Invalid file: console/account/index.php
#0 /var/www/current/system/View/View.php(198): CodeIgniter\Exceptions\FrameworkException::forInvalidFile('console/account...')
#1 /var/www/current/system/Common.php(1089): CodeIgniter\View\View->render('console/account...', Array, true)
#2 /var/www/current/app/Controllers/Console/Account.php(50): view('console/account...', Array)
#3 /var/www/current/system/CodeIgniter.php(825): App\Controllers\Console\Account->index()
#4 /var/www/current/system/CodeIgniter.php(412): CodeIgniter\CodeIgniter->runController(Object(App\Controllers\Console\Account))
#5 /var/www/current/system/CodeIgniter.php(320): CodeIgniter\CodeIgniter->handleRequest(NULL, Object(Config\Cache), false)
#6 /var/www/current/htdocs/index.php(37): CodeIgniter\CodeIgniter->run()
#7 {main}
CRITICAL - 2022-06-08 16:54:28 --> Invalid file: console/account/index.php
#0 /var/www/current/system/View/View.php(198): CodeIgniter\Exceptions\FrameworkException::forInvalidFile('console/account...')
#1 /var/www/current/system/Common.php(1089): CodeIgniter\View\View->render('console/account...', Array, true)
#2 /var/www/current/app/Controllers/Console/Account.php(50): view('console/account...', Array)
#3 /var/www/current/system/CodeIgniter.php(825): App\Controllers\Console\Account->index()
#4 /var/www/current/system/CodeIgniter.php(412): CodeIgniter\CodeIgniter->runController(Object(App\Controllers\Console\Account))
#5 /var/www/current/system/CodeIgniter.php(320): CodeIgniter\CodeIgniter->handleRequest(NULL, Object(Config\Cache), false)
#6 /var/www/current/htdocs/index.php(37): CodeIgniter\CodeIgniter->run()
#7 {main}
CRITICAL - 2022-06-08 16:54:59 --> Invalid file: console/account/index.php
#0 /var/www/current/system/View/View.php(198): CodeIgniter\Exceptions\FrameworkException::forInvalidFile('console/account...')
#1 /var/www/current/system/Common.php(1089): CodeIgniter\View\View->render('console/account...', Array, true)
#2 /var/www/current/app/Controllers/Console/Account.php(50): view('console/account...', Array)
#3 /var/www/current/system/CodeIgniter.php(825): App\Controllers\Console\Account->index()
#4 /var/www/current/system/CodeIgniter.php(412): CodeIgniter\CodeIgniter->runController(Object(App\Controllers\Console\Account))
#5 /var/www/current/system/CodeIgniter.php(320): CodeIgniter\CodeIgniter->handleRequest(NULL, Object(Config\Cache), false)
#6 /var/www/current/htdocs/index.php(37): CodeIgniter\CodeIgniter->run()
#7 {main}
CRITICAL - 2022-06-08 16:55:50 --> Invalid file: console/account/.php
#0 /var/www/current/system/View/View.php(198): CodeIgniter\Exceptions\FrameworkException::forInvalidFile('console/account...')
#1 /var/www/current/system/Common.php(1089): CodeIgniter\View\View->render('console/account...', Array, true)
#2 /var/www/current/app/Controllers/Console/Account.php(50): view('console/account...', Array)
#3 /var/www/current/system/CodeIgniter.php(825): App\Controllers\Console\Account->index()
#4 /var/www/current/system/CodeIgniter.php(412): CodeIgniter\CodeIgniter->runController(Object(App\Controllers\Console\Account))
#5 /var/www/current/system/CodeIgniter.php(320): CodeIgniter\CodeIgniter->handleRequest(NULL, Object(Config\Cache), false)
#6 /var/www/current/htdocs/index.php(37): CodeIgniter\CodeIgniter->run()
#7 {main}
CRITICAL - 2022-06-08 16:56:23 --> Invalid file: console/account/.php
#0 /var/www/current/system/View/View.php(198): CodeIgniter\Exceptions\FrameworkException::forInvalidFile('console/account...')
#1 /var/www/current/system/Common.php(1089): CodeIgniter\View\View->render('console/account...', Array, true)
#2 /var/www/current/app/Controllers/Console/Account.php(50): view('console/account...', Array)
#3 /var/www/current/system/CodeIgniter.php(825): App\Controllers\Console\Account->index()
#4 /var/www/current/system/CodeIgniter.php(412): CodeIgniter\CodeIgniter->runController(Object(App\Controllers\Console\Account))
#5 /var/www/current/system/CodeIgniter.php(320): CodeIgniter\CodeIgniter->handleRequest(NULL, Object(Config\Cache), false)
#6 /var/www/current/htdocs/index.php(37): CodeIgniter\CodeIgniter->run()
#7 {main}
CRITICAL - 2022-06-08 16:56:56 --> Invalid file: console/account/index.php
#0 /var/www/current/system/View/View.php(198): CodeIgniter\Exceptions\FrameworkException::forInvalidFile('console/account...')
#1 /var/www/current/system/Common.php(1089): CodeIgniter\View\View->render('console/account...', Array, true)
#2 /var/www/current/app/Controllers/Console/Account.php(50): view('console/account...', Array)
#3 /var/www/current/system/CodeIgniter.php(825): App\Controllers\Console\Account->index()
#4 /var/www/current/system/CodeIgniter.php(412): CodeIgniter\CodeIgniter->runController(Object(App\Controllers\Console\Account))
#5 /var/www/current/system/CodeIgniter.php(320): CodeIgniter\CodeIgniter->handleRequest(NULL, Object(Config\Cache), false)
#6 /var/www/current/htdocs/index.php(37): CodeIgniter\CodeIgniter->run()
#7 {main}
CRITICAL - 2022-06-08 16:57:16 --> Invalid file: console/account/index.php
#0 /var/www/current/system/View/View.php(198): CodeIgniter\Exceptions\FrameworkException::forInvalidFile('console/account...')
#1 /var/www/current/system/Common.php(1089): CodeIgniter\View\View->render('console/account...', Array, true)
#2 /var/www/current/app/Controllers/Console/Account.php(50): view('console/account...', Array)
#3 /var/www/current/system/CodeIgniter.php(825): App\Controllers\Console\Account->index()
#4 /var/www/current/system/CodeIgniter.php(412): CodeIgniter\CodeIgniter->runController(Object(App\Controllers\Console\Account))
#5 /var/www/current/system/CodeIgniter.php(320): CodeIgniter\CodeIgniter->handleRequest(NULL, Object(Config\Cache), false)
#6 /var/www/current/htdocs/index.php(37): CodeIgniter\CodeIgniter->run()
#7 {main}
CRITICAL - 2022-06-08 16:57:18 --> Invalid file: console/account/index.php
#0 /var/www/current/system/View/View.php(198): CodeIgniter\Exceptions\FrameworkException::forInvalidFile('console/account...')
#1 /var/www/current/system/Common.php(1089): CodeIgniter\View\View->render('console/account...', Array, true)
#2 /var/www/current/app/Controllers/Console/Account.php(50): view('console/account...', Array)
#3 /var/www/current/system/CodeIgniter.php(825): App\Controllers\Console\Account->index()
#4 /var/www/current/system/CodeIgniter.php(412): CodeIgniter\CodeIgniter->runController(Object(App\Controllers\Console\Account))
#5 /var/www/current/system/CodeIgniter.php(320): CodeIgniter\CodeIgniter->handleRequest(NULL, Object(Config\Cache), false)
#6 /var/www/current/htdocs/index.php(37): CodeIgniter\CodeIgniter->run()
#7 {main}
CRITICAL - 2022-06-08 17:01:11 --> Invalid file: console/account/index.php
#0 /var/www/current/system/View/View.php(198): CodeIgniter\Exceptions\FrameworkException::forInvalidFile('console/account...')
#1 /var/www/current/system/Common.php(1089): CodeIgniter\View\View->render('console/account...', Array, true)
#2 /var/www/current/app/Controllers/Console/Account.php(50): view('console/account...', Array)
#3 /var/www/current/system/CodeIgniter.php(825): App\Controllers\Console\Account->index()
#4 /var/www/current/system/CodeIgniter.php(412): CodeIgniter\CodeIgniter->runController(Object(App\Controllers\Console\Account))
#5 /var/www/current/system/CodeIgniter.php(320): CodeIgniter\CodeIgniter->handleRequest(NULL, Object(Config\Cache), false)
#6 /var/www/current/htdocs/index.php(37): CodeIgniter\CodeIgniter->run()
#7 {main}
CRITICAL - 2022-06-08 17:03:19 --> Invalid file: console/account/index.php
#0 /var/www/current/system/View/View.php(198): CodeIgniter\Exceptions\FrameworkException::forInvalidFile('console/account...')
#1 /var/www/current/system/Common.php(1089): CodeIgniter\View\View->render('console/account...', Array, true)
#2 /var/www/current/app/Controllers/Console/Account.php(50): view('console/account...', Array)
#3 /var/www/current/system/CodeIgniter.php(825): App\Controllers\Console\Account->index()
#4 /var/www/current/system/CodeIgniter.php(412): CodeIgniter\CodeIgniter->runController(Object(App\Controllers\Console\Account))
#5 /var/www/current/system/CodeIgniter.php(320): CodeIgniter\CodeIgniter->handleRequest(NULL, Object(Config\Cache), false)
#6 /var/www/current/htdocs/index.php(37): CodeIgniter\CodeIgniter->run()
#7 {main}
CRITICAL - 2022-06-08 17:06:40 --> Invalid file: console/account/index.php
#0 /var/www/current/system/View/View.php(198): CodeIgniter\Exceptions\FrameworkException::forInvalidFile('console/account...')
#1 /var/www/current/system/Common.php(1089): CodeIgniter\View\View->render('console/account...', Array, true)
#2 /var/www/current/app/Controllers/Console/Account.php(50): view('console/account...', Array)
#3 /var/www/current/system/CodeIgniter.php(825): App\Controllers\Console\Account->index()
#4 /var/www/current/system/CodeIgniter.php(412): CodeIgniter\CodeIgniter->runController(Object(App\Controllers\Console\Account))
#5 /var/www/current/system/CodeIgniter.php(320): CodeIgniter\CodeIgniter->handleRequest(NULL, Object(Config\Cache), false)
#6 /var/www/current/htdocs/index.php(37): CodeIgniter\CodeIgniter->run()
#7 {main}
CRITICAL - 2022-06-08 17:07:24 --> Invalid file: console/account/index.php
#0 /var/www/current/system/View/View.php(198): CodeIgniter\Exceptions\FrameworkException::forInvalidFile('console/account...')
#1 /var/www/current/system/Common.php(1089): CodeIgniter\View\View->render('console/account...', Array, true)
#2 /var/www/current/app/Controllers/Console/Account.php(50): view('console/account...', Array)
#3 /var/www/current/system/CodeIgniter.php(825): App\Controllers\Console\Account->index()
#4 /var/www/current/system/CodeIgniter.php(412): CodeIgniter\CodeIgniter->runController(Object(App\Controllers\Console\Account))
#5 /var/www/current/system/CodeIgniter.php(320): CodeIgniter\CodeIgniter->handleRequest(NULL, Object(Config\Cache), false)
#6 /var/www/current/htdocs/index.php(37): CodeIgniter\CodeIgniter->run()
#7 {main}
CRITICAL - 2022-06-08 17:28:51 --> Invalid file: console/account/create.php
#0 /var/www/current/system/View/View.php(198): CodeIgniter\Exceptions\FrameworkException::forInvalidFile('console/account...')
#1 /var/www/current/system/Common.php(1089): CodeIgniter\View\View->render('console/account...', Array, true)
#2 /var/www/current/app/Controllers/Console/Account.php(139): view('console/account...', Array)
#3 /var/www/current/system/CodeIgniter.php(825): App\Controllers\Console\Account->create()
#4 /var/www/current/system/CodeIgniter.php(412): CodeIgniter\CodeIgniter->runController(Object(App\Controllers\Console\Account))
#5 /var/www/current/system/CodeIgniter.php(320): CodeIgniter\CodeIgniter->handleRequest(NULL, Object(Config\Cache), false)
#6 /var/www/current/htdocs/index.php(37): CodeIgniter\CodeIgniter->run()
#7 {main}
CRITICAL - 2022-06-08 17:30:00 --> Unclosed '{' on line 134
#0 /var/www/current/system/Router/Router.php(175): CodeIgniter\Router\Router->autoRoute('Console/Account...')
#1 /var/www/current/system/CodeIgniter.php(719): CodeIgniter\Router\Router->handle('Console/Account...')
#2 /var/www/current/system/CodeIgniter.php(361): CodeIgniter\CodeIgniter->tryToRouteIt(Object(CodeIgniter\Router\RouteCollection))
#3 /var/www/current/system/CodeIgniter.php(320): CodeIgniter\CodeIgniter->handleRequest(NULL, Object(Config\Cache), false)
#4 /var/www/current/htdocs/index.php(37): CodeIgniter\CodeIgniter->run()
#5 {main}
ERROR - 2022-06-08 17:55:22 --> You have an error in your SQL syntax; check the manual that corresponds to your MySQL server version for the right syntax to use near 'FROM `user`WHERE `id` = 2' at line 1
CRITICAL - 2022-06-08 17:55:22 --> You have an error in your SQL syntax; check the manual that corresponds to your MySQL server version for the right syntax to use near 'FROM `user`WHERE `id` = 2' at line 1
#0 /var/www/current/system/Database/MySQLi/Connection.php(292): mysqli->query('SELECT `a`.`id`...', 0)
#1 /var/www/current/system/Database/BaseConnection.php(670): CodeIgniter\Database\MySQLi\Connection->execute('SELECT `a`.`id`...')
#2 /var/www/current/system/Database/BaseConnection.php(598): CodeIgniter\Database\BaseConnection->simpleQuery('SELECT `a`.`id`...')
#3 /var/www/current/app/Models/AccountModel.php(47): CodeIgniter\Database\BaseConnection->query('SELECT `a`.`id`...', Array)
#4 /var/www/current/app/Controllers/Console/Account.php(70): App\Models\AccountModel->getAccount(2)
#5 /var/www/current/system/CodeIgniter.php(825): App\Controllers\Console\Account->new('2')
#6 /var/www/current/system/CodeIgniter.php(412): CodeIgniter\CodeIgniter->runController(Object(App\Controllers\Console\Account))
#7 /var/www/current/system/CodeIgniter.php(320): CodeIgniter\CodeIgniter->handleRequest(NULL, Object(Config\Cache), false)
#8 /var/www/current/htdocs/index.php(37): CodeIgniter\CodeIgniter->run()
#9 {main}
ERROR - 2022-06-08 17:58:18 --> You have an error in your SQL syntax; check the manual that corresponds to your MySQL server version for the right syntax to use near 'FROM `user`WHERE `id` = 2' at line 1
CRITICAL - 2022-06-08 17:58:18 --> You have an error in your SQL syntax; check the manual that corresponds to your MySQL server version for the right syntax to use near 'FROM `user`WHERE `id` = 2' at line 1
#0 /var/www/current/system/Database/MySQLi/Connection.php(292): mysqli->query('SELECT `a`.`id`...', 0)
#1 /var/www/current/system/Database/BaseConnection.php(670): CodeIgniter\Database\MySQLi\Connection->execute('SELECT `a`.`id`...')
#2 /var/www/current/system/Database/BaseConnection.php(598): CodeIgniter\Database\BaseConnection->simpleQuery('SELECT `a`.`id`...')
#3 /var/www/current/app/Models/AccountModel.php(47): CodeIgniter\Database\BaseConnection->query('SELECT `a`.`id`...', Array)
#4 /var/www/current/app/Controllers/Console/Account.php(70): App\Models\AccountModel->getAccount(2)
#5 /var/www/current/system/CodeIgniter.php(825): App\Controllers\Console\Account->new('2')
#6 /var/www/current/system/CodeIgniter.php(412): CodeIgniter\CodeIgniter->runController(Object(App\Controllers\Console\Account))
#7 /var/www/current/system/CodeIgniter.php(320): CodeIgniter\CodeIgniter->handleRequest(NULL, Object(Config\Cache), false)
#8 /var/www/current/htdocs/index.php(37): CodeIgniter\CodeIgniter->run()
#9 {main}
ERROR - 2022-06-08 18:00:34 --> Unknown column 'a.id' in 'field list'
CRITICAL - 2022-06-08 18:00:34 --> Unknown column 'a.id' in 'field list'
#0 /var/www/current/system/Database/MySQLi/Connection.php(292): mysqli->query('SELECT `a`.`id`...', 0)
#1 /var/www/current/system/Database/BaseConnection.php(670): CodeIgniter\Database\MySQLi\Connection->execute('SELECT `a`.`id`...')
#2 /var/www/current/system/Database/BaseConnection.php(598): CodeIgniter\Database\BaseConnection->simpleQuery('SELECT `a`.`id`...')
#3 /var/www/current/app/Models/AccountModel.php(47): CodeIgniter\Database\BaseConnection->query('SELECT `a`.`id`...', Array)
#4 /var/www/current/app/Controllers/Console/Account.php(70): App\Models\AccountModel->getAccount(1)
#5 /var/www/current/system/CodeIgniter.php(825): App\Controllers\Console\Account->new('1')
#6 /var/www/current/system/CodeIgniter.php(412): CodeIgniter\CodeIgniter->runController(Object(App\Controllers\Console\Account))
#7 /var/www/current/system/CodeIgniter.php(320): CodeIgniter\CodeIgniter->handleRequest(NULL, Object(Config\Cache), false)
#8 /var/www/current/htdocs/index.php(37): CodeIgniter\CodeIgniter->run()
#9 {main}
ERROR - 2022-06-08 18:01:39 --> Unknown column 'created_at' in 'field list'
CRITICAL - 2022-06-08 18:01:39 --> Unknown column 'created_at' in 'field list'
#0 /var/www/current/system/Database/MySQLi/Connection.php(292): mysqli->query('SELECT `id`, `n...', 0)
#1 /var/www/current/system/Database/BaseConnection.php(670): CodeIgniter\Database\MySQLi\Connection->execute('SELECT `id`, `n...')
#2 /var/www/current/system/Database/BaseConnection.php(598): CodeIgniter\Database\BaseConnection->simpleQuery('SELECT `id`, `n...')
#3 /var/www/current/app/Models/AccountModel.php(47): CodeIgniter\Database\BaseConnection->query('SELECT `id`, `n...', Array)
#4 /var/www/current/app/Controllers/Console/Account.php(70): App\Models\AccountModel->getAccount(2)
#5 /var/www/current/system/CodeIgniter.php(825): App\Controllers\Console\Account->new('2')
#6 /var/www/current/system/CodeIgniter.php(412): CodeIgniter\CodeIgniter->runController(Object(App\Controllers\Console\Account))
#7 /var/www/current/system/CodeIgniter.php(320): CodeIgniter\CodeIgniter->handleRequest(NULL, Object(Config\Cache), false)
#8 /var/www/current/htdocs/index.php(37): CodeIgniter\CodeIgniter->run()
#9 {main}
ERROR - 2022-06-08 18:01:58 --> Unknown column 'updates_at' in 'field list'
CRITICAL - 2022-06-08 18:01:58 --> Unknown column 'updates_at' in 'field list'
#0 /var/www/current/system/Database/MySQLi/Connection.php(292): mysqli->query('SELECT `id`, `n...', 0)
#1 /var/www/current/system/Database/BaseConnection.php(670): CodeIgniter\Database\MySQLi\Connection->execute('SELECT `id`, `n...')
#2 /var/www/current/system/Database/BaseConnection.php(598): CodeIgniter\Database\BaseConnection->simpleQuery('SELECT `id`, `n...')
#3 /var/www/current/app/Models/AccountModel.php(47): CodeIgniter\Database\BaseConnection->query('SELECT `id`, `n...', Array)
#4 /var/www/current/app/Controllers/Console/Account.php(70): App\Models\AccountModel->getAccount(2)
#5 /var/www/current/system/CodeIgniter.php(825): App\Controllers\Console\Account->new('2')
#6 /var/www/current/system/CodeIgniter.php(412): CodeIgniter\CodeIgniter->runController(Object(App\Controllers\Console\Account))
#7 /var/www/current/system/CodeIgniter.php(320): CodeIgniter\CodeIgniter->handleRequest(NULL, Object(Config\Cache), false)
#8 /var/www/current/htdocs/index.php(37): CodeIgniter\CodeIgniter->run()
#9 {main}
ERROR - 2022-06-08 18:02:50 --> You have an error in your SQL syntax; check the manual that corresponds to your MySQL server version for the right syntax to use near ':id:' at line 1
CRITICAL - 2022-06-08 18:02:50 --> You have an error in your SQL syntax; check the manual that corresponds to your MySQL server version for the right syntax to use near ':id:' at line 1
#0 /var/www/current/system/Database/MySQLi/Connection.php(292): mysqli->query('SELECT `id`, `n...', 0)
#1 /var/www/current/system/Database/BaseConnection.php(670): CodeIgniter\Database\MySQLi\Connection->execute('SELECT `id`, `n...')
#2 /var/www/current/system/Database/BaseConnection.php(598): CodeIgniter\Database\BaseConnection->simpleQuery('SELECT `id`, `n...')
#3 /var/www/current/app/Models/AccountModel.php(47): CodeIgniter\Database\BaseConnection->query('SELECT `id`, `n...', Array)
#4 /var/www/current/app/Controllers/Console/Account.php(70): App\Models\AccountModel->getAccount(2)
#5 /var/www/current/system/CodeIgniter.php(825): App\Controllers\Console\Account->new('2')
#6 /var/www/current/system/CodeIgniter.php(412): CodeIgniter\CodeIgniter->runController(Object(App\Controllers\Console\Account))
#7 /var/www/current/system/CodeIgniter.php(320): CodeIgniter\CodeIgniter->handleRequest(NULL, Object(Config\Cache), false)
#8 /var/www/current/htdocs/index.php(37): CodeIgniter\CodeIgniter->run()
#9 {main}
CRITICAL - 2022-06-08 18:03:08 --> Unclosed '{' on line 13
#0 /var/www/current/system/Autoloader/Autoloader.php(241): CodeIgniter\Autoloader\Autoloader->includeFile('/var/www/curren...')
#1 /var/www/current/system/Autoloader/Autoloader.php(219): CodeIgniter\Autoloader\Autoloader->loadInNamespace('App\\Models\\Acco...')
#2 /var/www/current/app/Controllers/Console/Account.php(29): CodeIgniter\Autoloader\Autoloader->loadClass('App\\Models\\Acco...')
#3 /var/www/current/system/CodeIgniter.php(803): App\Controllers\Console\Account->initController(Object(CodeIgniter\HTTP\IncomingRequest), Object(CodeIgniter\HTTP\Response), Object(CodeIgniter\Log\Logger))
#4 /var/www/current/system/CodeIgniter.php(403): CodeIgniter\CodeIgniter->createController()
#5 /var/www/current/system/CodeIgniter.php(320): CodeIgniter\CodeIgniter->handleRequest(NULL, Object(Config\Cache), false)
#6 /var/www/current/htdocs/index.php(37): CodeIgniter\CodeIgniter->run()
#7 {main}
CRITICAL - 2022-06-08 18:18:29 --> Invalid file: account/new.php
#0 /var/www/current/system/View/View.php(198): CodeIgniter\Exceptions\FrameworkException::forInvalidFile('account/new.php')
#1 /var/www/current/system/Common.php(1089): CodeIgniter\View\View->render('account/new.php', Array, true)
#2 /var/www/current/app/Controllers/Console/Account.php(144): view('account/new.php', Array)
#3 /var/www/current/system/CodeIgniter.php(825): App\Controllers\Console\Account->create()
#4 /var/www/current/system/CodeIgniter.php(412): CodeIgniter\CodeIgniter->runController(Object(App\Controllers\Console\Account))
#5 /var/www/current/system/CodeIgniter.php(320): CodeIgniter\CodeIgniter->handleRequest(NULL, Object(Config\Cache), false)
#6 /var/www/current/htdocs/index.php(37): CodeIgniter\CodeIgniter->run()
#7 {main}
CRITICAL - 2022-06-08 18:20:07 --> Invalid file: account/new.php
#0 /var/www/current/system/View/View.php(198): CodeIgniter\Exceptions\FrameworkException::forInvalidFile('account/new.php')
#1 /var/www/current/system/Common.php(1089): CodeIgniter\View\View->render('account/new.php', Array, true)
#2 /var/www/current/app/Controllers/Console/Account.php(145): view('account/new.php', Array)
#3 /var/www/current/system/CodeIgniter.php(825): App\Controllers\Console\Account->create()
#4 /var/www/current/system/CodeIgniter.php(412): CodeIgniter\CodeIgniter->runController(Object(App\Controllers\Console\Account))
#5 /var/www/current/system/CodeIgniter.php(320): CodeIgniter\CodeIgniter->handleRequest(NULL, Object(Config\Cache), false)
#6 /var/www/current/htdocs/index.php(37): CodeIgniter\CodeIgniter->run()
#7 {main}
CRITICAL - 2022-06-08 18:20:44 --> Undefined array key "password"
#0 /var/www/current/app/Controllers/Console/Account.php(120): CodeIgniter\Debug\Exceptions->errorHandler(2, 'Undefined array...', '/var/www/curren...', 120)
#1 /var/www/current/system/CodeIgniter.php(825): App\Controllers\Console\Account->create()
#2 /var/www/current/system/CodeIgniter.php(412): CodeIgniter\CodeIgniter->runController(Object(App\Controllers\Console\Account))
#3 /var/www/current/system/CodeIgniter.php(320): CodeIgniter\CodeIgniter->handleRequest(NULL, Object(Config\Cache), false)
#4 /var/www/current/htdocs/index.php(37): CodeIgniter\CodeIgniter->run()
#5 {main}
CRITICAL - 2022-06-08 18:21:51 --> Undefined array key "password"
#0 /var/www/current/app/Controllers/Console/Account.php(117): CodeIgniter\Debug\Exceptions->errorHandler(2, 'Undefined array...', '/var/www/curren...', 117)
#1 /var/www/current/system/CodeIgniter.php(825): App\Controllers\Console\Account->create()
#2 /var/www/current/system/CodeIgniter.php(412): CodeIgniter\CodeIgniter->runController(Object(App\Controllers\Console\Account))
#3 /var/www/current/system/CodeIgniter.php(320): CodeIgniter\CodeIgniter->handleRequest(NULL, Object(Config\Cache), false)
#4 /var/www/current/htdocs/index.php(37): CodeIgniter\CodeIgniter->run()
#5 {main}
