CRITICAL - 2022-07-15 17:29:44 --> Undefined variable $errorMessage
#0 /var/www/current/app/Views/console/login/index.php(34): CodeIgniter\Debug\Exceptions->errorHandler(2, 'Undefined varia...', '/var/www/curren...', 34)
#1 /var/www/current/system/View/View.php(210): include('/var/www/curren...')
#2 /var/www/current/system/View/View.php(213): CodeIgniter\View\View->CodeIgniter\View\{closure}()
#3 /var/www/current/system/Common.php(1089): CodeIgniter\View\View->render('console/login/i...', Array, true)
#4 /var/www/current/app/Controllers/Console/Account.php(50): view('console/login/i...', Array)
#5 /var/www/current/system/CodeIgniter.php(825): App\Controllers\Console\Account->index()
#6 /var/www/current/system/CodeIgniter.php(412): CodeIgniter\CodeIgniter->runController(Object(App\Controllers\Console\Account))
#7 /var/www/current/system/CodeIgniter.php(320): CodeIgniter\CodeIgniter->handleRequest(NULL, Object(Config\Cache), false)
#8 /var/www/current/public/index.php(37): CodeIgniter\CodeIgniter->run()
#9 {main}
CRITICAL - 2022-07-15 17:31:04 --> Undefined variable $data
#0 /var/www/current/app/Views/console/login/index.php(46): CodeIgniter\Debug\Exceptions->errorHandler(2, 'Undefined varia...', '/var/www/curren...', 46)
#1 /var/www/current/system/View/View.php(210): include('/var/www/curren...')
#2 /var/www/current/system/View/View.php(213): CodeIgniter\View\View->CodeIgniter\View\{closure}()
#3 /var/www/current/system/Common.php(1089): CodeIgniter\View\View->render('console/login/i...', Array, true)
#4 /var/www/current/app/Controllers/Console/Account.php(51): view('console/login/i...', Array)
#5 /var/www/current/system/CodeIgniter.php(825): App\Controllers\Console\Account->index()
#6 /var/www/current/system/CodeIgniter.php(412): CodeIgniter\CodeIgniter->runController(Object(App\Controllers\Console\Account))
#7 /var/www/current/system/CodeIgniter.php(320): CodeIgniter\CodeIgniter->handleRequest(NULL, Object(Config\Cache), false)
#8 /var/www/current/public/index.php(37): CodeIgniter\CodeIgniter->run()
#9 {main}
CRITICAL - 2022-07-15 17:32:06 --> Undefined array key "email"
#0 /var/www/current/app/Views/console/login/index.php(46): CodeIgniter\Debug\Exceptions->errorHandler(2, 'Undefined array...', '/var/www/curren...', 46)
#1 /var/www/current/system/View/View.php(210): include('/var/www/curren...')
#2 /var/www/current/system/View/View.php(213): CodeIgniter\View\View->CodeIgniter\View\{closure}()
#3 /var/www/current/system/Common.php(1089): CodeIgniter\View\View->render('console/login/i...', Array, true)
#4 /var/www/current/app/Controllers/Console/Account.php(52): view('console/login/i...', Array)
#5 /var/www/current/system/CodeIgniter.php(825): App\Controllers\Console\Account->index()
#6 /var/www/current/system/CodeIgniter.php(412): CodeIgniter\CodeIgniter->runController(Object(App\Controllers\Console\Account))
#7 /var/www/current/system/CodeIgniter.php(320): CodeIgniter\CodeIgniter->handleRequest(NULL, Object(Config\Cache), false)
#8 /var/www/current/public/index.php(37): CodeIgniter\CodeIgniter->run()
#9 {main}
CRITICAL - 2022-07-15 17:32:08 --> Undefined array key "email"
#0 /var/www/current/app/Views/console/login/index.php(46): CodeIgniter\Debug\Exceptions->errorHandler(2, 'Undefined array...', '/var/www/curren...', 46)
#1 /var/www/current/system/View/View.php(210): include('/var/www/curren...')
#2 /var/www/current/system/View/View.php(213): CodeIgniter\View\View->CodeIgniter\View\{closure}()
#3 /var/www/current/system/Common.php(1089): CodeIgniter\View\View->render('console/login/i...', Array, true)
#4 /var/www/current/app/Controllers/Console/Account.php(52): view('console/login/i...', Array)
#5 /var/www/current/system/CodeIgniter.php(825): App\Controllers\Console\Account->index()
#6 /var/www/current/system/CodeIgniter.php(412): CodeIgniter\CodeIgniter->runController(Object(App\Controllers\Console\Account))
#7 /var/www/current/system/CodeIgniter.php(320): CodeIgniter\CodeIgniter->handleRequest(NULL, Object(Config\Cache), false)
#8 /var/www/current/public/index.php(37): CodeIgniter\CodeIgniter->run()
#9 {main}
CRITICAL - 2022-07-15 17:32:11 --> Undefined array key "email"
#0 /var/www/current/app/Views/console/login/index.php(46): CodeIgniter\Debug\Exceptions->errorHandler(2, 'Undefined array...', '/var/www/curren...', 46)
#1 /var/www/current/system/View/View.php(210): include('/var/www/curren...')
#2 /var/www/current/system/View/View.php(213): CodeIgniter\View\View->CodeIgniter\View\{closure}()
#3 /var/www/current/system/Common.php(1089): CodeIgniter\View\View->render('console/login/i...', Array, true)
#4 /var/www/current/app/Controllers/Console/Account.php(52): view('console/login/i...', Array)
#5 /var/www/current/system/CodeIgniter.php(825): App\Controllers\Console\Account->index()
#6 /var/www/current/system/CodeIgniter.php(412): CodeIgniter\CodeIgniter->runController(Object(App\Controllers\Console\Account))
#7 /var/www/current/system/CodeIgniter.php(320): CodeIgniter\CodeIgniter->handleRequest(NULL, Object(Config\Cache), false)
#8 /var/www/current/public/index.php(37): CodeIgniter\CodeIgniter->run()
#9 {main}
CRITICAL - 2022-07-15 17:35:34 --> Undefined variable $data
#0 /var/www/current/app/Views/console/login/index.php(46): CodeIgniter\Debug\Exceptions->errorHandler(2, 'Undefined varia...', '/var/www/curren...', 46)
#1 /var/www/current/system/View/View.php(210): include('/var/www/curren...')
#2 /var/www/current/system/View/View.php(213): CodeIgniter\View\View->CodeIgniter\View\{closure}()
#3 /var/www/current/system/Common.php(1089): CodeIgniter\View\View->render('console/login/i...', Array, true)
#4 /var/www/current/app/Controllers/Console/Account.php(51): view('console/login/i...', Array)
#5 /var/www/current/system/CodeIgniter.php(825): App\Controllers\Console\Account->index()
#6 /var/www/current/system/CodeIgniter.php(412): CodeIgniter\CodeIgniter->runController(Object(App\Controllers\Console\Account))
#7 /var/www/current/system/CodeIgniter.php(320): CodeIgniter\CodeIgniter->handleRequest(NULL, Object(Config\Cache), false)
#8 /var/www/current/public/index.php(37): CodeIgniter\CodeIgniter->run()
#9 {main}
CRITICAL - 2022-07-15 17:35:35 --> Undefined variable $data
#0 /var/www/current/app/Views/console/login/index.php(46): CodeIgniter\Debug\Exceptions->errorHandler(2, 'Undefined varia...', '/var/www/curren...', 46)
#1 /var/www/current/system/View/View.php(210): include('/var/www/curren...')
#2 /var/www/current/system/View/View.php(213): CodeIgniter\View\View->CodeIgniter\View\{closure}()
#3 /var/www/current/system/Common.php(1089): CodeIgniter\View\View->render('console/login/i...', Array, true)
#4 /var/www/current/app/Controllers/Console/Account.php(51): view('console/login/i...', Array)
#5 /var/www/current/system/CodeIgniter.php(825): App\Controllers\Console\Account->index()
#6 /var/www/current/system/CodeIgniter.php(412): CodeIgniter\CodeIgniter->runController(Object(App\Controllers\Console\Account))
#7 /var/www/current/system/CodeIgniter.php(320): CodeIgniter\CodeIgniter->handleRequest(NULL, Object(Config\Cache), false)
#8 /var/www/current/public/index.php(37): CodeIgniter\CodeIgniter->run()
#9 {main}
CRITICAL - 2022-07-15 17:35:40 --> Undefined variable $data
#0 /var/www/current/app/Views/console/login/index.php(46): CodeIgniter\Debug\Exceptions->errorHandler(2, 'Undefined varia...', '/var/www/curren...', 46)
#1 /var/www/current/system/View/View.php(210): include('/var/www/curren...')
#2 /var/www/current/system/View/View.php(213): CodeIgniter\View\View->CodeIgniter\View\{closure}()
#3 /var/www/current/system/Common.php(1089): CodeIgniter\View\View->render('console/login/i...', Array, true)
#4 /var/www/current/app/Controllers/Console/Account.php(51): view('console/login/i...', Array)
#5 /var/www/current/system/CodeIgniter.php(825): App\Controllers\Console\Account->index()
#6 /var/www/current/system/CodeIgniter.php(412): CodeIgniter\CodeIgniter->runController(Object(App\Controllers\Console\Account))
#7 /var/www/current/system/CodeIgniter.php(320): CodeIgniter\CodeIgniter->handleRequest(NULL, Object(Config\Cache), false)
#8 /var/www/current/public/index.php(37): CodeIgniter\CodeIgniter->run()
#9 {main}
CRITICAL - 2022-07-15 17:35:54 --> Undefined variable $data
#0 /var/www/current/app/Views/console/login/index.php(46): CodeIgniter\Debug\Exceptions->errorHandler(2, 'Undefined varia...', '/var/www/curren...', 46)
#1 /var/www/current/system/View/View.php(210): include('/var/www/curren...')
#2 /var/www/current/system/View/View.php(213): CodeIgniter\View\View->CodeIgniter\View\{closure}()
#3 /var/www/current/system/Common.php(1089): CodeIgniter\View\View->render('console/login/i...', Array, true)
#4 /var/www/current/app/Controllers/Console/Account.php(51): view('console/login/i...', Array)
#5 /var/www/current/system/CodeIgniter.php(825): App\Controllers\Console\Account->index()
#6 /var/www/current/system/CodeIgniter.php(412): CodeIgniter\CodeIgniter->runController(Object(App\Controllers\Console\Account))
#7 /var/www/current/system/CodeIgniter.php(320): CodeIgniter\CodeIgniter->handleRequest(NULL, Object(Config\Cache), false)
#8 /var/www/current/public/index.php(37): CodeIgniter\CodeIgniter->run()
#9 {main}
CRITICAL - 2022-07-15 17:36:45 --> Undefined variable $data
#0 /var/www/current/app/Views/console/login/index.php(46): CodeIgniter\Debug\Exceptions->errorHandler(2, 'Undefined varia...', '/var/www/curren...', 46)
#1 /var/www/current/system/View/View.php(210): include('/var/www/curren...')
#2 /var/www/current/system/View/View.php(213): CodeIgniter\View\View->CodeIgniter\View\{closure}()
#3 /var/www/current/system/Common.php(1089): CodeIgniter\View\View->render('console/login/i...', Array, true)
#4 /var/www/current/app/Controllers/Console/Account.php(51): view('console/login/i...', Array)
#5 /var/www/current/system/CodeIgniter.php(825): App\Controllers\Console\Account->index()
#6 /var/www/current/system/CodeIgniter.php(412): CodeIgniter\CodeIgniter->runController(Object(App\Controllers\Console\Account))
#7 /var/www/current/system/CodeIgniter.php(320): CodeIgniter\CodeIgniter->handleRequest(NULL, Object(Config\Cache), false)
#8 /var/www/current/public/index.php(37): CodeIgniter\CodeIgniter->run()
#9 {main}
CRITICAL - 2022-07-15 17:37:59 --> Undefined variable $data
#0 /var/www/current/app/Views/console/login/index.php(46): CodeIgniter\Debug\Exceptions->errorHandler(2, 'Undefined varia...', '/var/www/curren...', 46)
#1 /var/www/current/system/View/View.php(210): include('/var/www/curren...')
#2 /var/www/current/system/View/View.php(213): CodeIgniter\View\View->CodeIgniter\View\{closure}()
#3 /var/www/current/system/Common.php(1089): CodeIgniter\View\View->render('console/login/i...', Array, true)
#4 /var/www/current/app/Controllers/Console/Account.php(51): view('console/login/i...', Array)
#5 /var/www/current/system/CodeIgniter.php(825): App\Controllers\Console\Account->index()
#6 /var/www/current/system/CodeIgniter.php(412): CodeIgniter\CodeIgniter->runController(Object(App\Controllers\Console\Account))
#7 /var/www/current/system/CodeIgniter.php(320): CodeIgniter\CodeIgniter->handleRequest(NULL, Object(Config\Cache), false)
#8 /var/www/current/public/index.php(37): CodeIgniter\CodeIgniter->run()
#9 {main}
CRITICAL - 2022-07-15 17:38:00 --> Undefined variable $data
#0 /var/www/current/app/Views/console/login/index.php(46): CodeIgniter\Debug\Exceptions->errorHandler(2, 'Undefined varia...', '/var/www/curren...', 46)
#1 /var/www/current/system/View/View.php(210): include('/var/www/curren...')
#2 /var/www/current/system/View/View.php(213): CodeIgniter\View\View->CodeIgniter\View\{closure}()
#3 /var/www/current/system/Common.php(1089): CodeIgniter\View\View->render('console/login/i...', Array, true)
#4 /var/www/current/app/Controllers/Console/Account.php(51): view('console/login/i...', Array)
#5 /var/www/current/system/CodeIgniter.php(825): App\Controllers\Console\Account->index()
#6 /var/www/current/system/CodeIgniter.php(412): CodeIgniter\CodeIgniter->runController(Object(App\Controllers\Console\Account))
#7 /var/www/current/system/CodeIgniter.php(320): CodeIgniter\CodeIgniter->handleRequest(NULL, Object(Config\Cache), false)
#8 /var/www/current/public/index.php(37): CodeIgniter\CodeIgniter->run()
#9 {main}
CRITICAL - 2022-07-15 17:38:01 --> Undefined variable $data
#0 /var/www/current/app/Views/console/login/index.php(46): CodeIgniter\Debug\Exceptions->errorHandler(2, 'Undefined varia...', '/var/www/curren...', 46)
#1 /var/www/current/system/View/View.php(210): include('/var/www/curren...')
#2 /var/www/current/system/View/View.php(213): CodeIgniter\View\View->CodeIgniter\View\{closure}()
#3 /var/www/current/system/Common.php(1089): CodeIgniter\View\View->render('console/login/i...', Array, true)
#4 /var/www/current/app/Controllers/Console/Account.php(51): view('console/login/i...', Array)
#5 /var/www/current/system/CodeIgniter.php(825): App\Controllers\Console\Account->index()
#6 /var/www/current/system/CodeIgniter.php(412): CodeIgniter\CodeIgniter->runController(Object(App\Controllers\Console\Account))
#7 /var/www/current/system/CodeIgniter.php(320): CodeIgniter\CodeIgniter->handleRequest(NULL, Object(Config\Cache), false)
#8 /var/www/current/public/index.php(37): CodeIgniter\CodeIgniter->run()
#9 {main}
CRITICAL - 2022-07-15 17:38:26 --> Undefined variable $data
#0 /var/www/current/app/Views/console/login/index.php(46): CodeIgniter\Debug\Exceptions->errorHandler(2, 'Undefined varia...', '/var/www/curren...', 46)
#1 /var/www/current/system/View/View.php(210): include('/var/www/curren...')
#2 /var/www/current/system/View/View.php(213): CodeIgniter\View\View->CodeIgniter\View\{closure}()
#3 /var/www/current/system/Common.php(1089): CodeIgniter\View\View->render('console/login/i...', Array, true)
#4 /var/www/current/app/Controllers/Console/Account.php(51): view('console/login/i...', Array)
#5 /var/www/current/system/CodeIgniter.php(825): App\Controllers\Console\Account->index()
#6 /var/www/current/system/CodeIgniter.php(412): CodeIgniter\CodeIgniter->runController(Object(App\Controllers\Console\Account))
#7 /var/www/current/system/CodeIgniter.php(320): CodeIgniter\CodeIgniter->handleRequest(NULL, Object(Config\Cache), false)
#8 /var/www/current/public/index.php(37): CodeIgniter\CodeIgniter->run()
#9 {main}
CRITICAL - 2022-07-15 17:42:41 --> Undefined variable $data
#0 /var/www/current/app/Views/console/login/index.php(46): CodeIgniter\Debug\Exceptions->errorHandler(2, 'Undefined varia...', '/var/www/curren...', 46)
#1 /var/www/current/system/View/View.php(210): include('/var/www/curren...')
#2 /var/www/current/system/View/View.php(213): CodeIgniter\View\View->CodeIgniter\View\{closure}()
#3 /var/www/current/system/Common.php(1089): CodeIgniter\View\View->render('console/login/i...', Array, true)
#4 /var/www/current/app/Controllers/Console/Account.php(51): view('console/login/i...', Array)
#5 /var/www/current/system/CodeIgniter.php(825): App\Controllers\Console\Account->index()
#6 /var/www/current/system/CodeIgniter.php(412): CodeIgniter\CodeIgniter->runController(Object(App\Controllers\Console\Account))
#7 /var/www/current/system/CodeIgniter.php(320): CodeIgniter\CodeIgniter->handleRequest(NULL, Object(Config\Cache), false)
#8 /var/www/current/public/index.php(37): CodeIgniter\CodeIgniter->run()
#9 {main}
CRITICAL - 2022-07-15 17:45:32 --> Undefined variable $data
#0 /var/www/current/app/Views/console/login/index.php(46): CodeIgniter\Debug\Exceptions->errorHandler(2, 'Undefined varia...', '/var/www/curren...', 46)
#1 /var/www/current/system/View/View.php(210): include('/var/www/curren...')
#2 /var/www/current/system/View/View.php(213): CodeIgniter\View\View->CodeIgniter\View\{closure}()
#3 /var/www/current/system/Common.php(1089): CodeIgniter\View\View->render('console/login/i...', Array, true)
#4 /var/www/current/app/Controllers/Console/Account.php(51): view('console/login/i...', Array)
#5 /var/www/current/system/CodeIgniter.php(825): App\Controllers\Console\Account->index()
#6 /var/www/current/system/CodeIgniter.php(412): CodeIgniter\CodeIgniter->runController(Object(App\Controllers\Console\Account))
#7 /var/www/current/system/CodeIgniter.php(320): CodeIgniter\CodeIgniter->handleRequest(NULL, Object(Config\Cache), false)
#8 /var/www/current/public/index.php(37): CodeIgniter\CodeIgniter->run()
#9 {main}
CRITICAL - 2022-07-15 17:45:40 --> Undefined array key "id"
#0 /var/www/current/app/Controllers/Console/Login.php(80): CodeIgniter\Debug\Exceptions->errorHandler(2, 'Undefined array...', '/var/www/curren...', 80)
#1 /var/www/current/system/CodeIgniter.php(825): App\Controllers\Console\Login->auth()
#2 /var/www/current/system/CodeIgniter.php(412): CodeIgniter\CodeIgniter->runController(Object(App\Controllers\Console\Login))
#3 /var/www/current/system/CodeIgniter.php(320): CodeIgniter\CodeIgniter->handleRequest(NULL, Object(Config\Cache), false)
#4 /var/www/current/public/index.php(37): CodeIgniter\CodeIgniter->run()
#5 {main}
CRITICAL - 2022-07-15 17:46:16 --> Undefined variable $data
#0 /var/www/current/app/Views/console/login/index.php(46): CodeIgniter\Debug\Exceptions->errorHandler(2, 'Undefined varia...', '/var/www/curren...', 46)
#1 /var/www/current/system/View/View.php(210): include('/var/www/curren...')
#2 /var/www/current/system/View/View.php(213): CodeIgniter\View\View->CodeIgniter\View\{closure}()
#3 /var/www/current/system/Common.php(1089): CodeIgniter\View\View->render('console/login/i...', Array, true)
#4 /var/www/current/app/Controllers/Console/Account.php(51): view('console/login/i...', Array)
#5 /var/www/current/system/CodeIgniter.php(825): App\Controllers\Console\Account->index()
#6 /var/www/current/system/CodeIgniter.php(412): CodeIgniter\CodeIgniter->runController(Object(App\Controllers\Console\Account))
#7 /var/www/current/system/CodeIgniter.php(320): CodeIgniter\CodeIgniter->handleRequest(NULL, Object(Config\Cache), false)
#8 /var/www/current/public/index.php(37): CodeIgniter\CodeIgniter->run()
#9 {main}
CRITICAL - 2022-07-15 17:47:47 --> Undefined variable $data
#0 /var/www/current/app/Views/console/login/index.php(46): CodeIgniter\Debug\Exceptions->errorHandler(2, 'Undefined varia...', '/var/www/curren...', 46)
#1 /var/www/current/system/View/View.php(210): include('/var/www/curren...')
#2 /var/www/current/system/View/View.php(213): CodeIgniter\View\View->CodeIgniter\View\{closure}()
#3 /var/www/current/system/Common.php(1089): CodeIgniter\View\View->render('console/login/i...', Array, true)
#4 /var/www/current/app/Controllers/Console/Account.php(51): view('console/login/i...', Array)
#5 /var/www/current/system/CodeIgniter.php(825): App\Controllers\Console\Account->index()
#6 /var/www/current/system/CodeIgniter.php(412): CodeIgniter\CodeIgniter->runController(Object(App\Controllers\Console\Account))
#7 /var/www/current/system/CodeIgniter.php(320): CodeIgniter\CodeIgniter->handleRequest(NULL, Object(Config\Cache), false)
#8 /var/www/current/public/index.php(37): CodeIgniter\CodeIgniter->run()
#9 {main}
CRITICAL - 2022-07-15 17:47:47 --> Undefined variable $data
#0 /var/www/current/app/Views/console/login/index.php(46): CodeIgniter\Debug\Exceptions->errorHandler(2, 'Undefined varia...', '/var/www/curren...', 46)
#1 /var/www/current/system/View/View.php(210): include('/var/www/curren...')
#2 /var/www/current/system/View/View.php(213): CodeIgniter\View\View->CodeIgniter\View\{closure}()
#3 /var/www/current/system/Common.php(1089): CodeIgniter\View\View->render('console/login/i...', Array, true)
#4 /var/www/current/app/Controllers/Console/Account.php(51): view('console/login/i...', Array)
#5 /var/www/current/system/CodeIgniter.php(825): App\Controllers\Console\Account->index()
#6 /var/www/current/system/CodeIgniter.php(412): CodeIgniter\CodeIgniter->runController(Object(App\Controllers\Console\Account))
#7 /var/www/current/system/CodeIgniter.php(320): CodeIgniter\CodeIgniter->handleRequest(NULL, Object(Config\Cache), false)
#8 /var/www/current/public/index.php(37): CodeIgniter\CodeIgniter->run()
#9 {main}
CRITICAL - 2022-07-15 17:47:48 --> Undefined variable $data
#0 /var/www/current/app/Views/console/login/index.php(46): CodeIgniter\Debug\Exceptions->errorHandler(2, 'Undefined varia...', '/var/www/curren...', 46)
#1 /var/www/current/system/View/View.php(210): include('/var/www/curren...')
#2 /var/www/current/system/View/View.php(213): CodeIgniter\View\View->CodeIgniter\View\{closure}()
#3 /var/www/current/system/Common.php(1089): CodeIgniter\View\View->render('console/login/i...', Array, true)
#4 /var/www/current/app/Controllers/Console/Account.php(51): view('console/login/i...', Array)
#5 /var/www/current/system/CodeIgniter.php(825): App\Controllers\Console\Account->index()
#6 /var/www/current/system/CodeIgniter.php(412): CodeIgniter\CodeIgniter->runController(Object(App\Controllers\Console\Account))
#7 /var/www/current/system/CodeIgniter.php(320): CodeIgniter\CodeIgniter->handleRequest(NULL, Object(Config\Cache), false)
#8 /var/www/current/public/index.php(37): CodeIgniter\CodeIgniter->run()
#9 {main}
CRITICAL - 2022-07-15 17:47:48 --> Undefined variable $data
#0 /var/www/current/app/Views/console/login/index.php(46): CodeIgniter\Debug\Exceptions->errorHandler(2, 'Undefined varia...', '/var/www/curren...', 46)
#1 /var/www/current/system/View/View.php(210): include('/var/www/curren...')
#2 /var/www/current/system/View/View.php(213): CodeIgniter\View\View->CodeIgniter\View\{closure}()
#3 /var/www/current/system/Common.php(1089): CodeIgniter\View\View->render('console/login/i...', Array, true)
#4 /var/www/current/app/Controllers/Console/Account.php(51): view('console/login/i...', Array)
#5 /var/www/current/system/CodeIgniter.php(825): App\Controllers\Console\Account->index()
#6 /var/www/current/system/CodeIgniter.php(412): CodeIgniter\CodeIgniter->runController(Object(App\Controllers\Console\Account))
#7 /var/www/current/system/CodeIgniter.php(320): CodeIgniter\CodeIgniter->handleRequest(NULL, Object(Config\Cache), false)
#8 /var/www/current/public/index.php(37): CodeIgniter\CodeIgniter->run()
#9 {main}
CRITICAL - 2022-07-15 17:48:32 --> Undefined variable $data
#0 /var/www/current/app/Views/console/login/index.php(46): CodeIgniter\Debug\Exceptions->errorHandler(2, 'Undefined varia...', '/var/www/curren...', 46)
#1 /var/www/current/system/View/View.php(210): include('/var/www/curren...')
#2 /var/www/current/system/View/View.php(213): CodeIgniter\View\View->CodeIgniter\View\{closure}()
#3 /var/www/current/system/Common.php(1089): CodeIgniter\View\View->render('console/login/i...', Array, true)
#4 /var/www/current/app/Controllers/Console/Account.php(51): view('console/login/i...', Array)
#5 /var/www/current/system/CodeIgniter.php(825): App\Controllers\Console\Account->index()
#6 /var/www/current/system/CodeIgniter.php(412): CodeIgniter\CodeIgniter->runController(Object(App\Controllers\Console\Account))
#7 /var/www/current/system/CodeIgniter.php(320): CodeIgniter\CodeIgniter->handleRequest(NULL, Object(Config\Cache), false)
#8 /var/www/current/public/index.php(37): CodeIgniter\CodeIgniter->run()
#9 {main}
CRITICAL - 2022-07-15 17:49:20 --> Undefined variable $data
#0 /var/www/current/app/Views/console/login/index.php(46): CodeIgniter\Debug\Exceptions->errorHandler(2, 'Undefined varia...', '/var/www/curren...', 46)
#1 /var/www/current/system/View/View.php(210): include('/var/www/curren...')
#2 /var/www/current/system/View/View.php(213): CodeIgniter\View\View->CodeIgniter\View\{closure}()
#3 /var/www/current/system/Common.php(1089): CodeIgniter\View\View->render('console/login/i...', Array, true)
#4 /var/www/current/app/Controllers/Console/Account.php(51): view('console/login/i...', Array)
#5 /var/www/current/system/CodeIgniter.php(825): App\Controllers\Console\Account->index()
#6 /var/www/current/system/CodeIgniter.php(412): CodeIgniter\CodeIgniter->runController(Object(App\Controllers\Console\Account))
#7 /var/www/current/system/CodeIgniter.php(320): CodeIgniter\CodeIgniter->handleRequest(NULL, Object(Config\Cache), false)
#8 /var/www/current/public/index.php(37): CodeIgniter\CodeIgniter->run()
#9 {main}
CRITICAL - 2022-07-15 17:49:21 --> Undefined variable $data
#0 /var/www/current/app/Views/console/login/index.php(46): CodeIgniter\Debug\Exceptions->errorHandler(2, 'Undefined varia...', '/var/www/curren...', 46)
#1 /var/www/current/system/View/View.php(210): include('/var/www/curren...')
#2 /var/www/current/system/View/View.php(213): CodeIgniter\View\View->CodeIgniter\View\{closure}()
#3 /var/www/current/system/Common.php(1089): CodeIgniter\View\View->render('console/login/i...', Array, true)
#4 /var/www/current/app/Controllers/Console/Account.php(51): view('console/login/i...', Array)
#5 /var/www/current/system/CodeIgniter.php(825): App\Controllers\Console\Account->index()
#6 /var/www/current/system/CodeIgniter.php(412): CodeIgniter\CodeIgniter->runController(Object(App\Controllers\Console\Account))
#7 /var/www/current/system/CodeIgniter.php(320): CodeIgniter\CodeIgniter->handleRequest(NULL, Object(Config\Cache), false)
#8 /var/www/current/public/index.php(37): CodeIgniter\CodeIgniter->run()
#9 {main}
CRITICAL - 2022-07-15 17:49:28 --> Undefined variable $data
#0 /var/www/current/app/Views/console/login/index.php(46): CodeIgniter\Debug\Exceptions->errorHandler(2, 'Undefined varia...', '/var/www/curren...', 46)
#1 /var/www/current/system/View/View.php(210): include('/var/www/curren...')
#2 /var/www/current/system/View/View.php(213): CodeIgniter\View\View->CodeIgniter\View\{closure}()
#3 /var/www/current/system/Common.php(1089): CodeIgniter\View\View->render('console/login/i...', Array, true)
#4 /var/www/current/app/Controllers/Console/Account.php(51): view('console/login/i...', Array)
#5 /var/www/current/system/CodeIgniter.php(825): App\Controllers\Console\Account->index()
#6 /var/www/current/system/CodeIgniter.php(412): CodeIgniter\CodeIgniter->runController(Object(App\Controllers\Console\Account))
#7 /var/www/current/system/CodeIgniter.php(320): CodeIgniter\CodeIgniter->handleRequest(NULL, Object(Config\Cache), false)
#8 /var/www/current/public/index.php(37): CodeIgniter\CodeIgniter->run()
#9 {main}
CRITICAL - 2022-07-15 17:49:59 --> Undefined variable $data
#0 /var/www/current/app/Views/console/login/index.php(46): CodeIgniter\Debug\Exceptions->errorHandler(2, 'Undefined varia...', '/var/www/curren...', 46)
#1 /var/www/current/system/View/View.php(210): include('/var/www/curren...')
#2 /var/www/current/system/View/View.php(213): CodeIgniter\View\View->CodeIgniter\View\{closure}()
#3 /var/www/current/system/Common.php(1089): CodeIgniter\View\View->render('console/login/i...', Array, true)
#4 /var/www/current/app/Controllers/Console/Account.php(51): view('console/login/i...', Array)
#5 /var/www/current/system/CodeIgniter.php(825): App\Controllers\Console\Account->index()
#6 /var/www/current/system/CodeIgniter.php(412): CodeIgniter\CodeIgniter->runController(Object(App\Controllers\Console\Account))
#7 /var/www/current/system/CodeIgniter.php(320): CodeIgniter\CodeIgniter->handleRequest(NULL, Object(Config\Cache), false)
#8 /var/www/current/public/index.php(37): CodeIgniter\CodeIgniter->run()
#9 {main}
CRITICAL - 2022-07-15 17:50:47 --> Undefined variable $data
#0 /var/www/current/app/Views/console/login/index.php(46): CodeIgniter\Debug\Exceptions->errorHandler(2, 'Undefined varia...', '/var/www/curren...', 46)
#1 /var/www/current/system/View/View.php(210): include('/var/www/curren...')
#2 /var/www/current/system/View/View.php(213): CodeIgniter\View\View->CodeIgniter\View\{closure}()
#3 /var/www/current/system/Common.php(1089): CodeIgniter\View\View->render('console/login/i...', Array, true)
#4 /var/www/current/app/Controllers/Console/Account.php(51): view('console/login/i...', Array)
#5 /var/www/current/system/CodeIgniter.php(825): App\Controllers\Console\Account->index()
#6 /var/www/current/system/CodeIgniter.php(412): CodeIgniter\CodeIgniter->runController(Object(App\Controllers\Console\Account))
#7 /var/www/current/system/CodeIgniter.php(320): CodeIgniter\CodeIgniter->handleRequest(NULL, Object(Config\Cache), false)
#8 /var/www/current/public/index.php(37): CodeIgniter\CodeIgniter->run()
#9 {main}
CRITICAL - 2022-07-15 17:51:31 --> Undefined variable $data
#0 /var/www/current/app/Views/console/login/index.php(46): CodeIgniter\Debug\Exceptions->errorHandler(2, 'Undefined varia...', '/var/www/curren...', 46)
#1 /var/www/current/system/View/View.php(210): include('/var/www/curren...')
#2 /var/www/current/system/View/View.php(213): CodeIgniter\View\View->CodeIgniter\View\{closure}()
#3 /var/www/current/system/Common.php(1089): CodeIgniter\View\View->render('console/login/i...', Array, true)
#4 /var/www/current/app/Controllers/Console/Account.php(51): view('console/login/i...', Array)
#5 /var/www/current/system/CodeIgniter.php(825): App\Controllers\Console\Account->index()
#6 /var/www/current/system/CodeIgniter.php(412): CodeIgniter\CodeIgniter->runController(Object(App\Controllers\Console\Account))
#7 /var/www/current/system/CodeIgniter.php(320): CodeIgniter\CodeIgniter->handleRequest(NULL, Object(Config\Cache), false)
#8 /var/www/current/public/index.php(37): CodeIgniter\CodeIgniter->run()
#9 {main}
CRITICAL - 2022-07-15 17:51:33 --> Undefined variable $data
#0 /var/www/current/app/Views/console/login/index.php(46): CodeIgniter\Debug\Exceptions->errorHandler(2, 'Undefined varia...', '/var/www/curren...', 46)
#1 /var/www/current/system/View/View.php(210): include('/var/www/curren...')
#2 /var/www/current/system/View/View.php(213): CodeIgniter\View\View->CodeIgniter\View\{closure}()
#3 /var/www/current/system/Common.php(1089): CodeIgniter\View\View->render('console/login/i...', Array, true)
#4 /var/www/current/app/Controllers/Console/Account.php(51): view('console/login/i...', Array)
#5 /var/www/current/system/CodeIgniter.php(825): App\Controllers\Console\Account->index()
#6 /var/www/current/system/CodeIgniter.php(412): CodeIgniter\CodeIgniter->runController(Object(App\Controllers\Console\Account))
#7 /var/www/current/system/CodeIgniter.php(320): CodeIgniter\CodeIgniter->handleRequest(NULL, Object(Config\Cache), false)
#8 /var/www/current/public/index.php(37): CodeIgniter\CodeIgniter->run()
#9 {main}
