CRITICAL - 2022-06-10 11:29:53 --> Undefined variable $accounts
#0 /var/www/current/app/Views/account/index.php(109): CodeIgniter\Debug\Exceptions->errorHandler(2, 'Undefined varia...', '/var/www/curren...', 109)
#1 /var/www/current/system/View/View.php(210): include('/var/www/curren...')
#2 /var/www/current/system/View/View.php(213): CodeIgniter\View\View->CodeIgniter\View\{closure}()
#3 /var/www/current/system/Common.php(1089): CodeIgniter\View\View->render('account/index.p...', Array, true)
#4 /var/www/current/app/Controllers/Console/Account.php(69): view('account/index.p...')
#5 /var/www/current/system/CodeIgniter.php(825): App\Controllers\Console\Account->auth()
#6 /var/www/current/system/CodeIgniter.php(412): CodeIgniter\CodeIgniter->runController(Object(App\Controllers\Console\Account))
#7 /var/www/current/system/CodeIgniter.php(320): CodeIgniter\CodeIgniter->handleRequest(NULL, Object(Config\Cache), false)
#8 /var/www/current/htdocs/index.php(37): CodeIgniter\CodeIgniter->run()
#9 {main}
CRITICAL - 2022-06-10 11:30:13 --> Undefined array key "email"
#0 /var/www/current/app/Controllers/Console/Account.php(62): CodeIgniter\Debug\Exceptions->errorHandler(2, 'Undefined array...', '/var/www/curren...', 62)
#1 /var/www/current/system/CodeIgniter.php(825): App\Controllers\Console\Account->auth()
#2 /var/www/current/system/CodeIgniter.php(412): CodeIgniter\CodeIgniter->runController(Object(App\Controllers\Console\Account))
#3 /var/www/current/system/CodeIgniter.php(320): CodeIgniter\CodeIgniter->handleRequest(NULL, Object(Config\Cache), false)
#4 /var/www/current/htdocs/index.php(37): CodeIgniter\CodeIgniter->run()
#5 {main}
CRITICAL - 2022-06-10 11:30:27 --> App\Models\AccountModel::getAuth(): Return value must be of type array, null returned
#0 /var/www/current/app/Controllers/Console/Account.php(66): App\Models\AccountModel->getAuth('')
#1 /var/www/current/system/CodeIgniter.php(825): App\Controllers\Console\Account->auth()
#2 /var/www/current/system/CodeIgniter.php(412): CodeIgniter\CodeIgniter->runController(Object(App\Controllers\Console\Account))
#3 /var/www/current/system/CodeIgniter.php(320): CodeIgniter\CodeIgniter->handleRequest(NULL, Object(Config\Cache), false)
#4 /var/www/current/htdocs/index.php(37): CodeIgniter\CodeIgniter->run()
#5 {main}
CRITICAL - 2022-06-10 11:30:57 --> Undefined variable $accounts
#0 /var/www/current/app/Views/account/index.php(109): CodeIgniter\Debug\Exceptions->errorHandler(2, 'Undefined varia...', '/var/www/curren...', 109)
#1 /var/www/current/system/View/View.php(210): include('/var/www/curren...')
#2 /var/www/current/system/View/View.php(213): CodeIgniter\View\View->CodeIgniter\View\{closure}()
#3 /var/www/current/system/Common.php(1089): CodeIgniter\View\View->render('account/index.p...', Array, true)
#4 /var/www/current/app/Controllers/Console/Account.php(69): view('account/index.p...')
#5 /var/www/current/system/CodeIgniter.php(825): App\Controllers\Console\Account->auth()
#6 /var/www/current/system/CodeIgniter.php(412): CodeIgniter\CodeIgniter->runController(Object(App\Controllers\Console\Account))
#7 /var/www/current/system/CodeIgniter.php(320): CodeIgniter\CodeIgniter->handleRequest(NULL, Object(Config\Cache), false)
#8 /var/www/current/htdocs/index.php(37): CodeIgniter\CodeIgniter->run()
#9 {main}
CRITICAL - 2022-06-10 11:31:46 --> Undefined variable $accounts
#0 /var/www/current/app/Views/account/index.php(109): CodeIgniter\Debug\Exceptions->errorHandler(2, 'Undefined varia...', '/var/www/curren...', 109)
#1 /var/www/current/system/View/View.php(210): include('/var/www/curren...')
#2 /var/www/current/system/View/View.php(213): CodeIgniter\View\View->CodeIgniter\View\{closure}()
#3 /var/www/current/system/Common.php(1089): CodeIgniter\View\View->render('account/index.p...', Array, true)
#4 /var/www/current/app/Controllers/Console/Account.php(69): view('account/index.p...')
#5 /var/www/current/system/CodeIgniter.php(825): App\Controllers\Console\Account->auth()
#6 /var/www/current/system/CodeIgniter.php(412): CodeIgniter\CodeIgniter->runController(Object(App\Controllers\Console\Account))
#7 /var/www/current/system/CodeIgniter.php(320): CodeIgniter\CodeIgniter->handleRequest(NULL, Object(Config\Cache), false)
#8 /var/www/current/htdocs/index.php(37): CodeIgniter\CodeIgniter->run()
#9 {main}
CRITICAL - 2022-06-10 11:54:24 --> Invalid file: account/login.php
#0 /var/www/current/system/View/View.php(198): CodeIgniter\Exceptions\FrameworkException::forInvalidFile('account/login.p...')
#1 /var/www/current/system/Common.php(1089): CodeIgniter\View\View->render('account/login.p...', Array, true)
#2 /var/www/current/app/Controllers/Console/Account.php(52): view('account/login.p...', Array)
#3 /var/www/current/system/CodeIgniter.php(825): App\Controllers\Console\Account->login()
#4 /var/www/current/system/CodeIgniter.php(412): CodeIgniter\CodeIgniter->runController(Object(App\Controllers\Console\Account))
#5 /var/www/current/system/CodeIgniter.php(320): CodeIgniter\CodeIgniter->handleRequest(NULL, Object(Config\Cache), false)
#6 /var/www/current/htdocs/index.php(37): CodeIgniter\CodeIgniter->run()
#7 {main}
CRITICAL - 2022-06-10 11:54:27 --> Invalid file: account/login.php
#0 /var/www/current/system/View/View.php(198): CodeIgniter\Exceptions\FrameworkException::forInvalidFile('account/login.p...')
#1 /var/www/current/system/Common.php(1089): CodeIgniter\View\View->render('account/login.p...', Array, true)
#2 /var/www/current/app/Controllers/Console/Account.php(52): view('account/login.p...', Array)
#3 /var/www/current/system/CodeIgniter.php(825): App\Controllers\Console\Account->login()
#4 /var/www/current/system/CodeIgniter.php(412): CodeIgniter\CodeIgniter->runController(Object(App\Controllers\Console\Account))
#5 /var/www/current/system/CodeIgniter.php(320): CodeIgniter\CodeIgniter->handleRequest(NULL, Object(Config\Cache), false)
#6 /var/www/current/htdocs/index.php(37): CodeIgniter\CodeIgniter->run()
#7 {main}
CRITICAL - 2022-06-10 11:54:55 --> Invalid file: account/login.php
#0 /var/www/current/system/View/View.php(198): CodeIgniter\Exceptions\FrameworkException::forInvalidFile('account/login.p...')
#1 /var/www/current/system/Common.php(1089): CodeIgniter\View\View->render('account/login.p...', Array, true)
#2 /var/www/current/app/Controllers/Console/Account.php(48): view('account/login.p...', Array)
#3 /var/www/current/system/CodeIgniter.php(825): App\Controllers\Console\Account->login()
#4 /var/www/current/system/CodeIgniter.php(412): CodeIgniter\CodeIgniter->runController(Object(App\Controllers\Console\Account))
#5 /var/www/current/system/CodeIgniter.php(320): CodeIgniter\CodeIgniter->handleRequest(NULL, Object(Config\Cache), false)
#6 /var/www/current/htdocs/index.php(37): CodeIgniter\CodeIgniter->run()
#7 {main}
CRITICAL - 2022-06-10 11:56:31 --> Invalid file: Conssole/account/login.php
#0 /var/www/current/system/View/View.php(198): CodeIgniter\Exceptions\FrameworkException::forInvalidFile('Conssole/accoun...')
#1 /var/www/current/system/Common.php(1089): CodeIgniter\View\View->render('Conssole/accoun...', Array, true)
#2 /var/www/current/app/Controllers/Console/Account.php(48): view('Conssole/accoun...', Array)
#3 /var/www/current/system/CodeIgniter.php(825): App\Controllers\Console\Account->login()
#4 /var/www/current/system/CodeIgniter.php(412): CodeIgniter\CodeIgniter->runController(Object(App\Controllers\Console\Account))
#5 /var/www/current/system/CodeIgniter.php(320): CodeIgniter\CodeIgniter->handleRequest(NULL, Object(Config\Cache), false)
#6 /var/www/current/htdocs/index.php(37): CodeIgniter\CodeIgniter->run()
#7 {main}
CRITICAL - 2022-06-10 12:32:47 --> Unclosed '{' on line 290
#0 /var/www/current/system/Router/Router.php(175): CodeIgniter\Router\Router->autoRoute('Console/Account...')
#1 /var/www/current/system/CodeIgniter.php(719): CodeIgniter\Router\Router->handle('Console/Account...')
#2 /var/www/current/system/CodeIgniter.php(361): CodeIgniter\CodeIgniter->tryToRouteIt(Object(CodeIgniter\Router\RouteCollection))
#3 /var/www/current/system/CodeIgniter.php(320): CodeIgniter\CodeIgniter->handleRequest(NULL, Object(Config\Cache), false)
#4 /var/www/current/htdocs/index.php(37): CodeIgniter\CodeIgniter->run()
#5 {main}
CRITICAL - 2022-06-10 12:33:47 --> Undefined variable $accounts
#0 /var/www/current/app/Views/Console/account/index.php(109): CodeIgniter\Debug\Exceptions->errorHandler(2, 'Undefined varia...', '/var/www/curren...', 109)
#1 /var/www/current/system/View/View.php(210): include('/var/www/curren...')
#2 /var/www/current/system/View/View.php(213): CodeIgniter\View\View->CodeIgniter\View\{closure}()
#3 /var/www/current/system/Common.php(1089): CodeIgniter\View\View->render('Console/account...', Array, true)
#4 /var/www/current/app/Controllers/Console/Account.php(73): view('Console/account...')
#5 /var/www/current/system/CodeIgniter.php(825): App\Controllers\Console\Account->auth()
#6 /var/www/current/system/CodeIgniter.php(412): CodeIgniter\CodeIgniter->runController(Object(App\Controllers\Console\Account))
#7 /var/www/current/system/CodeIgniter.php(320): CodeIgniter\CodeIgniter->handleRequest(NULL, Object(Config\Cache), false)
#8 /var/www/current/htdocs/index.php(37): CodeIgniter\CodeIgniter->run()
#9 {main}
CRITICAL - 2022-06-10 12:35:34 --> Cannot access offset of type string on string
#0 /var/www/current/system/View/View.php(210): include()
#1 /var/www/current/system/View/View.php(213): CodeIgniter\View\View->CodeIgniter\View\{closure}()
#2 /var/www/current/system/Common.php(1089): CodeIgniter\View\View->render('Console/account...', Array, true)
#3 /var/www/current/app/Controllers/Console/Account.php(79): view('Console/account...', Array)
#4 /var/www/current/system/CodeIgniter.php(825): App\Controllers\Console\Account->auth()
#5 /var/www/current/system/CodeIgniter.php(412): CodeIgniter\CodeIgniter->runController(Object(App\Controllers\Console\Account))
#6 /var/www/current/system/CodeIgniter.php(320): CodeIgniter\CodeIgniter->handleRequest(NULL, Object(Config\Cache), false)
#7 /var/www/current/htdocs/index.php(37): CodeIgniter\CodeIgniter->run()
#8 {main}
CRITICAL - 2022-06-10 12:37:01 --> Invalid file: console/account/auth.php
#0 /var/www/current/system/View/View.php(198): CodeIgniter\Exceptions\FrameworkException::forInvalidFile('console/account...')
#1 /var/www/current/system/Common.php(1089): CodeIgniter\View\View->render('console/account...', Array, true)
#2 /var/www/current/app/Controllers/Console/Account.php(79): view('console/account...', Array)
#3 /var/www/current/system/CodeIgniter.php(825): App\Controllers\Console\Account->auth()
#4 /var/www/current/system/CodeIgniter.php(412): CodeIgniter\CodeIgniter->runController(Object(App\Controllers\Console\Account))
#5 /var/www/current/system/CodeIgniter.php(320): CodeIgniter\CodeIgniter->handleRequest(NULL, Object(Config\Cache), false)
#6 /var/www/current/htdocs/index.php(37): CodeIgniter\CodeIgniter->run()
#7 {main}
CRITICAL - 2022-06-10 12:37:18 --> syntax error, unexpected string content "Console/Account/inde"
#0 /var/www/current/system/Router/Router.php(175): CodeIgniter\Router\Router->autoRoute('Console/Account...')
#1 /var/www/current/system/CodeIgniter.php(719): CodeIgniter\Router\Router->handle('Console/Account...')
#2 /var/www/current/system/CodeIgniter.php(361): CodeIgniter\CodeIgniter->tryToRouteIt(Object(CodeIgniter\Router\RouteCollection))
#3 /var/www/current/system/CodeIgniter.php(320): CodeIgniter\CodeIgniter->handleRequest(NULL, Object(Config\Cache), false)
#4 /var/www/current/htdocs/index.php(37): CodeIgniter\CodeIgniter->run()
#5 {main}
CRITICAL - 2022-06-10 12:40:22 --> Cannot access offset of type string on string
#0 /var/www/current/system/View/View.php(210): include()
#1 /var/www/current/system/View/View.php(213): CodeIgniter\View\View->CodeIgniter\View\{closure}()
#2 /var/www/current/system/Common.php(1089): CodeIgniter\View\View->render('Console/account...', Array, true)
#3 /var/www/current/app/Controllers/Console/Account.php(78): view('Console/account...', Array)
#4 /var/www/current/system/CodeIgniter.php(825): App\Controllers\Console\Account->auth()
#5 /var/www/current/system/CodeIgniter.php(412): CodeIgniter\CodeIgniter->runController(Object(App\Controllers\Console\Account))
#6 /var/www/current/system/CodeIgniter.php(320): CodeIgniter\CodeIgniter->handleRequest(NULL, Object(Config\Cache), false)
#7 /var/www/current/htdocs/index.php(37): CodeIgniter\CodeIgniter->run()
#8 {main}
CRITICAL - 2022-06-10 12:45:48 --> Cannot access offset of type string on string
#0 /var/www/current/system/View/View.php(210): include()
#1 /var/www/current/system/View/View.php(213): CodeIgniter\View\View->CodeIgniter\View\{closure}()
#2 /var/www/current/system/Common.php(1089): CodeIgniter\View\View->render('Console/account...', Array, true)
#3 /var/www/current/app/Controllers/Console/Account.php(82): view('Console/account...', Array)
#4 /var/www/current/system/CodeIgniter.php(825): App\Controllers\Console\Account->auth()
#5 /var/www/current/system/CodeIgniter.php(412): CodeIgniter\CodeIgniter->runController(Object(App\Controllers\Console\Account))
#6 /var/www/current/system/CodeIgniter.php(320): CodeIgniter\CodeIgniter->handleRequest(NULL, Object(Config\Cache), false)
#7 /var/www/current/htdocs/index.php(37): CodeIgniter\CodeIgniter->run()
#8 {main}
CRITICAL - 2022-06-10 12:51:00 --> Undefined array key "email"
#0 /var/www/current/app/Controllers/Console/Account.php(67): CodeIgniter\Debug\Exceptions->errorHandler(2, 'Undefined array...', '/var/www/curren...', 67)
#1 /var/www/current/system/CodeIgniter.php(825): App\Controllers\Console\Account->auth()
#2 /var/www/current/system/CodeIgniter.php(412): CodeIgniter\CodeIgniter->runController(Object(App\Controllers\Console\Account))
#3 /var/www/current/system/CodeIgniter.php(320): CodeIgniter\CodeIgniter->handleRequest(NULL, Object(Config\Cache), false)
#4 /var/www/current/htdocs/index.php(37): CodeIgniter\CodeIgniter->run()
#5 {main}
CRITICAL - 2022-06-10 12:51:05 --> Cannot access offset of type string on string
#0 /var/www/current/system/View/View.php(210): include()
#1 /var/www/current/system/View/View.php(213): CodeIgniter\View\View->CodeIgniter\View\{closure}()
#2 /var/www/current/system/Common.php(1089): CodeIgniter\View\View->render('Console/account...', Array, true)
#3 /var/www/current/app/Controllers/Console/Account.php(82): view('Console/account...', Array)
#4 /var/www/current/system/CodeIgniter.php(825): App\Controllers\Console\Account->auth()
#5 /var/www/current/system/CodeIgniter.php(412): CodeIgniter\CodeIgniter->runController(Object(App\Controllers\Console\Account))
#6 /var/www/current/system/CodeIgniter.php(320): CodeIgniter\CodeIgniter->handleRequest(NULL, Object(Config\Cache), false)
#7 /var/www/current/htdocs/index.php(37): CodeIgniter\CodeIgniter->run()
#8 {main}
CRITICAL - 2022-06-10 12:56:33 --> Cannot access offset of type string on string
#0 /var/www/current/system/View/View.php(210): include()
#1 /var/www/current/system/View/View.php(213): CodeIgniter\View\View->CodeIgniter\View\{closure}()
#2 /var/www/current/system/Common.php(1089): CodeIgniter\View\View->render('Console/account...', Array, true)
#3 /var/www/current/app/Controllers/Console/Account.php(82): view('Console/account...', Array)
#4 /var/www/current/system/CodeIgniter.php(825): App\Controllers\Console\Account->auth()
#5 /var/www/current/system/CodeIgniter.php(412): CodeIgniter\CodeIgniter->runController(Object(App\Controllers\Console\Account))
#6 /var/www/current/system/CodeIgniter.php(320): CodeIgniter\CodeIgniter->handleRequest(NULL, Object(Config\Cache), false)
#7 /var/www/current/htdocs/index.php(37): CodeIgniter\CodeIgniter->run()
#8 {main}
CRITICAL - 2022-06-10 13:01:14 --> Cannot access offset of type string on string
#0 /var/www/current/system/View/View.php(210): include()
#1 /var/www/current/system/View/View.php(213): CodeIgniter\View\View->CodeIgniter\View\{closure}()
#2 /var/www/current/system/Common.php(1089): CodeIgniter\View\View->render('Console/account...', Array, true)
#3 /var/www/current/app/Controllers/Console/Account.php(82): view('Console/account...', Array)
#4 /var/www/current/system/CodeIgniter.php(825): App\Controllers\Console\Account->auth()
#5 /var/www/current/system/CodeIgniter.php(412): CodeIgniter\CodeIgniter->runController(Object(App\Controllers\Console\Account))
#6 /var/www/current/system/CodeIgniter.php(320): CodeIgniter\CodeIgniter->handleRequest(NULL, Object(Config\Cache), false)
#7 /var/www/current/htdocs/index.php(37): CodeIgniter\CodeIgniter->run()
#8 {main}
CRITICAL - 2022-06-10 13:08:49 --> Cannot access offset of type string on string
#0 /var/www/current/system/View/View.php(210): include()
#1 /var/www/current/system/View/View.php(213): CodeIgniter\View\View->CodeIgniter\View\{closure}()
#2 /var/www/current/system/Common.php(1089): CodeIgniter\View\View->render('Console/account...', Array, true)
#3 /var/www/current/app/Controllers/Console/Account.php(82): view('Console/account...', Array)
#4 /var/www/current/system/CodeIgniter.php(825): App\Controllers\Console\Account->auth()
#5 /var/www/current/system/CodeIgniter.php(412): CodeIgniter\CodeIgniter->runController(Object(App\Controllers\Console\Account))
#6 /var/www/current/system/CodeIgniter.php(320): CodeIgniter\CodeIgniter->handleRequest(NULL, Object(Config\Cache), false)
#7 /var/www/current/htdocs/index.php(37): CodeIgniter\CodeIgniter->run()
#8 {main}
CRITICAL - 2022-06-10 13:10:07 --> Cannot access offset of type string on string
#0 /var/www/current/system/View/View.php(210): include()
#1 /var/www/current/system/View/View.php(213): CodeIgniter\View\View->CodeIgniter\View\{closure}()
#2 /var/www/current/system/Common.php(1089): CodeIgniter\View\View->render('Console/account...', Array, true)
#3 /var/www/current/app/Controllers/Console/Account.php(82): view('Console/account...', Array)
#4 /var/www/current/system/CodeIgniter.php(825): App\Controllers\Console\Account->auth()
#5 /var/www/current/system/CodeIgniter.php(412): CodeIgniter\CodeIgniter->runController(Object(App\Controllers\Console\Account))
#6 /var/www/current/system/CodeIgniter.php(320): CodeIgniter\CodeIgniter->handleRequest(NULL, Object(Config\Cache), false)
#7 /var/www/current/htdocs/index.php(37): CodeIgniter\CodeIgniter->run()
#8 {main}
CRITICAL - 2022-06-10 13:12:14 --> Undefined array key "email"
#0 /var/www/current/app/Controllers/Console/Account.php(67): CodeIgniter\Debug\Exceptions->errorHandler(2, 'Undefined array...', '/var/www/curren...', 67)
#1 /var/www/current/system/CodeIgniter.php(825): App\Controllers\Console\Account->auth()
#2 /var/www/current/system/CodeIgniter.php(412): CodeIgniter\CodeIgniter->runController(Object(App\Controllers\Console\Account))
#3 /var/www/current/system/CodeIgniter.php(320): CodeIgniter\CodeIgniter->handleRequest(NULL, Object(Config\Cache), false)
#4 /var/www/current/htdocs/index.php(37): CodeIgniter\CodeIgniter->run()
#5 {main}
CRITICAL - 2022-06-10 13:12:18 --> Undefined array key "email"
#0 /var/www/current/app/Controllers/Console/Account.php(67): CodeIgniter\Debug\Exceptions->errorHandler(2, 'Undefined array...', '/var/www/curren...', 67)
#1 /var/www/current/system/CodeIgniter.php(825): App\Controllers\Console\Account->auth()
#2 /var/www/current/system/CodeIgniter.php(412): CodeIgniter\CodeIgniter->runController(Object(App\Controllers\Console\Account))
#3 /var/www/current/system/CodeIgniter.php(320): CodeIgniter\CodeIgniter->handleRequest(NULL, Object(Config\Cache), false)
#4 /var/www/current/htdocs/index.php(37): CodeIgniter\CodeIgniter->run()
#5 {main}
CRITICAL - 2022-06-10 13:12:40 --> Undefined array key "email"
#0 /var/www/current/app/Controllers/Console/Account.php(67): CodeIgniter\Debug\Exceptions->errorHandler(2, 'Undefined array...', '/var/www/curren...', 67)
#1 /var/www/current/system/CodeIgniter.php(825): App\Controllers\Console\Account->auth()
#2 /var/www/current/system/CodeIgniter.php(412): CodeIgniter\CodeIgniter->runController(Object(App\Controllers\Console\Account))
#3 /var/www/current/system/CodeIgniter.php(320): CodeIgniter\CodeIgniter->handleRequest(NULL, Object(Config\Cache), false)
#4 /var/www/current/htdocs/index.php(37): CodeIgniter\CodeIgniter->run()
#5 {main}
CRITICAL - 2022-06-10 13:12:45 --> Cannot access offset of type string on string
#0 /var/www/current/system/View/View.php(210): include()
#1 /var/www/current/system/View/View.php(213): CodeIgniter\View\View->CodeIgniter\View\{closure}()
#2 /var/www/current/system/Common.php(1089): CodeIgniter\View\View->render('Console/account...', Array, true)
#3 /var/www/current/app/Controllers/Console/Account.php(82): view('Console/account...', Array)
#4 /var/www/current/system/CodeIgniter.php(825): App\Controllers\Console\Account->auth()
#5 /var/www/current/system/CodeIgniter.php(412): CodeIgniter\CodeIgniter->runController(Object(App\Controllers\Console\Account))
#6 /var/www/current/system/CodeIgniter.php(320): CodeIgniter\CodeIgniter->handleRequest(NULL, Object(Config\Cache), false)
#7 /var/www/current/htdocs/index.php(37): CodeIgniter\CodeIgniter->run()
#8 {main}
CRITICAL - 2022-06-10 13:23:28 --> Cannot access offset of type string on string
#0 /var/www/current/system/View/View.php(210): include()
#1 /var/www/current/system/View/View.php(213): CodeIgniter\View\View->CodeIgniter\View\{closure}()
#2 /var/www/current/system/Common.php(1089): CodeIgniter\View\View->render('Console/account...', Array, true)
#3 /var/www/current/app/Controllers/Console/Account.php(82): view('Console/account...', Array)
#4 /var/www/current/system/CodeIgniter.php(825): App\Controllers\Console\Account->auth()
#5 /var/www/current/system/CodeIgniter.php(412): CodeIgniter\CodeIgniter->runController(Object(App\Controllers\Console\Account))
#6 /var/www/current/system/CodeIgniter.php(320): CodeIgniter\CodeIgniter->handleRequest(NULL, Object(Config\Cache), false)
#7 /var/www/current/htdocs/index.php(37): CodeIgniter\CodeIgniter->run()
#8 {main}
CRITICAL - 2022-06-10 13:26:18 --> Cannot access offset of type string on string
#0 /var/www/current/system/View/View.php(210): include()
#1 /var/www/current/system/View/View.php(213): CodeIgniter\View\View->CodeIgniter\View\{closure}()
#2 /var/www/current/system/Common.php(1089): CodeIgniter\View\View->render('Console/account...', Array, true)
#3 /var/www/current/app/Controllers/Console/Account.php(82): view('Console/account...', Array)
#4 /var/www/current/system/CodeIgniter.php(825): App\Controllers\Console\Account->auth()
#5 /var/www/current/system/CodeIgniter.php(412): CodeIgniter\CodeIgniter->runController(Object(App\Controllers\Console\Account))
#6 /var/www/current/system/CodeIgniter.php(320): CodeIgniter\CodeIgniter->handleRequest(NULL, Object(Config\Cache), false)
#7 /var/www/current/htdocs/index.php(37): CodeIgniter\CodeIgniter->run()
#8 {main}
CRITICAL - 2022-06-10 13:28:06 --> Cannot access offset of type string on string
#0 /var/www/current/system/View/View.php(210): include()
#1 /var/www/current/system/View/View.php(213): CodeIgniter\View\View->CodeIgniter\View\{closure}()
#2 /var/www/current/system/Common.php(1089): CodeIgniter\View\View->render('Console/account...', Array, true)
#3 /var/www/current/app/Controllers/Console/Account.php(82): view('Console/account...', Array)
#4 /var/www/current/system/CodeIgniter.php(825): App\Controllers\Console\Account->auth()
#5 /var/www/current/system/CodeIgniter.php(412): CodeIgniter\CodeIgniter->runController(Object(App\Controllers\Console\Account))
#6 /var/www/current/system/CodeIgniter.php(320): CodeIgniter\CodeIgniter->handleRequest(NULL, Object(Config\Cache), false)
#7 /var/www/current/htdocs/index.php(37): CodeIgniter\CodeIgniter->run()
#8 {main}
CRITICAL - 2022-06-10 13:47:16 --> Undefined array key "email"
#0 /var/www/current/app/Controllers/Console/Account.php(67): CodeIgniter\Debug\Exceptions->errorHandler(2, 'Undefined array...', '/var/www/curren...', 67)
#1 /var/www/current/system/CodeIgniter.php(825): App\Controllers\Console\Account->auth()
#2 /var/www/current/system/CodeIgniter.php(412): CodeIgniter\CodeIgniter->runController(Object(App\Controllers\Console\Account))
#3 /var/www/current/system/CodeIgniter.php(320): CodeIgniter\CodeIgniter->handleRequest(NULL, Object(Config\Cache), false)
#4 /var/www/current/htdocs/index.php(37): CodeIgniter\CodeIgniter->run()
#5 {main}
CRITICAL - 2022-06-10 15:15:02 --> Cannot access offset of type string on string
#0 /var/www/current/system/View/View.php(210): include()
#1 /var/www/current/system/View/View.php(213): CodeIgniter\View\View->CodeIgniter\View\{closure}()
#2 /var/www/current/system/Common.php(1089): CodeIgniter\View\View->render('Console/account...', Array, true)
#3 /var/www/current/app/Controllers/Console/Account.php(82): view('Console/account...', Array)
#4 /var/www/current/system/CodeIgniter.php(825): App\Controllers\Console\Account->auth()
#5 /var/www/current/system/CodeIgniter.php(412): CodeIgniter\CodeIgniter->runController(Object(App\Controllers\Console\Account))
#6 /var/www/current/system/CodeIgniter.php(320): CodeIgniter\CodeIgniter->handleRequest(NULL, Object(Config\Cache), false)
#7 /var/www/current/htdocs/index.php(37): CodeIgniter\CodeIgniter->run()
#8 {main}
CRITICAL - 2022-06-10 15:16:14 --> Cannot access offset of type string on string
#0 /var/www/current/system/View/View.php(210): include()
#1 /var/www/current/system/View/View.php(213): CodeIgniter\View\View->CodeIgniter\View\{closure}()
#2 /var/www/current/system/Common.php(1089): CodeIgniter\View\View->render('Console/account...', Array, true)
#3 /var/www/current/app/Controllers/Console/Account.php(82): view('Console/account...', Array)
#4 /var/www/current/system/CodeIgniter.php(825): App\Controllers\Console\Account->auth()
#5 /var/www/current/system/CodeIgniter.php(412): CodeIgniter\CodeIgniter->runController(Object(App\Controllers\Console\Account))
#6 /var/www/current/system/CodeIgniter.php(320): CodeIgniter\CodeIgniter->handleRequest(NULL, Object(Config\Cache), false)
#7 /var/www/current/htdocs/index.php(37): CodeIgniter\CodeIgniter->run()
#8 {main}
CRITICAL - 2022-06-10 15:20:55 --> Cannot access offset of type string on string
#0 /var/www/current/system/View/View.php(210): include()
#1 /var/www/current/system/View/View.php(213): CodeIgniter\View\View->CodeIgniter\View\{closure}()
#2 /var/www/current/system/Common.php(1089): CodeIgniter\View\View->render('Console/account...', Array, true)
#3 /var/www/current/app/Controllers/Console/Account.php(86): view('Console/account...', Array)
#4 /var/www/current/system/CodeIgniter.php(825): App\Controllers\Console\Account->auth()
#5 /var/www/current/system/CodeIgniter.php(412): CodeIgniter\CodeIgniter->runController(Object(App\Controllers\Console\Account))
#6 /var/www/current/system/CodeIgniter.php(320): CodeIgniter\CodeIgniter->handleRequest(NULL, Object(Config\Cache), false)
#7 /var/www/current/htdocs/index.php(37): CodeIgniter\CodeIgniter->run()
#8 {main}
CRITICAL - 2022-06-10 15:21:45 --> Cannot access offset of type string on string
#0 /var/www/current/system/View/View.php(210): include()
#1 /var/www/current/system/View/View.php(213): CodeIgniter\View\View->CodeIgniter\View\{closure}()
#2 /var/www/current/system/Common.php(1089): CodeIgniter\View\View->render('Console/account...', Array, true)
#3 /var/www/current/app/Controllers/Console/Account.php(86): view('Console/account...', Array)
#4 /var/www/current/system/CodeIgniter.php(825): App\Controllers\Console\Account->auth()
#5 /var/www/current/system/CodeIgniter.php(412): CodeIgniter\CodeIgniter->runController(Object(App\Controllers\Console\Account))
#6 /var/www/current/system/CodeIgniter.php(320): CodeIgniter\CodeIgniter->handleRequest(NULL, Object(Config\Cache), false)
#7 /var/www/current/htdocs/index.php(37): CodeIgniter\CodeIgniter->run()
#8 {main}
CRITICAL - 2022-06-10 15:21:59 --> Undefined array key "email"
#0 /var/www/current/app/Controllers/Console/Account.php(67): CodeIgniter\Debug\Exceptions->errorHandler(2, 'Undefined array...', '/var/www/curren...', 67)
#1 /var/www/current/system/CodeIgniter.php(825): App\Controllers\Console\Account->auth()
#2 /var/www/current/system/CodeIgniter.php(412): CodeIgniter\CodeIgniter->runController(Object(App\Controllers\Console\Account))
#3 /var/www/current/system/CodeIgniter.php(320): CodeIgniter\CodeIgniter->handleRequest(NULL, Object(Config\Cache), false)
#4 /var/www/current/htdocs/index.php(37): CodeIgniter\CodeIgniter->run()
#5 {main}
CRITICAL - 2022-06-10 15:24:40 --> Undefined array key "email"
#0 /var/www/current/app/Controllers/Console/Account.php(67): CodeIgniter\Debug\Exceptions->errorHandler(2, 'Undefined array...', '/var/www/curren...', 67)
#1 /var/www/current/system/CodeIgniter.php(825): App\Controllers\Console\Account->auth()
#2 /var/www/current/system/CodeIgniter.php(412): CodeIgniter\CodeIgniter->runController(Object(App\Controllers\Console\Account))
#3 /var/www/current/system/CodeIgniter.php(320): CodeIgniter\CodeIgniter->handleRequest(NULL, Object(Config\Cache), false)
#4 /var/www/current/htdocs/index.php(37): CodeIgniter\CodeIgniter->run()
#5 {main}
CRITICAL - 2022-06-10 15:24:46 --> Cannot access offset of type string on string
#0 /var/www/current/system/View/View.php(210): include()
#1 /var/www/current/system/View/View.php(213): CodeIgniter\View\View->CodeIgniter\View\{closure}()
#2 /var/www/current/system/Common.php(1089): CodeIgniter\View\View->render('Console/account...', Array, true)
#3 /var/www/current/app/Controllers/Console/Account.php(86): view('Console/account...', Array)
#4 /var/www/current/system/CodeIgniter.php(825): App\Controllers\Console\Account->auth()
#5 /var/www/current/system/CodeIgniter.php(412): CodeIgniter\CodeIgniter->runController(Object(App\Controllers\Console\Account))
#6 /var/www/current/system/CodeIgniter.php(320): CodeIgniter\CodeIgniter->handleRequest(NULL, Object(Config\Cache), false)
#7 /var/www/current/htdocs/index.php(37): CodeIgniter\CodeIgniter->run()
#8 {main}
CRITICAL - 2022-06-10 15:29:34 --> Undefined array key "email"
#0 /var/www/current/app/Controllers/Console/Account.php(67): CodeIgniter\Debug\Exceptions->errorHandler(2, 'Undefined array...', '/var/www/curren...', 67)
#1 /var/www/current/system/CodeIgniter.php(825): App\Controllers\Console\Account->auth()
#2 /var/www/current/system/CodeIgniter.php(412): CodeIgniter\CodeIgniter->runController(Object(App\Controllers\Console\Account))
#3 /var/www/current/system/CodeIgniter.php(320): CodeIgniter\CodeIgniter->handleRequest(NULL, Object(Config\Cache), false)
#4 /var/www/current/htdocs/index.php(37): CodeIgniter\CodeIgniter->run()
#5 {main}
CRITICAL - 2022-06-10 15:31:16 --> Undefined variable $accounts
#0 /var/www/current/app/Views/Console/account/index.php(109): CodeIgniter\Debug\Exceptions->errorHandler(2, 'Undefined varia...', '/var/www/curren...', 109)
#1 /var/www/current/system/View/View.php(210): include('/var/www/curren...')
#2 /var/www/current/system/View/View.php(213): CodeIgniter\View\View->CodeIgniter\View\{closure}()
#3 /var/www/current/system/Common.php(1089): CodeIgniter\View\View->render('Console/account...', Array, true)
#4 /var/www/current/app/Controllers/Console/Account.php(85): view('Console/account...', Array)
#5 /var/www/current/system/CodeIgniter.php(825): App\Controllers\Console\Account->auth()
#6 /var/www/current/system/CodeIgniter.php(412): CodeIgniter\CodeIgniter->runController(Object(App\Controllers\Console\Account))
#7 /var/www/current/system/CodeIgniter.php(320): CodeIgniter\CodeIgniter->handleRequest(NULL, Object(Config\Cache), false)
#8 /var/www/current/htdocs/index.php(37): CodeIgniter\CodeIgniter->run()
#9 {main}
CRITICAL - 2022-06-10 15:33:23 --> Undefined variable $accounts
#0 /var/www/current/app/Views/Console/account/index.php(109): CodeIgniter\Debug\Exceptions->errorHandler(2, 'Undefined varia...', '/var/www/curren...', 109)
#1 /var/www/current/system/View/View.php(210): include('/var/www/curren...')
#2 /var/www/current/system/View/View.php(213): CodeIgniter\View\View->CodeIgniter\View\{closure}()
#3 /var/www/current/system/Common.php(1089): CodeIgniter\View\View->render('Console/account...', Array, true)
#4 /var/www/current/app/Controllers/Console/Account.php(85): view('Console/account...', Array)
#5 /var/www/current/system/CodeIgniter.php(825): App\Controllers\Console\Account->auth()
#6 /var/www/current/system/CodeIgniter.php(412): CodeIgniter\CodeIgniter->runController(Object(App\Controllers\Console\Account))
#7 /var/www/current/system/CodeIgniter.php(320): CodeIgniter\CodeIgniter->handleRequest(NULL, Object(Config\Cache), false)
#8 /var/www/current/htdocs/index.php(37): CodeIgniter\CodeIgniter->run()
#9 {main}
CRITICAL - 2022-06-10 15:45:53 --> Undefined array key "email"
#0 /var/www/current/app/Controllers/Console/Account.php(67): CodeIgniter\Debug\Exceptions->errorHandler(2, 'Undefined array...', '/var/www/curren...', 67)
#1 /var/www/current/system/CodeIgniter.php(825): App\Controllers\Console\Account->auth()
#2 /var/www/current/system/CodeIgniter.php(412): CodeIgniter\CodeIgniter->runController(Object(App\Controllers\Console\Account))
#3 /var/www/current/system/CodeIgniter.php(320): CodeIgniter\CodeIgniter->handleRequest(NULL, Object(Config\Cache), false)
#4 /var/www/current/htdocs/index.php(37): CodeIgniter\CodeIgniter->run()
#5 {main}
CRITICAL - 2022-06-10 15:51:00 --> Undefined variable $data
#0 /var/www/current/app/Views/Console/account/login.php(103): CodeIgniter\Debug\Exceptions->errorHandler(2, 'Undefined varia...', '/var/www/curren...', 103)
#1 /var/www/current/system/View/View.php(210): include('/var/www/curren...')
#2 /var/www/current/system/View/View.php(213): CodeIgniter\View\View->CodeIgniter\View\{closure}()
#3 /var/www/current/system/Common.php(1089): CodeIgniter\View\View->render('Console/account...', Array, true)
#4 /var/www/current/app/Controllers/Console/Account.php(87): view('Console/account...')
#5 /var/www/current/system/CodeIgniter.php(825): App\Controllers\Console\Account->auth()
#6 /var/www/current/system/CodeIgniter.php(412): CodeIgniter\CodeIgniter->runController(Object(App\Controllers\Console\Account))
#7 /var/www/current/system/CodeIgniter.php(320): CodeIgniter\CodeIgniter->handleRequest(NULL, Object(Config\Cache), false)
#8 /var/www/current/htdocs/index.php(37): CodeIgniter\CodeIgniter->run()
#9 {main}
CRITICAL - 2022-06-10 15:51:52 --> Undefined array key "email"
#0 /var/www/current/app/Controllers/Console/Account.php(67): CodeIgniter\Debug\Exceptions->errorHandler(2, 'Undefined array...', '/var/www/curren...', 67)
#1 /var/www/current/system/CodeIgniter.php(825): App\Controllers\Console\Account->auth()
#2 /var/www/current/system/CodeIgniter.php(412): CodeIgniter\CodeIgniter->runController(Object(App\Controllers\Console\Account))
#3 /var/www/current/system/CodeIgniter.php(320): CodeIgniter\CodeIgniter->handleRequest(NULL, Object(Config\Cache), false)
#4 /var/www/current/htdocs/index.php(37): CodeIgniter\CodeIgniter->run()
#5 {main}
CRITICAL - 2022-06-10 15:51:59 --> App\Models\AccountModel::getAuth(): Return value must be of type array, null returned
#0 /var/www/current/app/Controllers/Console/Account.php(72): App\Models\AccountModel->getAuth('')
#1 /var/www/current/system/CodeIgniter.php(825): App\Controllers\Console\Account->auth()
#2 /var/www/current/system/CodeIgniter.php(412): CodeIgniter\CodeIgniter->runController(Object(App\Controllers\Console\Account))
#3 /var/www/current/system/CodeIgniter.php(320): CodeIgniter\CodeIgniter->handleRequest(NULL, Object(Config\Cache), false)
#4 /var/www/current/htdocs/index.php(37): CodeIgniter\CodeIgniter->run()
#5 {main}
CRITICAL - 2022-06-10 16:06:57 --> Undefined array key "password"
#0 /var/www/current/app/Views/console/account/login.php(41): CodeIgniter\Debug\Exceptions->errorHandler(2, 'Undefined array...', '/var/www/curren...', 41)
#1 /var/www/current/system/View/View.php(210): include('/var/www/curren...')
#2 /var/www/current/system/View/View.php(213): CodeIgniter\View\View->CodeIgniter\View\{closure}()
#3 /var/www/current/system/Common.php(1089): CodeIgniter\View\View->render('console/account...', Array, true)
#4 /var/www/current/app/Controllers/Console/Account.php(52): view('console/account...', Array)
#5 /var/www/current/system/CodeIgniter.php(825): App\Controllers\Console\Account->login()
#6 /var/www/current/system/CodeIgniter.php(412): CodeIgniter\CodeIgniter->runController(Object(App\Controllers\Console\Account))
#7 /var/www/current/system/CodeIgniter.php(320): CodeIgniter\CodeIgniter->handleRequest(NULL, Object(Config\Cache), false)
#8 /var/www/current/htdocs/index.php(37): CodeIgniter\CodeIgniter->run()
#9 {main}
CRITICAL - 2022-06-10 16:08:00 --> Undefined array key "login"
#0 /var/www/current/app/Views/console/account/login.php(46): CodeIgniter\Debug\Exceptions->errorHandler(2, 'Undefined array...', '/var/www/curren...', 46)
#1 /var/www/current/system/View/View.php(210): include('/var/www/curren...')
#2 /var/www/current/system/View/View.php(213): CodeIgniter\View\View->CodeIgniter\View\{closure}()
#3 /var/www/current/system/Common.php(1089): CodeIgniter\View\View->render('console/account...', Array, true)
#4 /var/www/current/app/Controllers/Console/Account.php(53): view('console/account...', Array)
#5 /var/www/current/system/CodeIgniter.php(825): App\Controllers\Console\Account->login()
#6 /var/www/current/system/CodeIgniter.php(412): CodeIgniter\CodeIgniter->runController(Object(App\Controllers\Console\Account))
#7 /var/www/current/system/CodeIgniter.php(320): CodeIgniter\CodeIgniter->handleRequest(NULL, Object(Config\Cache), false)
#8 /var/www/current/htdocs/index.php(37): CodeIgniter\CodeIgniter->run()
#9 {main}
CRITICAL - 2022-06-10 16:08:49 --> Undefined array key "login"
#0 /var/www/current/app/Views/console/account/login.php(46): CodeIgniter\Debug\Exceptions->errorHandler(2, 'Undefined array...', '/var/www/curren...', 46)
#1 /var/www/current/system/View/View.php(210): include('/var/www/curren...')
#2 /var/www/current/system/View/View.php(213): CodeIgniter\View\View->CodeIgniter\View\{closure}()
#3 /var/www/current/system/Common.php(1089): CodeIgniter\View\View->render('console/account...', Array, true)
#4 /var/www/current/app/Controllers/Console/Account.php(53): view('console/account...', Array)
#5 /var/www/current/system/CodeIgniter.php(825): App\Controllers\Console\Account->login()
#6 /var/www/current/system/CodeIgniter.php(412): CodeIgniter\CodeIgniter->runController(Object(App\Controllers\Console\Account))
#7 /var/www/current/system/CodeIgniter.php(320): CodeIgniter\CodeIgniter->handleRequest(NULL, Object(Config\Cache), false)
#8 /var/www/current/htdocs/index.php(37): CodeIgniter\CodeIgniter->run()
#9 {main}
CRITICAL - 2022-06-10 16:08:53 --> Undefined array key "login"
#0 /var/www/current/app/Views/console/account/login.php(46): CodeIgniter\Debug\Exceptions->errorHandler(2, 'Undefined array...', '/var/www/curren...', 46)
#1 /var/www/current/system/View/View.php(210): include('/var/www/curren...')
#2 /var/www/current/system/View/View.php(213): CodeIgniter\View\View->CodeIgniter\View\{closure}()
#3 /var/www/current/system/Common.php(1089): CodeIgniter\View\View->render('console/account...', Array, true)
#4 /var/www/current/app/Controllers/Console/Account.php(53): view('console/account...', Array)
#5 /var/www/current/system/CodeIgniter.php(825): App\Controllers\Console\Account->login()
#6 /var/www/current/system/CodeIgniter.php(412): CodeIgniter\CodeIgniter->runController(Object(App\Controllers\Console\Account))
#7 /var/www/current/system/CodeIgniter.php(320): CodeIgniter\CodeIgniter->handleRequest(NULL, Object(Config\Cache), false)
#8 /var/www/current/htdocs/index.php(37): CodeIgniter\CodeIgniter->run()
#9 {main}
CRITICAL - 2022-06-10 16:08:56 --> Undefined array key "login"
#0 /var/www/current/app/Views/console/account/login.php(46): CodeIgniter\Debug\Exceptions->errorHandler(2, 'Undefined array...', '/var/www/curren...', 46)
#1 /var/www/current/system/View/View.php(210): include('/var/www/curren...')
#2 /var/www/current/system/View/View.php(213): CodeIgniter\View\View->CodeIgniter\View\{closure}()
#3 /var/www/current/system/Common.php(1089): CodeIgniter\View\View->render('console/account...', Array, true)
#4 /var/www/current/app/Controllers/Console/Account.php(53): view('console/account...', Array)
#5 /var/www/current/system/CodeIgniter.php(825): App\Controllers\Console\Account->login()
#6 /var/www/current/system/CodeIgniter.php(412): CodeIgniter\CodeIgniter->runController(Object(App\Controllers\Console\Account))
#7 /var/www/current/system/CodeIgniter.php(320): CodeIgniter\CodeIgniter->handleRequest(NULL, Object(Config\Cache), false)
#8 /var/www/current/htdocs/index.php(37): CodeIgniter\CodeIgniter->run()
#9 {main}
CRITICAL - 2022-06-10 16:15:29 --> Undefined array key "email"
#0 /var/www/current/app/Controllers/Console/Account.php(68): CodeIgniter\Debug\Exceptions->errorHandler(2, 'Undefined array...', '/var/www/curren...', 68)
#1 /var/www/current/system/CodeIgniter.php(825): App\Controllers\Console\Account->auth()
#2 /var/www/current/system/CodeIgniter.php(412): CodeIgniter\CodeIgniter->runController(Object(App\Controllers\Console\Account))
#3 /var/www/current/system/CodeIgniter.php(320): CodeIgniter\CodeIgniter->handleRequest(NULL, Object(Config\Cache), false)
#4 /var/www/current/htdocs/index.php(37): CodeIgniter\CodeIgniter->run()
#5 {main}
CRITICAL - 2022-06-10 16:21:47 --> Undefined variable $name
#0 /var/www/current/app/Views/console/account/index.php(31): CodeIgniter\Debug\Exceptions->errorHandler(2, 'Undefined varia...', '/var/www/curren...', 31)
#1 /var/www/current/system/View/View.php(210): include('/var/www/curren...')
#2 /var/www/current/system/View/View.php(213): CodeIgniter\View\View->CodeIgniter\View\{closure}()
#3 /var/www/current/system/Common.php(1089): CodeIgniter\View\View->render('console/account...', Array, true)
#4 /var/www/current/app/Controllers/Console/Account.php(132): view('console/account...', Array)
#5 /var/www/current/system/CodeIgniter.php(825): App\Controllers\Console\Account->index()
#6 /var/www/current/system/CodeIgniter.php(412): CodeIgniter\CodeIgniter->runController(Object(App\Controllers\Console\Account))
#7 /var/www/current/system/CodeIgniter.php(320): CodeIgniter\CodeIgniter->handleRequest(NULL, Object(Config\Cache), false)
#8 /var/www/current/htdocs/index.php(37): CodeIgniter\CodeIgniter->run()
#9 {main}
CRITICAL - 2022-06-10 16:21:52 --> Undefined variable $name
#0 /var/www/current/app/Views/console/account/index.php(31): CodeIgniter\Debug\Exceptions->errorHandler(2, 'Undefined varia...', '/var/www/curren...', 31)
#1 /var/www/current/system/View/View.php(210): include('/var/www/curren...')
#2 /var/www/current/system/View/View.php(213): CodeIgniter\View\View->CodeIgniter\View\{closure}()
#3 /var/www/current/system/Common.php(1089): CodeIgniter\View\View->render('console/account...', Array, true)
#4 /var/www/current/app/Controllers/Console/Account.php(132): view('console/account...', Array)
#5 /var/www/current/system/CodeIgniter.php(825): App\Controllers\Console\Account->index()
#6 /var/www/current/system/CodeIgniter.php(412): CodeIgniter\CodeIgniter->runController(Object(App\Controllers\Console\Account))
#7 /var/www/current/system/CodeIgniter.php(320): CodeIgniter\CodeIgniter->handleRequest(NULL, Object(Config\Cache), false)
#8 /var/www/current/htdocs/index.php(37): CodeIgniter\CodeIgniter->run()
#9 {main}
CRITICAL - 2022-06-10 16:22:01 --> Undefined variable $name
#0 /var/www/current/app/Views/console/account/index.php(31): CodeIgniter\Debug\Exceptions->errorHandler(2, 'Undefined varia...', '/var/www/curren...', 31)
#1 /var/www/current/system/View/View.php(210): include('/var/www/curren...')
#2 /var/www/current/system/View/View.php(213): CodeIgniter\View\View->CodeIgniter\View\{closure}()
#3 /var/www/current/system/Common.php(1089): CodeIgniter\View\View->render('console/account...', Array, true)
#4 /var/www/current/app/Controllers/Console/Account.php(132): view('console/account...', Array)
#5 /var/www/current/system/CodeIgniter.php(825): App\Controllers\Console\Account->index()
#6 /var/www/current/system/CodeIgniter.php(412): CodeIgniter\CodeIgniter->runController(Object(App\Controllers\Console\Account))
#7 /var/www/current/system/CodeIgniter.php(320): CodeIgniter\CodeIgniter->handleRequest(NULL, Object(Config\Cache), false)
#8 /var/www/current/htdocs/index.php(37): CodeIgniter\CodeIgniter->run()
#9 {main}
CRITICAL - 2022-06-10 16:22:50 --> Undefined variable $name
#0 /var/www/current/app/Views/console/account/index.php(31): CodeIgniter\Debug\Exceptions->errorHandler(2, 'Undefined varia...', '/var/www/curren...', 31)
#1 /var/www/current/system/View/View.php(210): include('/var/www/curren...')
#2 /var/www/current/system/View/View.php(213): CodeIgniter\View\View->CodeIgniter\View\{closure}()
#3 /var/www/current/system/Common.php(1089): CodeIgniter\View\View->render('console/account...', Array, true)
#4 /var/www/current/app/Controllers/Console/Account.php(132): view('console/account...', Array)
#5 /var/www/current/system/CodeIgniter.php(825): App\Controllers\Console\Account->index()
#6 /var/www/current/system/CodeIgniter.php(412): CodeIgniter\CodeIgniter->runController(Object(App\Controllers\Console\Account))
#7 /var/www/current/system/CodeIgniter.php(320): CodeIgniter\CodeIgniter->handleRequest(NULL, Object(Config\Cache), false)
#8 /var/www/current/htdocs/index.php(37): CodeIgniter\CodeIgniter->run()
#9 {main}
CRITICAL - 2022-06-10 16:26:58 --> App\Models\AccountModel::getAuth(): Return value must be of type array, null returned
#0 /var/www/current/app/Controllers/Console/Account.php(75): App\Models\AccountModel->getAuth('samlie@gmail.co...')
#1 /var/www/current/system/CodeIgniter.php(825): App\Controllers\Console\Account->auth()
#2 /var/www/current/system/CodeIgniter.php(412): CodeIgniter\CodeIgniter->runController(Object(App\Controllers\Console\Account))
#3 /var/www/current/system/CodeIgniter.php(320): CodeIgniter\CodeIgniter->handleRequest(NULL, Object(Config\Cache), false)
#4 /var/www/current/htdocs/index.php(37): CodeIgniter\CodeIgniter->run()
#5 {main}
CRITICAL - 2022-06-10 16:52:38 --> App\Models\AccountModel::getAuth(): Return value must be of type array, null returned
#0 /var/www/current/app/Controllers/Console/Account.php(75): App\Models\AccountModel->getAuth('samlie@gmail.co...')
#1 /var/www/current/system/CodeIgniter.php(825): App\Controllers\Console\Account->auth()
#2 /var/www/current/system/CodeIgniter.php(412): CodeIgniter\CodeIgniter->runController(Object(App\Controllers\Console\Account))
#3 /var/www/current/system/CodeIgniter.php(320): CodeIgniter\CodeIgniter->handleRequest(NULL, Object(Config\Cache), false)
#4 /var/www/current/htdocs/index.php(37): CodeIgniter\CodeIgniter->run()
#5 {main}
CRITICAL - 2022-06-10 16:54:17 --> App\Models\AccountModel::getAuth(): Return value must be of type array, null returned
#0 /var/www/current/app/Controllers/Console/Account.php(75): App\Models\AccountModel->getAuth('samlie@gmail.co...')
#1 /var/www/current/system/CodeIgniter.php(825): App\Controllers\Console\Account->auth()
#2 /var/www/current/system/CodeIgniter.php(412): CodeIgniter\CodeIgniter->runController(Object(App\Controllers\Console\Account))
#3 /var/www/current/system/CodeIgniter.php(320): CodeIgniter\CodeIgniter->handleRequest(NULL, Object(Config\Cache), false)
#4 /var/www/current/htdocs/index.php(37): CodeIgniter\CodeIgniter->run()
#5 {main}
CRITICAL - 2022-06-10 16:55:37 --> App\Models\AccountModel::getAuth(): Return value must be of type array, null returned
#0 /var/www/current/app/Controllers/Console/Account.php(75): App\Models\AccountModel->getAuth('samlie@gmail.co...')
#1 /var/www/current/system/CodeIgniter.php(825): App\Controllers\Console\Account->auth()
#2 /var/www/current/system/CodeIgniter.php(412): CodeIgniter\CodeIgniter->runController(Object(App\Controllers\Console\Account))
#3 /var/www/current/system/CodeIgniter.php(320): CodeIgniter\CodeIgniter->handleRequest(NULL, Object(Config\Cache), false)
#4 /var/www/current/htdocs/index.php(37): CodeIgniter\CodeIgniter->run()
#5 {main}
CRITICAL - 2022-06-10 16:59:23 --> Undefined array key "email"
#0 /var/www/current/app/Controllers/Console/Account.php(68): CodeIgniter\Debug\Exceptions->errorHandler(2, 'Undefined array...', '/var/www/curren...', 68)
#1 /var/www/current/system/CodeIgniter.php(825): App\Controllers\Console\Account->auth()
#2 /var/www/current/system/CodeIgniter.php(412): CodeIgniter\CodeIgniter->runController(Object(App\Controllers\Console\Account))
#3 /var/www/current/system/CodeIgniter.php(320): CodeIgniter\CodeIgniter->handleRequest(NULL, Object(Config\Cache), false)
#4 /var/www/current/htdocs/index.php(37): CodeIgniter\CodeIgniter->run()
#5 {main}
CRITICAL - 2022-06-10 17:02:49 --> Trying to access array offset on value of type null
#0 /var/www/current/app/Controllers/Console/Account.php(90): CodeIgniter\Debug\Exceptions->errorHandler(2, 'Trying to acces...', '/var/www/curren...', 90)
#1 /var/www/current/system/CodeIgniter.php(825): App\Controllers\Console\Account->auth()
#2 /var/www/current/system/CodeIgniter.php(412): CodeIgniter\CodeIgniter->runController(Object(App\Controllers\Console\Account))
#3 /var/www/current/system/CodeIgniter.php(320): CodeIgniter\CodeIgniter->handleRequest(NULL, Object(Config\Cache), false)
#4 /var/www/current/htdocs/index.php(37): CodeIgniter\CodeIgniter->run()
#5 {main}
CRITICAL - 2022-06-10 17:27:12 --> Undefined array key "name"
#0 /var/www/current/app/Controllers/Console/Account.php(101): CodeIgniter\Debug\Exceptions->errorHandler(2, 'Undefined array...', '/var/www/curren...', 101)
#1 /var/www/current/system/CodeIgniter.php(825): App\Controllers\Console\Account->auth()
#2 /var/www/current/system/CodeIgniter.php(412): CodeIgniter\CodeIgniter->runController(Object(App\Controllers\Console\Account))
#3 /var/www/current/system/CodeIgniter.php(320): CodeIgniter\CodeIgniter->handleRequest(NULL, Object(Config\Cache), false)
#4 /var/www/current/htdocs/index.php(37): CodeIgniter\CodeIgniter->run()
#5 {main}
CRITICAL - 2022-06-10 17:27:54 --> Undefined array key "id"
#0 /var/www/current/app/Controllers/Console/Account.php(101): CodeIgniter\Debug\Exceptions->errorHandler(2, 'Undefined array...', '/var/www/curren...', 101)
#1 /var/www/current/system/CodeIgniter.php(825): App\Controllers\Console\Account->auth()
#2 /var/www/current/system/CodeIgniter.php(412): CodeIgniter\CodeIgniter->runController(Object(App\Controllers\Console\Account))
#3 /var/www/current/system/CodeIgniter.php(320): CodeIgniter\CodeIgniter->handleRequest(NULL, Object(Config\Cache), false)
#4 /var/www/current/htdocs/index.php(37): CodeIgniter\CodeIgniter->run()
#5 {main}
CRITICAL - 2022-06-10 17:36:01 --> Undefined array key "id"
#0 /var/www/current/app/Views/Console/account/index.php(32): CodeIgniter\Debug\Exceptions->errorHandler(2, 'Undefined array...', '/var/www/curren...', 32)
#1 /var/www/current/system/View/View.php(210): include('/var/www/curren...')
#2 /var/www/current/system/View/View.php(213): CodeIgniter\View\View->CodeIgniter\View\{closure}()
#3 /var/www/current/system/Common.php(1089): CodeIgniter\View\View->render('Console/account...', Array, true)
#4 /var/www/current/app/Controllers/Console/Account.php(101): view('Console/account...', Array)
#5 /var/www/current/system/CodeIgniter.php(825): App\Controllers\Console\Account->auth()
#6 /var/www/current/system/CodeIgniter.php(412): CodeIgniter\CodeIgniter->runController(Object(App\Controllers\Console\Account))
#7 /var/www/current/system/CodeIgniter.php(320): CodeIgniter\CodeIgniter->handleRequest(NULL, Object(Config\Cache), false)
#8 /var/www/current/htdocs/index.php(37): CodeIgniter\CodeIgniter->run()
#9 {main}
CRITICAL - 2022-06-10 17:37:05 --> Undefined array key "email"
#0 /var/www/current/app/Controllers/Console/Account.php(68): CodeIgniter\Debug\Exceptions->errorHandler(2, 'Undefined array...', '/var/www/curren...', 68)
#1 /var/www/current/system/CodeIgniter.php(825): App\Controllers\Console\Account->auth()
#2 /var/www/current/system/CodeIgniter.php(412): CodeIgniter\CodeIgniter->runController(Object(App\Controllers\Console\Account))
#3 /var/www/current/system/CodeIgniter.php(320): CodeIgniter\CodeIgniter->handleRequest(NULL, Object(Config\Cache), false)
#4 /var/www/current/htdocs/index.php(37): CodeIgniter\CodeIgniter->run()
#5 {main}
CRITICAL - 2022-06-10 17:37:14 --> Undefined array key "name"
#0 /var/www/current/app/Views/Console/account/index.php(32): CodeIgniter\Debug\Exceptions->errorHandler(2, 'Undefined array...', '/var/www/curren...', 32)
#1 /var/www/current/system/View/View.php(210): include('/var/www/curren...')
#2 /var/www/current/system/View/View.php(213): CodeIgniter\View\View->CodeIgniter\View\{closure}()
#3 /var/www/current/system/Common.php(1089): CodeIgniter\View\View->render('Console/account...', Array, true)
#4 /var/www/current/app/Controllers/Console/Account.php(101): view('Console/account...', Array)
#5 /var/www/current/system/CodeIgniter.php(825): App\Controllers\Console\Account->auth()
#6 /var/www/current/system/CodeIgniter.php(412): CodeIgniter\CodeIgniter->runController(Object(App\Controllers\Console\Account))
#7 /var/www/current/system/CodeIgniter.php(320): CodeIgniter\CodeIgniter->handleRequest(NULL, Object(Config\Cache), false)
#8 /var/www/current/htdocs/index.php(37): CodeIgniter\CodeIgniter->run()
#9 {main}
CRITICAL - 2022-06-10 17:38:51 --> Undefined array key "email"
#0 /var/www/current/app/Controllers/Console/Account.php(68): CodeIgniter\Debug\Exceptions->errorHandler(2, 'Undefined array...', '/var/www/curren...', 68)
#1 /var/www/current/system/CodeIgniter.php(825): App\Controllers\Console\Account->auth()
#2 /var/www/current/system/CodeIgniter.php(412): CodeIgniter\CodeIgniter->runController(Object(App\Controllers\Console\Account))
#3 /var/www/current/system/CodeIgniter.php(320): CodeIgniter\CodeIgniter->handleRequest(NULL, Object(Config\Cache), false)
#4 /var/www/current/htdocs/index.php(37): CodeIgniter\CodeIgniter->run()
#5 {main}
CRITICAL - 2022-06-10 17:39:03 --> Array callback must have exactly two elements
#0 /var/www/current/system/View/View.php(210): include()
#1 /var/www/current/system/View/View.php(213): CodeIgniter\View\View->CodeIgniter\View\{closure}()
#2 /var/www/current/system/Common.php(1089): CodeIgniter\View\View->render('Console/account...', Array, true)
#3 /var/www/current/app/Controllers/Console/Account.php(101): view('Console/account...', Array)
#4 /var/www/current/system/CodeIgniter.php(825): App\Controllers\Console\Account->auth()
#5 /var/www/current/system/CodeIgniter.php(412): CodeIgniter\CodeIgniter->runController(Object(App\Controllers\Console\Account))
#6 /var/www/current/system/CodeIgniter.php(320): CodeIgniter\CodeIgniter->handleRequest(NULL, Object(Config\Cache), false)
#7 /var/www/current/htdocs/index.php(37): CodeIgniter\CodeIgniter->run()
#8 {main}
CRITICAL - 2022-06-10 17:39:34 --> Undefined variable $session
#0 /var/www/current/app/Views/Console/account/index.php(32): CodeIgniter\Debug\Exceptions->errorHandler(2, 'Undefined varia...', '/var/www/curren...', 32)
#1 /var/www/current/system/View/View.php(210): include('/var/www/curren...')
#2 /var/www/current/system/View/View.php(213): CodeIgniter\View\View->CodeIgniter\View\{closure}()
#3 /var/www/current/system/Common.php(1089): CodeIgniter\View\View->render('Console/account...', Array, true)
#4 /var/www/current/app/Controllers/Console/Account.php(101): view('Console/account...', Array)
#5 /var/www/current/system/CodeIgniter.php(825): App\Controllers\Console\Account->auth()
#6 /var/www/current/system/CodeIgniter.php(412): CodeIgniter\CodeIgniter->runController(Object(App\Controllers\Console\Account))
#7 /var/www/current/system/CodeIgniter.php(320): CodeIgniter\CodeIgniter->handleRequest(NULL, Object(Config\Cache), false)
#8 /var/www/current/htdocs/index.php(37): CodeIgniter\CodeIgniter->run()
#9 {main}
CRITICAL - 2022-06-10 17:43:17 --> Undefined array key "email"
#0 /var/www/current/app/Controllers/Console/Account.php(68): CodeIgniter\Debug\Exceptions->errorHandler(2, 'Undefined array...', '/var/www/curren...', 68)
#1 /var/www/current/system/CodeIgniter.php(825): App\Controllers\Console\Account->auth()
#2 /var/www/current/system/CodeIgniter.php(412): CodeIgniter\CodeIgniter->runController(Object(App\Controllers\Console\Account))
#3 /var/www/current/system/CodeIgniter.php(320): CodeIgniter\CodeIgniter->handleRequest(NULL, Object(Config\Cache), false)
#4 /var/www/current/htdocs/index.php(37): CodeIgniter\CodeIgniter->run()
#5 {main}
CRITICAL - 2022-06-10 17:46:18 --> Undefined array key "email"
#0 /var/www/current/app/Controllers/Console/Account.php(68): CodeIgniter\Debug\Exceptions->errorHandler(2, 'Undefined array...', '/var/www/curren...', 68)
#1 /var/www/current/system/CodeIgniter.php(825): App\Controllers\Console\Account->auth()
#2 /var/www/current/system/CodeIgniter.php(412): CodeIgniter\CodeIgniter->runController(Object(App\Controllers\Console\Account))
#3 /var/www/current/system/CodeIgniter.php(320): CodeIgniter\CodeIgniter->handleRequest(NULL, Object(Config\Cache), false)
#4 /var/www/current/htdocs/index.php(37): CodeIgniter\CodeIgniter->run()
#5 {main}
