CRITICAL - 2022-06-15 10:34:38 --> Undefined array key "password"
#0 /var/www/current/app/Controllers/Console/Account.php(143): CodeIgniter\Debug\Exceptions->errorHandler(2, 'Undefined array...', '/var/www/curren...', 143)
#1 /var/www/current/system/CodeIgniter.php(825): App\Controllers\Console\Account->create()
#2 /var/www/current/system/CodeIgniter.php(412): CodeIgniter\CodeIgniter->runController(Object(App\Controllers\Console\Account))
#3 /var/www/current/system/CodeIgniter.php(320): CodeIgniter\CodeIgniter->handleRequest(NULL, Object(Config\Cache), false)
#4 /var/www/current/htdocs/index.php(37): CodeIgniter\CodeIgniter->run()
#5 {main}
CRITICAL - 2022-06-15 10:36:20 --> trim(): Passing null to parameter #1 ($string) of type string is deprecated
#0 [internal function]: CodeIgniter\Debug\Exceptions->errorHandler(8192, 'trim(): Passing...', '/var/www/curren...', 279)
#1 /var/www/current/system/Validation/Validation.php(279): trim(NULL)
#2 /var/www/current/system/Validation/Validation.php(157): CodeIgniter\Validation\Validation->processRules('name', '\xE3\x83\xA6\xE3\x83\xBC\xE3\x82\xB6\xE5\x90\x8D', NULL, Array, Array)
#3 /var/www/current/app/Controllers/Console/Account.php(304): CodeIgniter\Validation\Validation->run(Array, 'account')
#4 /var/www/current/app/Controllers/Console/Account.php(148): App\Controllers\Console\Account->checkInput(Array, 'account')
#5 /var/www/current/system/CodeIgniter.php(825): App\Controllers\Console\Account->create()
#6 /var/www/current/system/CodeIgniter.php(412): CodeIgniter\CodeIgniter->runController(Object(App\Controllers\Console\Account))
#7 /var/www/current/system/CodeIgniter.php(320): CodeIgniter\CodeIgniter->handleRequest(NULL, Object(Config\Cache), false)
#8 /var/www/current/htdocs/index.php(37): CodeIgniter\CodeIgniter->run()
#9 {main}
CRITICAL - 2022-06-15 10:37:17 --> trim(): Passing null to parameter #1 ($string) of type string is deprecated
#0 [internal function]: CodeIgniter\Debug\Exceptions->errorHandler(8192, 'trim(): Passing...', '/var/www/curren...', 279)
#1 /var/www/current/system/Validation/Validation.php(279): trim(NULL)
#2 /var/www/current/system/Validation/Validation.php(157): CodeIgniter\Validation\Validation->processRules('name', '\xE3\x83\xA6\xE3\x83\xBC\xE3\x82\xB6\xE3\x83\xBC\xE5\x90\x8D', NULL, Array, Array)
#3 /var/www/current/app/Controllers/Console/Account.php(304): CodeIgniter\Validation\Validation->run(Array, 'account')
#4 /var/www/current/app/Controllers/Console/Account.php(148): App\Controllers\Console\Account->checkInput(Array, 'account')
#5 /var/www/current/system/CodeIgniter.php(825): App\Controllers\Console\Account->create()
#6 /var/www/current/system/CodeIgniter.php(412): CodeIgniter\CodeIgniter->runController(Object(App\Controllers\Console\Account))
#7 /var/www/current/system/CodeIgniter.php(320): CodeIgniter\CodeIgniter->handleRequest(NULL, Object(Config\Cache), false)
#8 /var/www/current/htdocs/index.php(37): CodeIgniter\CodeIgniter->run()
#9 {main}
CRITICAL - 2022-06-15 10:41:05 --> App\Controllers\Console\Account::checkInput(): Return value must be of type mixed, none returned
#0 /var/www/current/app/Controllers/Console/Account.php(148): App\Controllers\Console\Account->checkInput(Array, 'account')
#1 /var/www/current/system/CodeIgniter.php(825): App\Controllers\Console\Account->create()
#2 /var/www/current/system/CodeIgniter.php(412): CodeIgniter\CodeIgniter->runController(Object(App\Controllers\Console\Account))
#3 /var/www/current/system/CodeIgniter.php(320): CodeIgniter\CodeIgniter->handleRequest(NULL, Object(Config\Cache), false)
#4 /var/www/current/htdocs/index.php(37): CodeIgniter\CodeIgniter->run()
#5 {main}
CRITICAL - 2022-06-15 11:00:28 --> Unclosed '{' on line 296
#0 /var/www/current/system/Router/Router.php(175): CodeIgniter\Router\Router->autoRoute('Console/Account...')
#1 /var/www/current/system/CodeIgniter.php(719): CodeIgniter\Router\Router->handle('Console/Account...')
#2 /var/www/current/system/CodeIgniter.php(361): CodeIgniter\CodeIgniter->tryToRouteIt(Object(CodeIgniter\Router\RouteCollection))
#3 /var/www/current/system/CodeIgniter.php(320): CodeIgniter\CodeIgniter->handleRequest(NULL, Object(Config\Cache), false)
#4 /var/www/current/htdocs/index.php(37): CodeIgniter\CodeIgniter->run()
#5 {main}
CRITICAL - 2022-06-15 11:03:11 --> passwordPolicy is not a valid rule.
#0 /var/www/current/system/Validation/Validation.php(300): CodeIgniter\Validation\Exceptions\ValidationException::forRuleNotFound('passwordPolicy')
#1 /var/www/current/system/Validation/Validation.php(157): CodeIgniter\Validation\Validation->processRules('password', '\xE3\x83\x91\xE3\x82\xB9\xE3\x83\xAF\xE3\x83\xBC\xE3\x83\x89', 'fhwefkfnwefk', Array, Array)
#2 /var/www/current/app/Controllers/Console/Account.php(305): CodeIgniter\Validation\Validation->run(Array, 'account')
#3 /var/www/current/app/Controllers/Console/Account.php(148): App\Controllers\Console\Account->checkInput(Array, 'account')
#4 /var/www/current/system/CodeIgniter.php(825): App\Controllers\Console\Account->create()
#5 /var/www/current/system/CodeIgniter.php(412): CodeIgniter\CodeIgniter->runController(Object(App\Controllers\Console\Account))
#6 /var/www/current/system/CodeIgniter.php(320): CodeIgniter\CodeIgniter->handleRequest(NULL, Object(Config\Cache), false)
#7 /var/www/current/htdocs/index.php(37): CodeIgniter\CodeIgniter->run()
#8 {main}
CRITICAL - 2022-06-15 11:04:32 --> passwordPolicy is not a valid rule.
#0 /var/www/current/system/Validation/Validation.php(300): CodeIgniter\Validation\Exceptions\ValidationException::forRuleNotFound('passwordPolicy')
#1 /var/www/current/system/Validation/Validation.php(157): CodeIgniter\Validation\Validation->processRules('password', '\xE3\x83\x91\xE3\x82\xB9\xE3\x83\xAF\xE3\x83\xBC\xE3\x83\x89', 'Test@0000', Array, Array)
#2 /var/www/current/app/Controllers/Console/Account.php(305): CodeIgniter\Validation\Validation->run(Array, 'account')
#3 /var/www/current/app/Controllers/Console/Account.php(148): App\Controllers\Console\Account->checkInput(Array, 'account')
#4 /var/www/current/system/CodeIgniter.php(825): App\Controllers\Console\Account->create()
#5 /var/www/current/system/CodeIgniter.php(412): CodeIgniter\CodeIgniter->runController(Object(App\Controllers\Console\Account))
#6 /var/www/current/system/CodeIgniter.php(320): CodeIgniter\CodeIgniter->handleRequest(NULL, Object(Config\Cache), false)
#7 /var/www/current/htdocs/index.php(37): CodeIgniter\CodeIgniter->run()
#8 {main}
CRITICAL - 2022-06-15 11:07:36 --> passwordPolicy is not a valid rule.
#0 /var/www/current/system/Validation/Validation.php(300): CodeIgniter\Validation\Exceptions\ValidationException::forRuleNotFound('passwordPolicy')
#1 /var/www/current/system/Validation/Validation.php(157): CodeIgniter\Validation\Validation->processRules('password', '\xE3\x83\x91\xE3\x82\xB9\xE3\x83\xAF\xE3\x83\xBC\xE3\x83\x89', 'Test@0000', Array, Array)
#2 /var/www/current/app/Controllers/Console/Account.php(305): CodeIgniter\Validation\Validation->run(Array, 'account')
#3 /var/www/current/app/Controllers/Console/Account.php(148): App\Controllers\Console\Account->checkInput(Array, 'account')
#4 /var/www/current/system/CodeIgniter.php(825): App\Controllers\Console\Account->create()
#5 /var/www/current/system/CodeIgniter.php(412): CodeIgniter\CodeIgniter->runController(Object(App\Controllers\Console\Account))
#6 /var/www/current/system/CodeIgniter.php(320): CodeIgniter\CodeIgniter->handleRequest(NULL, Object(Config\Cache), false)
#7 /var/www/current/htdocs/index.php(37): CodeIgniter\CodeIgniter->run()
#8 {main}
CRITICAL - 2022-06-15 11:14:09 --> Class "Config\CustomRules" not found
#0 /var/www/current/system/Validation/Validation.php(115): CodeIgniter\Validation\Validation->loadRuleSets()
#1 /var/www/current/app/Controllers/Console/Account.php(305): CodeIgniter\Validation\Validation->run(Array, 'account')
#2 /var/www/current/app/Controllers/Console/Account.php(148): App\Controllers\Console\Account->checkInput(Array, 'account')
#3 /var/www/current/system/CodeIgniter.php(825): App\Controllers\Console\Account->create()
#4 /var/www/current/system/CodeIgniter.php(412): CodeIgniter\CodeIgniter->runController(Object(App\Controllers\Console\Account))
#5 /var/www/current/system/CodeIgniter.php(320): CodeIgniter\CodeIgniter->handleRequest(NULL, Object(Config\Cache), false)
#6 /var/www/current/htdocs/index.php(37): CodeIgniter\CodeIgniter->run()
#7 {main}
CRITICAL - 2022-06-15 11:27:13 --> Undefined array key "id"
#0 /var/www/current/app/Views/Console/account/new.php(96): CodeIgniter\Debug\Exceptions->errorHandler(2, 'Undefined array...', '/var/www/curren...', 96)
#1 /var/www/current/system/View/View.php(210): include('/var/www/curren...')
#2 /var/www/current/system/View/View.php(213): CodeIgniter\View\View->CodeIgniter\View\{closure}()
#3 /var/www/current/system/Common.php(1089): CodeIgniter\View\View->render('Console/account...', Array, true)
#4 /var/www/current/app/Controllers/Console/Account.php(173): view('Console/account...', Array)
#5 /var/www/current/system/CodeIgniter.php(825): App\Controllers\Console\Account->create()
#6 /var/www/current/system/CodeIgniter.php(412): CodeIgniter\CodeIgniter->runController(Object(App\Controllers\Console\Account))
#7 /var/www/current/system/CodeIgniter.php(320): CodeIgniter\CodeIgniter->handleRequest(NULL, Object(Config\Cache), false)
#8 /var/www/current/htdocs/index.php(37): CodeIgniter\CodeIgniter->run()
#9 {main}
CRITICAL - 2022-06-15 11:27:54 --> Undefined array key "id"
#0 /var/www/current/app/Views/Console/account/new.php(96): CodeIgniter\Debug\Exceptions->errorHandler(2, 'Undefined array...', '/var/www/curren...', 96)
#1 /var/www/current/system/View/View.php(210): include('/var/www/curren...')
#2 /var/www/current/system/View/View.php(213): CodeIgniter\View\View->CodeIgniter\View\{closure}()
#3 /var/www/current/system/Common.php(1089): CodeIgniter\View\View->render('Console/account...', Array, true)
#4 /var/www/current/app/Controllers/Console/Account.php(173): view('Console/account...', Array)
#5 /var/www/current/system/CodeIgniter.php(825): App\Controllers\Console\Account->create()
#6 /var/www/current/system/CodeIgniter.php(412): CodeIgniter\CodeIgniter->runController(Object(App\Controllers\Console\Account))
#7 /var/www/current/system/CodeIgniter.php(320): CodeIgniter\CodeIgniter->handleRequest(NULL, Object(Config\Cache), false)
#8 /var/www/current/htdocs/index.php(37): CodeIgniter\CodeIgniter->run()
#9 {main}
CRITICAL - 2022-06-15 11:28:11 --> Undefined array key "id"
#0 /var/www/current/app/Views/Console/account/new.php(96): CodeIgniter\Debug\Exceptions->errorHandler(2, 'Undefined array...', '/var/www/curren...', 96)
#1 /var/www/current/system/View/View.php(210): include('/var/www/curren...')
#2 /var/www/current/system/View/View.php(213): CodeIgniter\View\View->CodeIgniter\View\{closure}()
#3 /var/www/current/system/Common.php(1089): CodeIgniter\View\View->render('Console/account...', Array, true)
#4 /var/www/current/app/Controllers/Console/Account.php(173): view('Console/account...', Array)
#5 /var/www/current/system/CodeIgniter.php(825): App\Controllers\Console\Account->create()
#6 /var/www/current/system/CodeIgniter.php(412): CodeIgniter\CodeIgniter->runController(Object(App\Controllers\Console\Account))
#7 /var/www/current/system/CodeIgniter.php(320): CodeIgniter\CodeIgniter->handleRequest(NULL, Object(Config\Cache), false)
#8 /var/www/current/htdocs/index.php(37): CodeIgniter\CodeIgniter->run()
#9 {main}
CRITICAL - 2022-06-15 11:30:55 --> Undefined array key "id"
#0 /var/www/current/app/Views/Console/account/new.php(96): CodeIgniter\Debug\Exceptions->errorHandler(2, 'Undefined array...', '/var/www/curren...', 96)
#1 /var/www/current/system/View/View.php(210): include('/var/www/curren...')
#2 /var/www/current/system/View/View.php(213): CodeIgniter\View\View->CodeIgniter\View\{closure}()
#3 /var/www/current/system/Common.php(1089): CodeIgniter\View\View->render('Console/account...', Array, true)
#4 /var/www/current/app/Controllers/Console/Account.php(173): view('Console/account...', Array)
#5 /var/www/current/system/CodeIgniter.php(825): App\Controllers\Console\Account->create()
#6 /var/www/current/system/CodeIgniter.php(412): CodeIgniter\CodeIgniter->runController(Object(App\Controllers\Console\Account))
#7 /var/www/current/system/CodeIgniter.php(320): CodeIgniter\CodeIgniter->handleRequest(NULL, Object(Config\Cache), false)
#8 /var/www/current/htdocs/index.php(37): CodeIgniter\CodeIgniter->run()
#9 {main}
CRITICAL - 2022-06-15 11:36:51 --> Undefined array key "id"
#0 /var/www/current/app/Views/Console/account/new.php(96): CodeIgniter\Debug\Exceptions->errorHandler(2, 'Undefined array...', '/var/www/curren...', 96)
#1 /var/www/current/system/View/View.php(210): include('/var/www/curren...')
#2 /var/www/current/system/View/View.php(213): CodeIgniter\View\View->CodeIgniter\View\{closure}()
#3 /var/www/current/system/Common.php(1089): CodeIgniter\View\View->render('Console/account...', Array, true)
#4 /var/www/current/app/Controllers/Console/Account.php(157): view('Console/account...', Array)
#5 /var/www/current/system/CodeIgniter.php(825): App\Controllers\Console\Account->create()
#6 /var/www/current/system/CodeIgniter.php(412): CodeIgniter\CodeIgniter->runController(Object(App\Controllers\Console\Account))
#7 /var/www/current/system/CodeIgniter.php(320): CodeIgniter\CodeIgniter->handleRequest(NULL, Object(Config\Cache), false)
#8 /var/www/current/htdocs/index.php(37): CodeIgniter\CodeIgniter->run()
#9 {main}
CRITICAL - 2022-06-15 11:37:18 --> Undefined array key "id"
#0 /var/www/current/app/Views/Console/account/new.php(96): CodeIgniter\Debug\Exceptions->errorHandler(2, 'Undefined array...', '/var/www/curren...', 96)
#1 /var/www/current/system/View/View.php(210): include('/var/www/curren...')
#2 /var/www/current/system/View/View.php(213): CodeIgniter\View\View->CodeIgniter\View\{closure}()
#3 /var/www/current/system/Common.php(1089): CodeIgniter\View\View->render('Console/account...', Array, true)
#4 /var/www/current/app/Controllers/Console/Account.php(157): view('Console/account...', Array)
#5 /var/www/current/system/CodeIgniter.php(825): App\Controllers\Console\Account->create()
#6 /var/www/current/system/CodeIgniter.php(412): CodeIgniter\CodeIgniter->runController(Object(App\Controllers\Console\Account))
#7 /var/www/current/system/CodeIgniter.php(320): CodeIgniter\CodeIgniter->handleRequest(NULL, Object(Config\Cache), false)
#8 /var/www/current/htdocs/index.php(37): CodeIgniter\CodeIgniter->run()
#9 {main}
CRITICAL - 2022-06-15 11:42:12 --> Undefined array key "id"
#0 /var/www/current/app/Views/Console/account/new.php(96): CodeIgniter\Debug\Exceptions->errorHandler(2, 'Undefined array...', '/var/www/curren...', 96)
#1 /var/www/current/system/View/View.php(210): include('/var/www/curren...')
#2 /var/www/current/system/View/View.php(213): CodeIgniter\View\View->CodeIgniter\View\{closure}()
#3 /var/www/current/system/Common.php(1089): CodeIgniter\View\View->render('Console/account...', Array, true)
#4 /var/www/current/app/Controllers/Console/Account.php(160): view('Console/account...', Array)
#5 /var/www/current/system/CodeIgniter.php(825): App\Controllers\Console\Account->create()
#6 /var/www/current/system/CodeIgniter.php(412): CodeIgniter\CodeIgniter->runController(Object(App\Controllers\Console\Account))
#7 /var/www/current/system/CodeIgniter.php(320): CodeIgniter\CodeIgniter->handleRequest(NULL, Object(Config\Cache), false)
#8 /var/www/current/htdocs/index.php(37): CodeIgniter\CodeIgniter->run()
#9 {main}
CRITICAL - 2022-06-15 11:52:22 --> Undefined variable $errorMessage
#0 /var/www/current/app/Views/console/account/new.php(92): CodeIgniter\Debug\Exceptions->errorHandler(2, 'Undefined varia...', '/var/www/curren...', 92)
#1 /var/www/current/system/View/View.php(210): include('/var/www/curren...')
#2 /var/www/current/system/View/View.php(213): CodeIgniter\View\View->CodeIgniter\View\{closure}()
#3 /var/www/current/system/Common.php(1089): CodeIgniter\View\View->render('console/account...', Array, true)
#4 /var/www/current/app/Controllers/Console/Account.php(71): view('console/account...', Array)
#5 /var/www/current/system/CodeIgniter.php(825): App\Controllers\Console\Account->new()
#6 /var/www/current/system/CodeIgniter.php(412): CodeIgniter\CodeIgniter->runController(Object(App\Controllers\Console\Account))
#7 /var/www/current/system/CodeIgniter.php(320): CodeIgniter\CodeIgniter->handleRequest(NULL, Object(Config\Cache), false)
#8 /var/www/current/htdocs/index.php(37): CodeIgniter\CodeIgniter->run()
#9 {main}
CRITICAL - 2022-06-15 11:52:25 --> Undefined variable $errorMessage
#0 /var/www/current/app/Views/console/account/new.php(92): CodeIgniter\Debug\Exceptions->errorHandler(2, 'Undefined varia...', '/var/www/curren...', 92)
#1 /var/www/current/system/View/View.php(210): include('/var/www/curren...')
#2 /var/www/current/system/View/View.php(213): CodeIgniter\View\View->CodeIgniter\View\{closure}()
#3 /var/www/current/system/Common.php(1089): CodeIgniter\View\View->render('console/account...', Array, true)
#4 /var/www/current/app/Controllers/Console/Account.php(71): view('console/account...', Array)
#5 /var/www/current/system/CodeIgniter.php(825): App\Controllers\Console\Account->new()
#6 /var/www/current/system/CodeIgniter.php(412): CodeIgniter\CodeIgniter->runController(Object(App\Controllers\Console\Account))
#7 /var/www/current/system/CodeIgniter.php(320): CodeIgniter\CodeIgniter->handleRequest(NULL, Object(Config\Cache), false)
#8 /var/www/current/htdocs/index.php(37): CodeIgniter\CodeIgniter->run()
#9 {main}
CRITICAL - 2022-06-15 11:53:08 --> Undefined variable $errorMessage
#0 /var/www/current/app/Views/console/account/new.php(92): CodeIgniter\Debug\Exceptions->errorHandler(2, 'Undefined varia...', '/var/www/curren...', 92)
#1 /var/www/current/system/View/View.php(210): include('/var/www/curren...')
#2 /var/www/current/system/View/View.php(213): CodeIgniter\View\View->CodeIgniter\View\{closure}()
#3 /var/www/current/system/Common.php(1089): CodeIgniter\View\View->render('console/account...', Array, true)
#4 /var/www/current/app/Controllers/Console/Account.php(71): view('console/account...', Array)
#5 /var/www/current/system/CodeIgniter.php(825): App\Controllers\Console\Account->new()
#6 /var/www/current/system/CodeIgniter.php(412): CodeIgniter\CodeIgniter->runController(Object(App\Controllers\Console\Account))
#7 /var/www/current/system/CodeIgniter.php(320): CodeIgniter\CodeIgniter->handleRequest(NULL, Object(Config\Cache), false)
#8 /var/www/current/htdocs/index.php(37): CodeIgniter\CodeIgniter->run()
#9 {main}
CRITICAL - 2022-06-15 11:54:41 --> trim(): Passing null to parameter #1 ($string) of type string is deprecated
#0 [internal function]: CodeIgniter\Debug\Exceptions->errorHandler(8192, 'trim(): Passing...', '/var/www/curren...', 279)
#1 /var/www/current/system/Validation/Validation.php(279): trim(NULL)
#2 /var/www/current/system/Validation/Validation.php(157): CodeIgniter\Validation\Validation->processRules('name', '\xE3\x83\xA6\xE3\x83\xBC\xE3\x82\xB6\xE3\x83\xBC\xE5\x90\x8D', NULL, Array, Array)
#3 /var/www/current/app/Controllers/Console/Account.php(315): CodeIgniter\Validation\Validation->run(Array, 'account')
#4 /var/www/current/app/Controllers/Console/Account.php(132): App\Controllers\Console\Account->checkInput(Array, 'account')
#5 /var/www/current/system/CodeIgniter.php(825): App\Controllers\Console\Account->create()
#6 /var/www/current/system/CodeIgniter.php(412): CodeIgniter\CodeIgniter->runController(Object(App\Controllers\Console\Account))
#7 /var/www/current/system/CodeIgniter.php(320): CodeIgniter\CodeIgniter->handleRequest(NULL, Object(Config\Cache), false)
#8 /var/www/current/htdocs/index.php(37): CodeIgniter\CodeIgniter->run()
#9 {main}
CRITICAL - 2022-06-15 11:54:43 --> trim(): Passing null to parameter #1 ($string) of type string is deprecated
#0 [internal function]: CodeIgniter\Debug\Exceptions->errorHandler(8192, 'trim(): Passing...', '/var/www/curren...', 279)
#1 /var/www/current/system/Validation/Validation.php(279): trim(NULL)
#2 /var/www/current/system/Validation/Validation.php(157): CodeIgniter\Validation\Validation->processRules('name', '\xE3\x83\xA6\xE3\x83\xBC\xE3\x82\xB6\xE3\x83\xBC\xE5\x90\x8D', NULL, Array, Array)
#3 /var/www/current/app/Controllers/Console/Account.php(315): CodeIgniter\Validation\Validation->run(Array, 'account')
#4 /var/www/current/app/Controllers/Console/Account.php(132): App\Controllers\Console\Account->checkInput(Array, 'account')
#5 /var/www/current/system/CodeIgniter.php(825): App\Controllers\Console\Account->create()
#6 /var/www/current/system/CodeIgniter.php(412): CodeIgniter\CodeIgniter->runController(Object(App\Controllers\Console\Account))
#7 /var/www/current/system/CodeIgniter.php(320): CodeIgniter\CodeIgniter->handleRequest(NULL, Object(Config\Cache), false)
#8 /var/www/current/htdocs/index.php(37): CodeIgniter\CodeIgniter->run()
#9 {main}
CRITICAL - 2022-06-15 12:13:47 --> foreach() argument must be of type array|object, string given
#0 /var/www/current/app/Views/console/account/new.php(95): CodeIgniter\Debug\Exceptions->errorHandler(2, 'foreach() argum...', '/var/www/curren...', 95)
#1 /var/www/current/system/View/View.php(210): include('/var/www/curren...')
#2 /var/www/current/system/View/View.php(213): CodeIgniter\View\View->CodeIgniter\View\{closure}()
#3 /var/www/current/system/Common.php(1089): CodeIgniter\View\View->render('console/account...', Array, true)
#4 /var/www/current/app/Controllers/Console/Account.php(71): view('console/account...', Array)
#5 /var/www/current/system/CodeIgniter.php(825): App\Controllers\Console\Account->new()
#6 /var/www/current/system/CodeIgniter.php(412): CodeIgniter\CodeIgniter->runController(Object(App\Controllers\Console\Account))
#7 /var/www/current/system/CodeIgniter.php(320): CodeIgniter\CodeIgniter->handleRequest(NULL, Object(Config\Cache), false)
#8 /var/www/current/htdocs/index.php(37): CodeIgniter\CodeIgniter->run()
#9 {main}
CRITICAL - 2022-06-15 12:38:58 --> Undefined variable $errorCount
#0 /var/www/current/app/Controllers/Console/Account.php(204): CodeIgniter\Debug\Exceptions->errorHandler(2, 'Undefined varia...', '/var/www/curren...', 204)
#1 /var/www/current/system/CodeIgniter.php(825): App\Controllers\Console\Account->create()
#2 /var/www/current/system/CodeIgniter.php(412): CodeIgniter\CodeIgniter->runController(Object(App\Controllers\Console\Account))
#3 /var/www/current/system/CodeIgniter.php(320): CodeIgniter\CodeIgniter->handleRequest(NULL, Object(Config\Cache), false)
#4 /var/www/current/htdocs/index.php(37): CodeIgniter\CodeIgniter->run()
#5 {main}
CRITICAL - 2022-06-15 12:39:49 --> Undefined variable $errorCount
#0 /var/www/current/app/Controllers/Console/Account.php(204): CodeIgniter\Debug\Exceptions->errorHandler(2, 'Undefined varia...', '/var/www/curren...', 204)
#1 /var/www/current/system/CodeIgniter.php(825): App\Controllers\Console\Account->create()
#2 /var/www/current/system/CodeIgniter.php(412): CodeIgniter\CodeIgniter->runController(Object(App\Controllers\Console\Account))
#3 /var/www/current/system/CodeIgniter.php(320): CodeIgniter\CodeIgniter->handleRequest(NULL, Object(Config\Cache), false)
#4 /var/www/current/htdocs/index.php(37): CodeIgniter\CodeIgniter->run()
#5 {main}
CRITICAL - 2022-06-15 15:01:24 --> trim(): Passing null to parameter #1 ($string) of type string is deprecated
#0 [internal function]: CodeIgniter\Debug\Exceptions->errorHandler(8192, 'trim(): Passing...', '/var/www/curren...', 279)
#1 /var/www/current/system/Validation/Validation.php(279): trim(NULL)
#2 /var/www/current/system/Validation/Validation.php(157): CodeIgniter\Validation\Validation->processRules('name', '\xE5\x90\x8D\xE5\x89\x8D', NULL, Array, Array)
#3 /var/www/current/app/Controllers/Console/Account.php(286): CodeIgniter\Validation\Validation->run(Array, 'account')
#4 /var/www/current/app/Controllers/Console/Account.php(130): App\Controllers\Console\Account->checkInput(Array, 'account')
#5 /var/www/current/system/CodeIgniter.php(825): App\Controllers\Console\Account->create()
#6 /var/www/current/system/CodeIgniter.php(412): CodeIgniter\CodeIgniter->runController(Object(App\Controllers\Console\Account))
#7 /var/www/current/system/CodeIgniter.php(320): CodeIgniter\CodeIgniter->handleRequest(NULL, Object(Config\Cache), false)
#8 /var/www/current/htdocs/index.php(37): CodeIgniter\CodeIgniter->run()
#9 {main}
CRITICAL - 2022-06-15 15:15:03 --> Undefined variable $errorMessage
#0 /var/www/current/app/Views/Console/account/login.php(27): CodeIgniter\Debug\Exceptions->errorHandler(2, 'Undefined varia...', '/var/www/curren...', 27)
#1 /var/www/current/system/View/View.php(210): include('/var/www/curren...')
#2 /var/www/current/system/View/View.php(213): CodeIgniter\View\View->CodeIgniter\View\{closure}()
#3 /var/www/current/system/Common.php(1089): CodeIgniter\View\View->render('Console/account...', Array, true)
#4 /var/www/current/app/Controllers/Console/Login.php(138): view('Console/account...', Array)
#5 /var/www/current/system/CodeIgniter.php(825): App\Controllers\Console\Login->auth()
#6 /var/www/current/system/CodeIgniter.php(412): CodeIgniter\CodeIgniter->runController(Object(App\Controllers\Console\Login))
#7 /var/www/current/system/CodeIgniter.php(320): CodeIgniter\CodeIgniter->handleRequest(NULL, Object(Config\Cache), false)
#8 /var/www/current/htdocs/index.php(37): CodeIgniter\CodeIgniter->run()
#9 {main}
CRITICAL - 2022-06-15 15:15:12 --> Undefined variable $errorMessage
#0 /var/www/current/app/Views/Console/account/login.php(27): CodeIgniter\Debug\Exceptions->errorHandler(2, 'Undefined varia...', '/var/www/curren...', 27)
#1 /var/www/current/system/View/View.php(210): include('/var/www/curren...')
#2 /var/www/current/system/View/View.php(213): CodeIgniter\View\View->CodeIgniter\View\{closure}()
#3 /var/www/current/system/Common.php(1089): CodeIgniter\View\View->render('Console/account...', Array, true)
#4 /var/www/current/app/Controllers/Console/Login.php(138): view('Console/account...', Array)
#5 /var/www/current/system/CodeIgniter.php(825): App\Controllers\Console\Login->auth()
#6 /var/www/current/system/CodeIgniter.php(412): CodeIgniter\CodeIgniter->runController(Object(App\Controllers\Console\Login))
#7 /var/www/current/system/CodeIgniter.php(320): CodeIgniter\CodeIgniter->handleRequest(NULL, Object(Config\Cache), false)
#8 /var/www/current/htdocs/index.php(37): CodeIgniter\CodeIgniter->run()
#9 {main}
ERROR - 2022-06-15 15:33:49 --> Table 'codeigniter4_base_dev.account' doesn't exist
CRITICAL - 2022-06-15 15:33:49 --> Table 'codeigniter4_base_dev.account' doesn't exist
#0 /var/www/current/system/Database/MySQLi/Connection.php(292): mysqli->query('SELECT 1\nFROM `...', 0)
#1 /var/www/current/system/Database/BaseConnection.php(670): CodeIgniter\Database\MySQLi\Connection->execute('SELECT 1\nFROM `...')
#2 /var/www/current/system/Database/BaseConnection.php(598): CodeIgniter\Database\BaseConnection->simpleQuery('SELECT 1\nFROM `...')
#3 /var/www/current/system/Database/BaseBuilder.php(1455): CodeIgniter\Database\BaseConnection->query('SELECT 1\nFROM `...', Array, false)
#4 /var/www/current/system/Validation/Rules.php(142): CodeIgniter\Database\BaseBuilder->get()
#5 /var/www/current/system/Validation/Validation.php(292): CodeIgniter\Validation\Rules->is_unique('test@gmail.com', 'email', Array, NULL)
#6 /var/www/current/system/Validation/Validation.php(157): CodeIgniter\Validation\Validation->processRules('email', '\xE3\x83\xAD\xE3\x82\xB0\xE3\x82\xA4\xE3\x83\xB3\xE3\x82\xA2...', 'test@gmail.com', Array, Array)
#7 /var/www/current/app/Controllers/Console/Login.php(173): CodeIgniter\Validation\Validation->run(Array, 'loginCheck')
#8 /var/www/current/app/Controllers/Console/Login.php(71): App\Controllers\Console\Login->checkInput(Array, 'loginCheck')
#9 /var/www/current/system/CodeIgniter.php(825): App\Controllers\Console\Login->auth()
#10 /var/www/current/system/CodeIgniter.php(412): CodeIgniter\CodeIgniter->runController(Object(App\Controllers\Console\Login))
#11 /var/www/current/system/CodeIgniter.php(320): CodeIgniter\CodeIgniter->handleRequest(NULL, Object(Config\Cache), false)
#12 /var/www/current/htdocs/index.php(37): CodeIgniter\CodeIgniter->run()
#13 {main}
ERROR - 2022-06-15 15:35:39 --> Table 'codeigniter4_base_dev.account' doesn't exist
CRITICAL - 2022-06-15 15:35:39 --> Table 'codeigniter4_base_dev.account' doesn't exist
#0 /var/www/current/system/Database/MySQLi/Connection.php(292): mysqli->query('SELECT 1\nFROM `...', 0)
#1 /var/www/current/system/Database/BaseConnection.php(670): CodeIgniter\Database\MySQLi\Connection->execute('SELECT 1\nFROM `...')
#2 /var/www/current/system/Database/BaseConnection.php(598): CodeIgniter\Database\BaseConnection->simpleQuery('SELECT 1\nFROM `...')
#3 /var/www/current/system/Database/BaseBuilder.php(1455): CodeIgniter\Database\BaseConnection->query('SELECT 1\nFROM `...', Array, false)
#4 /var/www/current/system/Validation/Rules.php(142): CodeIgniter\Database\BaseBuilder->get()
#5 /var/www/current/system/Validation/Validation.php(292): CodeIgniter\Validation\Rules->is_unique('test@gmail.com', 'email', Array, NULL)
#6 /var/www/current/system/Validation/Validation.php(157): CodeIgniter\Validation\Validation->processRules('email', '\xE3\x83\xAD\xE3\x82\xB0\xE3\x82\xA4\xE3\x83\xB3\xE3\x82\xA2...', 'test@gmail.com', Array, Array)
#7 /var/www/current/app/Controllers/Console/Login.php(160): CodeIgniter\Validation\Validation->run(Array, 'loginCheck')
#8 /var/www/current/app/Controllers/Console/Login.php(71): App\Controllers\Console\Login->checkInput(Array, 'loginCheck')
#9 /var/www/current/system/CodeIgniter.php(825): App\Controllers\Console\Login->auth()
#10 /var/www/current/system/CodeIgniter.php(412): CodeIgniter\CodeIgniter->runController(Object(App\Controllers\Console\Login))
#11 /var/www/current/system/CodeIgniter.php(320): CodeIgniter\CodeIgniter->handleRequest(NULL, Object(Config\Cache), false)
#12 /var/www/current/htdocs/index.php(37): CodeIgniter\CodeIgniter->run()
#13 {main}
ERROR - 2022-06-15 15:36:29 --> Table 'codeigniter4_base_dev.account' doesn't exist
CRITICAL - 2022-06-15 15:36:29 --> Table 'codeigniter4_base_dev.account' doesn't exist
#0 /var/www/current/system/Database/MySQLi/Connection.php(292): mysqli->query('SELECT 1\nFROM `...', 0)
#1 /var/www/current/system/Database/BaseConnection.php(670): CodeIgniter\Database\MySQLi\Connection->execute('SELECT 1\nFROM `...')
#2 /var/www/current/system/Database/BaseConnection.php(598): CodeIgniter\Database\BaseConnection->simpleQuery('SELECT 1\nFROM `...')
#3 /var/www/current/system/Database/BaseBuilder.php(1455): CodeIgniter\Database\BaseConnection->query('SELECT 1\nFROM `...', Array, false)
#4 /var/www/current/system/Validation/Rules.php(142): CodeIgniter\Database\BaseBuilder->get()
#5 /var/www/current/system/Validation/Validation.php(292): CodeIgniter\Validation\Rules->is_unique('test@gmail.com', 'email', Array, NULL)
#6 /var/www/current/system/Validation/Validation.php(157): CodeIgniter\Validation\Validation->processRules('email', '\xE3\x83\xAD\xE3\x82\xB0\xE3\x82\xA4\xE3\x83\xB3\xE3\x82\xA2...', 'test@gmail.com', Array, Array)
#7 /var/www/current/app/Controllers/Console/Login.php(160): CodeIgniter\Validation\Validation->run(Array, 'loginCheck')
#8 /var/www/current/app/Controllers/Console/Login.php(71): App\Controllers\Console\Login->checkInput(Array, 'loginCheck')
#9 /var/www/current/system/CodeIgniter.php(825): App\Controllers\Console\Login->auth()
#10 /var/www/current/system/CodeIgniter.php(412): CodeIgniter\CodeIgniter->runController(Object(App\Controllers\Console\Login))
#11 /var/www/current/system/CodeIgniter.php(320): CodeIgniter\CodeIgniter->handleRequest(NULL, Object(Config\Cache), false)
#12 /var/www/current/htdocs/index.php(37): CodeIgniter\CodeIgniter->run()
#13 {main}
ERROR - 2022-06-15 15:37:44 --> Table 'codeigniter4_base_dev.account' doesn't exist
CRITICAL - 2022-06-15 15:37:44 --> Table 'codeigniter4_base_dev.account' doesn't exist
#0 /var/www/current/system/Database/MySQLi/Connection.php(292): mysqli->query('SELECT 1\nFROM `...', 0)
#1 /var/www/current/system/Database/BaseConnection.php(670): CodeIgniter\Database\MySQLi\Connection->execute('SELECT 1\nFROM `...')
#2 /var/www/current/system/Database/BaseConnection.php(598): CodeIgniter\Database\BaseConnection->simpleQuery('SELECT 1\nFROM `...')
#3 /var/www/current/system/Database/BaseBuilder.php(1455): CodeIgniter\Database\BaseConnection->query('SELECT 1\nFROM `...', Array, false)
#4 /var/www/current/system/Validation/Rules.php(142): CodeIgniter\Database\BaseBuilder->get()
#5 /var/www/current/system/Validation/Validation.php(292): CodeIgniter\Validation\Rules->is_unique('test@gmail.com', 'email', Array, NULL)
#6 /var/www/current/system/Validation/Validation.php(157): CodeIgniter\Validation\Validation->processRules('email', '\xE3\x83\xAD\xE3\x82\xB0\xE3\x82\xA4\xE3\x83\xB3\xE3\x82\xA2...', 'test@gmail.com', Array, Array)
#7 /var/www/current/app/Controllers/Console/Login.php(163): CodeIgniter\Validation\Validation->run(Array, 'loginCheck')
#8 /var/www/current/app/Controllers/Console/Login.php(71): App\Controllers\Console\Login->checkInput(Array, 'loginCheck')
#9 /var/www/current/system/CodeIgniter.php(825): App\Controllers\Console\Login->auth()
#10 /var/www/current/system/CodeIgniter.php(412): CodeIgniter\CodeIgniter->runController(Object(App\Controllers\Console\Login))
#11 /var/www/current/system/CodeIgniter.php(320): CodeIgniter\CodeIgniter->handleRequest(NULL, Object(Config\Cache), false)
#12 /var/www/current/htdocs/index.php(37): CodeIgniter\CodeIgniter->run()
#13 {main}
ERROR - 2022-06-15 15:37:56 --> Table 'codeigniter4_base_dev.account' doesn't exist
CRITICAL - 2022-06-15 15:37:56 --> Table 'codeigniter4_base_dev.account' doesn't exist
#0 /var/www/current/system/Database/MySQLi/Connection.php(292): mysqli->query('SELECT 1\nFROM `...', 0)
#1 /var/www/current/system/Database/BaseConnection.php(670): CodeIgniter\Database\MySQLi\Connection->execute('SELECT 1\nFROM `...')
#2 /var/www/current/system/Database/BaseConnection.php(598): CodeIgniter\Database\BaseConnection->simpleQuery('SELECT 1\nFROM `...')
#3 /var/www/current/system/Database/BaseBuilder.php(1455): CodeIgniter\Database\BaseConnection->query('SELECT 1\nFROM `...', Array, false)
#4 /var/www/current/system/Validation/Rules.php(142): CodeIgniter\Database\BaseBuilder->get()
#5 /var/www/current/system/Validation/Validation.php(292): CodeIgniter\Validation\Rules->is_unique('okada@gmail.com', 'email', Array, NULL)
#6 /var/www/current/system/Validation/Validation.php(157): CodeIgniter\Validation\Validation->processRules('email', '\xE3\x83\xAD\xE3\x82\xB0\xE3\x82\xA4\xE3\x83\xB3\xE3\x82\xA2...', 'okada@gmail.com', Array, Array)
#7 /var/www/current/app/Controllers/Console/Login.php(163): CodeIgniter\Validation\Validation->run(Array, 'loginCheck')
#8 /var/www/current/app/Controllers/Console/Login.php(71): App\Controllers\Console\Login->checkInput(Array, 'loginCheck')
#9 /var/www/current/system/CodeIgniter.php(825): App\Controllers\Console\Login->auth()
#10 /var/www/current/system/CodeIgniter.php(412): CodeIgniter\CodeIgniter->runController(Object(App\Controllers\Console\Login))
#11 /var/www/current/system/CodeIgniter.php(320): CodeIgniter\CodeIgniter->handleRequest(NULL, Object(Config\Cache), false)
#12 /var/www/current/htdocs/index.php(37): CodeIgniter\CodeIgniter->run()
#13 {main}
ERROR - 2022-06-15 15:39:02 --> Table 'codeigniter4_base_dev.account' doesn't exist
CRITICAL - 2022-06-15 15:39:03 --> Table 'codeigniter4_base_dev.account' doesn't exist
#0 /var/www/current/system/Database/MySQLi/Connection.php(292): mysqli->query('SELECT 1\nFROM `...', 0)
#1 /var/www/current/system/Database/BaseConnection.php(670): CodeIgniter\Database\MySQLi\Connection->execute('SELECT 1\nFROM `...')
#2 /var/www/current/system/Database/BaseConnection.php(598): CodeIgniter\Database\BaseConnection->simpleQuery('SELECT 1\nFROM `...')
#3 /var/www/current/system/Database/BaseBuilder.php(1455): CodeIgniter\Database\BaseConnection->query('SELECT 1\nFROM `...', Array, false)
#4 /var/www/current/system/Validation/Rules.php(142): CodeIgniter\Database\BaseBuilder->get()
#5 /var/www/current/system/Validation/Validation.php(292): CodeIgniter\Validation\Rules->is_unique('test@gmail.com', 'email', Array, NULL)
#6 /var/www/current/system/Validation/Validation.php(157): CodeIgniter\Validation\Validation->processRules('email', '\xE3\x83\xAD\xE3\x82\xB0\xE3\x82\xA4\xE3\x83\xB3\xE3\x82\xA2...', 'test@gmail.com', Array, Array)
#7 /var/www/current/app/Controllers/Console/Login.php(163): CodeIgniter\Validation\Validation->run(Array, 'loginCheck')
#8 /var/www/current/app/Controllers/Console/Login.php(71): App\Controllers\Console\Login->checkInput(Array, 'loginCheck')
#9 /var/www/current/system/CodeIgniter.php(825): App\Controllers\Console\Login->auth()
#10 /var/www/current/system/CodeIgniter.php(412): CodeIgniter\CodeIgniter->runController(Object(App\Controllers\Console\Login))
#11 /var/www/current/system/CodeIgniter.php(320): CodeIgniter\CodeIgniter->handleRequest(NULL, Object(Config\Cache), false)
#12 /var/www/current/htdocs/index.php(37): CodeIgniter\CodeIgniter->run()
#13 {main}
ERROR - 2022-06-15 15:42:51 --> Table 'codeigniter4_base_dev.account' doesn't exist
CRITICAL - 2022-06-15 15:42:51 --> Table 'codeigniter4_base_dev.account' doesn't exist
#0 /var/www/current/system/Database/MySQLi/Connection.php(292): mysqli->query('SELECT 1\nFROM `...', 0)
#1 /var/www/current/system/Database/BaseConnection.php(670): CodeIgniter\Database\MySQLi\Connection->execute('SELECT 1\nFROM `...')
#2 /var/www/current/system/Database/BaseConnection.php(598): CodeIgniter\Database\BaseConnection->simpleQuery('SELECT 1\nFROM `...')
#3 /var/www/current/system/Database/BaseBuilder.php(1455): CodeIgniter\Database\BaseConnection->query('SELECT 1\nFROM `...', Array, false)
#4 /var/www/current/system/Validation/Rules.php(142): CodeIgniter\Database\BaseBuilder->get()
#5 /var/www/current/system/Validation/Validation.php(292): CodeIgniter\Validation\Rules->is_unique('test@gmail.com', 'email', Array, NULL)
#6 /var/www/current/system/Validation/Validation.php(157): CodeIgniter\Validation\Validation->processRules('email', '\xE3\x83\xAD\xE3\x82\xB0\xE3\x82\xA4\xE3\x83\xB3\xE3\x82\xA2...', 'test@gmail.com', Array, Array)
#7 /var/www/current/app/Controllers/Console/Login.php(163): CodeIgniter\Validation\Validation->run(Array, 'loginCheck')
#8 /var/www/current/app/Controllers/Console/Login.php(71): App\Controllers\Console\Login->checkInput(Array, 'loginCheck')
#9 /var/www/current/system/CodeIgniter.php(825): App\Controllers\Console\Login->auth()
#10 /var/www/current/system/CodeIgniter.php(412): CodeIgniter\CodeIgniter->runController(Object(App\Controllers\Console\Login))
#11 /var/www/current/system/CodeIgniter.php(320): CodeIgniter\CodeIgniter->handleRequest(NULL, Object(Config\Cache), false)
#12 /var/www/current/htdocs/index.php(37): CodeIgniter\CodeIgniter->run()
#13 {main}
CRITICAL - 2022-06-15 15:43:14 --> Unclosed '{' on line 158
#0 /var/www/current/system/Router/Router.php(175): CodeIgniter\Router\Router->autoRoute('Console/Login/a...')
#1 /var/www/current/system/CodeIgniter.php(719): CodeIgniter\Router\Router->handle('Console/Login/a...')
#2 /var/www/current/system/CodeIgniter.php(361): CodeIgniter\CodeIgniter->tryToRouteIt(Object(CodeIgniter\Router\RouteCollection))
#3 /var/www/current/system/CodeIgniter.php(320): CodeIgniter\CodeIgniter->handleRequest(NULL, Object(Config\Cache), false)
#4 /var/www/current/htdocs/index.php(37): CodeIgniter\CodeIgniter->run()
#5 {main}
ERROR - 2022-06-15 15:43:24 --> Table 'codeigniter4_base_dev.account' doesn't exist
CRITICAL - 2022-06-15 15:43:24 --> Table 'codeigniter4_base_dev.account' doesn't exist
#0 /var/www/current/system/Database/MySQLi/Connection.php(292): mysqli->query('SELECT 1\nFROM `...', 0)
#1 /var/www/current/system/Database/BaseConnection.php(670): CodeIgniter\Database\MySQLi\Connection->execute('SELECT 1\nFROM `...')
#2 /var/www/current/system/Database/BaseConnection.php(598): CodeIgniter\Database\BaseConnection->simpleQuery('SELECT 1\nFROM `...')
#3 /var/www/current/system/Database/BaseBuilder.php(1455): CodeIgniter\Database\BaseConnection->query('SELECT 1\nFROM `...', Array, false)
#4 /var/www/current/system/Validation/Rules.php(142): CodeIgniter\Database\BaseBuilder->get()
#5 /var/www/current/system/Validation/Validation.php(292): CodeIgniter\Validation\Rules->is_unique('test@gmail.com', 'email', Array, NULL)
#6 /var/www/current/system/Validation/Validation.php(157): CodeIgniter\Validation\Validation->processRules('email', '\xE3\x83\xAD\xE3\x82\xB0\xE3\x82\xA4\xE3\x83\xB3\xE3\x82\xA2...', 'test@gmail.com', Array, Array)
#7 /var/www/current/app/Controllers/Console/Login.php(163): CodeIgniter\Validation\Validation->run(Array, 'loginCheck')
#8 /var/www/current/app/Controllers/Console/Login.php(71): App\Controllers\Console\Login->checkInput(Array, 'loginCheck')
#9 /var/www/current/system/CodeIgniter.php(825): App\Controllers\Console\Login->auth()
#10 /var/www/current/system/CodeIgniter.php(412): CodeIgniter\CodeIgniter->runController(Object(App\Controllers\Console\Login))
#11 /var/www/current/system/CodeIgniter.php(320): CodeIgniter\CodeIgniter->handleRequest(NULL, Object(Config\Cache), false)
#12 /var/www/current/htdocs/index.php(37): CodeIgniter\CodeIgniter->run()
#13 {main}
ERROR - 2022-06-15 15:44:44 --> Table 'codeigniter4_base_dev.account' doesn't exist
CRITICAL - 2022-06-15 15:44:44 --> Table 'codeigniter4_base_dev.account' doesn't exist
#0 /var/www/current/system/Database/MySQLi/Connection.php(292): mysqli->query('SELECT 1\nFROM `...', 0)
#1 /var/www/current/system/Database/BaseConnection.php(670): CodeIgniter\Database\MySQLi\Connection->execute('SELECT 1\nFROM `...')
#2 /var/www/current/system/Database/BaseConnection.php(598): CodeIgniter\Database\BaseConnection->simpleQuery('SELECT 1\nFROM `...')
#3 /var/www/current/system/Database/BaseBuilder.php(1455): CodeIgniter\Database\BaseConnection->query('SELECT 1\nFROM `...', Array, false)
#4 /var/www/current/system/Validation/Rules.php(142): CodeIgniter\Database\BaseBuilder->get()
#5 /var/www/current/system/Validation/Validation.php(292): CodeIgniter\Validation\Rules->is_unique('test@gmail.com', 'email', Array, NULL)
#6 /var/www/current/system/Validation/Validation.php(157): CodeIgniter\Validation\Validation->processRules('email', '\xE3\x83\xAD\xE3\x82\xB0\xE3\x82\xA4\xE3\x83\xB3\xE3\x82\xA2...', 'test@gmail.com', Array, Array)
#7 /var/www/current/app/Controllers/Console/Login.php(173): CodeIgniter\Validation\Validation->run(Array, 'loginCheck')
#8 /var/www/current/app/Controllers/Console/Login.php(71): App\Controllers\Console\Login->checkInput(Array, 'loginCheck')
#9 /var/www/current/system/CodeIgniter.php(825): App\Controllers\Console\Login->auth()
#10 /var/www/current/system/CodeIgniter.php(412): CodeIgniter\CodeIgniter->runController(Object(App\Controllers\Console\Login))
#11 /var/www/current/system/CodeIgniter.php(320): CodeIgniter\CodeIgniter->handleRequest(NULL, Object(Config\Cache), false)
#12 /var/www/current/htdocs/index.php(37): CodeIgniter\CodeIgniter->run()
#13 {main}
ERROR - 2022-06-15 15:44:57 --> Table 'codeigniter4_base_dev.account' doesn't exist
CRITICAL - 2022-06-15 15:44:57 --> Table 'codeigniter4_base_dev.account' doesn't exist
#0 /var/www/current/system/Database/MySQLi/Connection.php(292): mysqli->query('SELECT 1\nFROM `...', 0)
#1 /var/www/current/system/Database/BaseConnection.php(670): CodeIgniter\Database\MySQLi\Connection->execute('SELECT 1\nFROM `...')
#2 /var/www/current/system/Database/BaseConnection.php(598): CodeIgniter\Database\BaseConnection->simpleQuery('SELECT 1\nFROM `...')
#3 /var/www/current/system/Database/BaseBuilder.php(1455): CodeIgniter\Database\BaseConnection->query('SELECT 1\nFROM `...', Array, false)
#4 /var/www/current/system/Validation/Rules.php(142): CodeIgniter\Database\BaseBuilder->get()
#5 /var/www/current/system/Validation/Validation.php(292): CodeIgniter\Validation\Rules->is_unique('test@gmail.com', 'email', Array, NULL)
#6 /var/www/current/system/Validation/Validation.php(157): CodeIgniter\Validation\Validation->processRules('email', '\xE3\x83\xAD\xE3\x82\xB0\xE3\x82\xA4\xE3\x83\xB3\xE3\x82\xA2...', 'test@gmail.com', Array, Array)
#7 /var/www/current/app/Controllers/Console/Login.php(173): CodeIgniter\Validation\Validation->run(Array, 'loginCheck')
#8 /var/www/current/app/Controllers/Console/Login.php(71): App\Controllers\Console\Login->checkInput(Array, 'loginCheck')
#9 /var/www/current/system/CodeIgniter.php(825): App\Controllers\Console\Login->auth()
#10 /var/www/current/system/CodeIgniter.php(412): CodeIgniter\CodeIgniter->runController(Object(App\Controllers\Console\Login))
#11 /var/www/current/system/CodeIgniter.php(320): CodeIgniter\CodeIgniter->handleRequest(NULL, Object(Config\Cache), false)
#12 /var/www/current/htdocs/index.php(37): CodeIgniter\CodeIgniter->run()
#13 {main}
ERROR - 2022-06-15 15:49:20 --> Table 'codeigniter4_base_dev.account' doesn't exist
CRITICAL - 2022-06-15 15:49:20 --> Table 'codeigniter4_base_dev.account' doesn't exist
#0 /var/www/current/system/Database/MySQLi/Connection.php(292): mysqli->query('SELECT 1\nFROM `...', 0)
#1 /var/www/current/system/Database/BaseConnection.php(670): CodeIgniter\Database\MySQLi\Connection->execute('SELECT 1\nFROM `...')
#2 /var/www/current/system/Database/BaseConnection.php(598): CodeIgniter\Database\BaseConnection->simpleQuery('SELECT 1\nFROM `...')
#3 /var/www/current/system/Database/BaseBuilder.php(1455): CodeIgniter\Database\BaseConnection->query('SELECT 1\nFROM `...', Array, false)
#4 /var/www/current/system/Validation/Rules.php(142): CodeIgniter\Database\BaseBuilder->get()
#5 /var/www/current/system/Validation/Validation.php(292): CodeIgniter\Validation\Rules->is_unique('test@gmail.com', 'email', Array, NULL)
#6 /var/www/current/system/Validation/Validation.php(157): CodeIgniter\Validation\Validation->processRules('email', '\xE3\x83\xAD\xE3\x82\xB0\xE3\x82\xA4\xE3\x83\xB3\xE3\x82\xA2...', 'test@gmail.com', Array, Array)
#7 /var/www/current/app/Controllers/Console/Login.php(173): CodeIgniter\Validation\Validation->run(Array, 'loginCheck')
#8 /var/www/current/app/Controllers/Console/Login.php(71): App\Controllers\Console\Login->checkInput(Array, 'loginCheck')
#9 /var/www/current/system/CodeIgniter.php(825): App\Controllers\Console\Login->auth()
#10 /var/www/current/system/CodeIgniter.php(412): CodeIgniter\CodeIgniter->runController(Object(App\Controllers\Console\Login))
#11 /var/www/current/system/CodeIgniter.php(320): CodeIgniter\CodeIgniter->handleRequest(NULL, Object(Config\Cache), false)
#12 /var/www/current/htdocs/index.php(37): CodeIgniter\CodeIgniter->run()
#13 {main}
ERROR - 2022-06-15 15:51:20 --> Table 'codeigniter4_base_dev.account' doesn't exist
CRITICAL - 2022-06-15 15:51:20 --> Table 'codeigniter4_base_dev.account' doesn't exist
#0 /var/www/current/system/Database/MySQLi/Connection.php(292): mysqli->query('SELECT 1\nFROM `...', 0)
#1 /var/www/current/system/Database/BaseConnection.php(670): CodeIgniter\Database\MySQLi\Connection->execute('SELECT 1\nFROM `...')
#2 /var/www/current/system/Database/BaseConnection.php(598): CodeIgniter\Database\BaseConnection->simpleQuery('SELECT 1\nFROM `...')
#3 /var/www/current/system/Database/BaseBuilder.php(1455): CodeIgniter\Database\BaseConnection->query('SELECT 1\nFROM `...', Array, false)
#4 /var/www/current/system/Validation/Rules.php(142): CodeIgniter\Database\BaseBuilder->get()
#5 /var/www/current/system/Validation/Validation.php(292): CodeIgniter\Validation\Rules->is_unique('test@gmail.com', 'email', Array, NULL)
#6 /var/www/current/system/Validation/Validation.php(157): CodeIgniter\Validation\Validation->processRules('email', '\xE3\x83\xAD\xE3\x82\xB0\xE3\x82\xA4\xE3\x83\xB3\xE3\x82\xA2...', 'test@gmail.com', Array, Array)
#7 /var/www/current/app/Controllers/Console/Login.php(173): CodeIgniter\Validation\Validation->run(Array, 'loginCheck')
#8 /var/www/current/app/Controllers/Console/Login.php(71): App\Controllers\Console\Login->checkInput(Array, 'loginCheck')
#9 /var/www/current/system/CodeIgniter.php(825): App\Controllers\Console\Login->auth()
#10 /var/www/current/system/CodeIgniter.php(412): CodeIgniter\CodeIgniter->runController(Object(App\Controllers\Console\Login))
#11 /var/www/current/system/CodeIgniter.php(320): CodeIgniter\CodeIgniter->handleRequest(NULL, Object(Config\Cache), false)
#12 /var/www/current/htdocs/index.php(37): CodeIgniter\CodeIgniter->run()
#13 {main}
ERROR - 2022-06-15 15:51:31 --> Table 'codeigniter4_base_dev.account' doesn't exist
CRITICAL - 2022-06-15 15:51:31 --> Table 'codeigniter4_base_dev.account' doesn't exist
#0 /var/www/current/system/Database/MySQLi/Connection.php(292): mysqli->query('SELECT 1\nFROM `...', 0)
#1 /var/www/current/system/Database/BaseConnection.php(670): CodeIgniter\Database\MySQLi\Connection->execute('SELECT 1\nFROM `...')
#2 /var/www/current/system/Database/BaseConnection.php(598): CodeIgniter\Database\BaseConnection->simpleQuery('SELECT 1\nFROM `...')
#3 /var/www/current/system/Database/BaseBuilder.php(1455): CodeIgniter\Database\BaseConnection->query('SELECT 1\nFROM `...', Array, false)
#4 /var/www/current/system/Validation/Rules.php(142): CodeIgniter\Database\BaseBuilder->get()
#5 /var/www/current/system/Validation/Validation.php(292): CodeIgniter\Validation\Rules->is_unique('t@gmail.com', 'email', Array, NULL)
#6 /var/www/current/system/Validation/Validation.php(157): CodeIgniter\Validation\Validation->processRules('email', '\xE3\x83\xAD\xE3\x82\xB0\xE3\x82\xA4\xE3\x83\xB3\xE3\x82\xA2...', 't@gmail.com', Array, Array)
#7 /var/www/current/app/Controllers/Console/Login.php(173): CodeIgniter\Validation\Validation->run(Array, 'loginCheck')
#8 /var/www/current/app/Controllers/Console/Login.php(71): App\Controllers\Console\Login->checkInput(Array, 'loginCheck')
#9 /var/www/current/system/CodeIgniter.php(825): App\Controllers\Console\Login->auth()
#10 /var/www/current/system/CodeIgniter.php(412): CodeIgniter\CodeIgniter->runController(Object(App\Controllers\Console\Login))
#11 /var/www/current/system/CodeIgniter.php(320): CodeIgniter\CodeIgniter->handleRequest(NULL, Object(Config\Cache), false)
#12 /var/www/current/htdocs/index.php(37): CodeIgniter\CodeIgniter->run()
#13 {main}
ERROR - 2022-06-15 15:54:17 --> Table 'codeigniter4_base_dev.account' doesn't exist
CRITICAL - 2022-06-15 15:54:17 --> Table 'codeigniter4_base_dev.account' doesn't exist
#0 /var/www/current/system/Database/MySQLi/Connection.php(292): mysqli->query('SELECT 1\nFROM `...', 0)
#1 /var/www/current/system/Database/BaseConnection.php(670): CodeIgniter\Database\MySQLi\Connection->execute('SELECT 1\nFROM `...')
#2 /var/www/current/system/Database/BaseConnection.php(598): CodeIgniter\Database\BaseConnection->simpleQuery('SELECT 1\nFROM `...')
#3 /var/www/current/system/Database/BaseBuilder.php(1455): CodeIgniter\Database\BaseConnection->query('SELECT 1\nFROM `...', Array, false)
#4 /var/www/current/system/Validation/Rules.php(142): CodeIgniter\Database\BaseBuilder->get()
#5 /var/www/current/system/Validation/Validation.php(292): CodeIgniter\Validation\Rules->is_unique('test@gmail.com', 'email', Array, NULL)
#6 /var/www/current/system/Validation/Validation.php(157): CodeIgniter\Validation\Validation->processRules('email', '\xE3\x83\xAD\xE3\x82\xB0\xE3\x82\xA4\xE3\x83\xB3\xE3\x82\xA2...', 'test@gmail.com', Array, Array)
#7 /var/www/current/app/Controllers/Console/Login.php(173): CodeIgniter\Validation\Validation->run(Array, 'loginCheck')
#8 /var/www/current/app/Controllers/Console/Login.php(71): App\Controllers\Console\Login->checkInput(Array, 'loginCheck')
#9 /var/www/current/system/CodeIgniter.php(825): App\Controllers\Console\Login->auth()
#10 /var/www/current/system/CodeIgniter.php(412): CodeIgniter\CodeIgniter->runController(Object(App\Controllers\Console\Login))
#11 /var/www/current/system/CodeIgniter.php(320): CodeIgniter\CodeIgniter->handleRequest(NULL, Object(Config\Cache), false)
#12 /var/www/current/htdocs/index.php(37): CodeIgniter\CodeIgniter->run()
#13 {main}
ERROR - 2022-06-15 15:54:31 --> Table 'codeigniter4_base_dev.account' doesn't exist
CRITICAL - 2022-06-15 15:54:31 --> Table 'codeigniter4_base_dev.account' doesn't exist
#0 /var/www/current/system/Database/MySQLi/Connection.php(292): mysqli->query('SELECT 1\nFROM `...', 0)
#1 /var/www/current/system/Database/BaseConnection.php(670): CodeIgniter\Database\MySQLi\Connection->execute('SELECT 1\nFROM `...')
#2 /var/www/current/system/Database/BaseConnection.php(598): CodeIgniter\Database\BaseConnection->simpleQuery('SELECT 1\nFROM `...')
#3 /var/www/current/system/Database/BaseBuilder.php(1455): CodeIgniter\Database\BaseConnection->query('SELECT 1\nFROM `...', Array, false)
#4 /var/www/current/system/Validation/Rules.php(142): CodeIgniter\Database\BaseBuilder->get()
#5 /var/www/current/system/Validation/Validation.php(292): CodeIgniter\Validation\Rules->is_unique('test@gmail.com', 'email', Array, NULL)
#6 /var/www/current/system/Validation/Validation.php(157): CodeIgniter\Validation\Validation->processRules('email', '\xE3\x83\xAD\xE3\x82\xB0\xE3\x82\xA4\xE3\x83\xB3\xE3\x82\xA2...', 'test@gmail.com', Array, Array)
#7 /var/www/current/app/Controllers/Console/Login.php(173): CodeIgniter\Validation\Validation->run(Array, 'loginCheck')
#8 /var/www/current/app/Controllers/Console/Login.php(71): App\Controllers\Console\Login->checkInput(Array, 'loginCheck')
#9 /var/www/current/system/CodeIgniter.php(825): App\Controllers\Console\Login->auth()
#10 /var/www/current/system/CodeIgniter.php(412): CodeIgniter\CodeIgniter->runController(Object(App\Controllers\Console\Login))
#11 /var/www/current/system/CodeIgniter.php(320): CodeIgniter\CodeIgniter->handleRequest(NULL, Object(Config\Cache), false)
#12 /var/www/current/htdocs/index.php(37): CodeIgniter\CodeIgniter->run()
#13 {main}
CRITICAL - 2022-06-15 16:16:12 --> Undefined variable $errorMessage
#0 /var/www/current/app/Views/Console/account/login.php(27): CodeIgniter\Debug\Exceptions->errorHandler(2, 'Undefined varia...', '/var/www/curren...', 27)
#1 /var/www/current/system/View/View.php(210): include('/var/www/curren...')
#2 /var/www/current/system/View/View.php(213): CodeIgniter\View\View->CodeIgniter\View\{closure}()
#3 /var/www/current/system/Common.php(1089): CodeIgniter\View\View->render('Console/account...', Array, true)
#4 /var/www/current/app/Controllers/Console/Login.php(129): view('Console/account...', Array)
#5 /var/www/current/system/CodeIgniter.php(825): App\Controllers\Console\Login->auth()
#6 /var/www/current/system/CodeIgniter.php(412): CodeIgniter\CodeIgniter->runController(Object(App\Controllers\Console\Login))
#7 /var/www/current/system/CodeIgniter.php(320): CodeIgniter\CodeIgniter->handleRequest(NULL, Object(Config\Cache), false)
#8 /var/www/current/htdocs/index.php(37): CodeIgniter\CodeIgniter->run()
#9 {main}
CRITICAL - 2022-06-15 16:16:21 --> Undefined variable $errorMessage
#0 /var/www/current/app/Views/Console/account/login.php(27): CodeIgniter\Debug\Exceptions->errorHandler(2, 'Undefined varia...', '/var/www/curren...', 27)
#1 /var/www/current/system/View/View.php(210): include('/var/www/curren...')
#2 /var/www/current/system/View/View.php(213): CodeIgniter\View\View->CodeIgniter\View\{closure}()
#3 /var/www/current/system/Common.php(1089): CodeIgniter\View\View->render('Console/account...', Array, true)
#4 /var/www/current/app/Controllers/Console/Login.php(129): view('Console/account...', Array)
#5 /var/www/current/system/CodeIgniter.php(825): App\Controllers\Console\Login->auth()
#6 /var/www/current/system/CodeIgniter.php(412): CodeIgniter\CodeIgniter->runController(Object(App\Controllers\Console\Login))
#7 /var/www/current/system/CodeIgniter.php(320): CodeIgniter\CodeIgniter->handleRequest(NULL, Object(Config\Cache), false)
#8 /var/www/current/htdocs/index.php(37): CodeIgniter\CodeIgniter->run()
#9 {main}
CRITICAL - 2022-06-15 16:43:56 --> syntax error, unexpected token ";", expecting "("
#0 /var/www/current/system/View/View.php(213): CodeIgniter\View\View->CodeIgniter\View\{closure}()
#1 /var/www/current/system/Common.php(1089): CodeIgniter\View\View->render('Console/account...', Array, true)
#2 /var/www/current/app/Controllers/Console/Login.php(120): view('Console/account...', Array)
#3 /var/www/current/system/CodeIgniter.php(825): App\Controllers\Console\Login->auth()
#4 /var/www/current/system/CodeIgniter.php(412): CodeIgniter\CodeIgniter->runController(Object(App\Controllers\Console\Login))
#5 /var/www/current/system/CodeIgniter.php(320): CodeIgniter\CodeIgniter->handleRequest(NULL, Object(Config\Cache), false)
#6 /var/www/current/htdocs/index.php(37): CodeIgniter\CodeIgniter->run()
#7 {main}
CRITICAL - 2022-06-15 16:52:16 --> Undefined variable $errorEmailPassword
#0 /var/www/current/app/Views/Console/account/login.php(27): CodeIgniter\Debug\Exceptions->errorHandler(2, 'Undefined varia...', '/var/www/curren...', 27)
#1 /var/www/current/system/View/View.php(210): include('/var/www/curren...')
#2 /var/www/current/system/View/View.php(213): CodeIgniter\View\View->CodeIgniter\View\{closure}()
#3 /var/www/current/system/Common.php(1089): CodeIgniter\View\View->render('Console/account...', Array, true)
#4 /var/www/current/app/Controllers/Console/Login.php(49): view('Console/account...', Array)
#5 /var/www/current/system/CodeIgniter.php(825): App\Controllers\Console\Login->login()
#6 /var/www/current/system/CodeIgniter.php(412): CodeIgniter\CodeIgniter->runController(Object(App\Controllers\Console\Login))
#7 /var/www/current/system/CodeIgniter.php(320): CodeIgniter\CodeIgniter->handleRequest(NULL, Object(Config\Cache), false)
#8 /var/www/current/htdocs/index.php(37): CodeIgniter\CodeIgniter->run()
#9 {main}
CRITICAL - 2022-06-15 16:53:23 --> Undefined variable $errorEmailPassword
#0 /var/www/current/app/Views/Console/account/login.php(27): CodeIgniter\Debug\Exceptions->errorHandler(2, 'Undefined varia...', '/var/www/curren...', 27)
#1 /var/www/current/system/View/View.php(210): include('/var/www/curren...')
#2 /var/www/current/system/View/View.php(213): CodeIgniter\View\View->CodeIgniter\View\{closure}()
#3 /var/www/current/system/Common.php(1089): CodeIgniter\View\View->render('Console/account...', Array, true)
#4 /var/www/current/app/Controllers/Console/Login.php(122): view('Console/account...', Array)
#5 /var/www/current/system/CodeIgniter.php(825): App\Controllers\Console\Login->auth()
#6 /var/www/current/system/CodeIgniter.php(412): CodeIgniter\CodeIgniter->runController(Object(App\Controllers\Console\Login))
#7 /var/www/current/system/CodeIgniter.php(320): CodeIgniter\CodeIgniter->handleRequest(NULL, Object(Config\Cache), false)
#8 /var/www/current/htdocs/index.php(37): CodeIgniter\CodeIgniter->run()
#9 {main}
