CRITICAL - 2022-05-30 03:09:08 --> session_start(): Ignoring session_start() because a session is already active
#0 [internal function]: CodeIgniter\Debug\Exceptions->errorHandler(8, 'session_start()...', '/var/www/curren...', 2)
#1 /var/www/current/app/Views/welcome_message.php(2): session_start()
#2 /var/www/current/system/View/View.php(210): include('/var/www/curren...')
#3 /var/www/current/system/View/View.php(213): CodeIgniter\View\View->CodeIgniter\View\{closure}()
#4 /var/www/current/system/Common.php(1089): CodeIgniter\View\View->render('welcome_message', Array, true)
#5 /var/www/current/app/Controllers/Home.php(9): view('welcome_message')
#6 /var/www/current/system/CodeIgniter.php(825): App\Controllers\Home->index()
#7 /var/www/current/system/CodeIgniter.php(412): CodeIgniter\CodeIgniter->runController(Object(App\Controllers\Home))
#8 /var/www/current/system/CodeIgniter.php(320): CodeIgniter\CodeIgniter->handleRequest(NULL, Object(Config\Cache), false)
#9 /var/www/current/htdocs/index.php(37): CodeIgniter\CodeIgniter->run()
#10 {main}
CRITICAL - 2022-05-30 03:09:28 --> require_once(../db/dbconnect.php): Failed to open stream: No such file or directory
#0 /var/www/current/app/Views/welcome_message.php(13): CodeIgniter\Debug\Exceptions->errorHandler(2, 'require_once(.....', '/var/www/curren...', 13)
#1 /var/www/current/app/Views/welcome_message.php(13): require_once()
#2 /var/www/current/system/View/View.php(210): include('/var/www/curren...')
#3 /var/www/current/system/View/View.php(213): CodeIgniter\View\View->CodeIgniter\View\{closure}()
#4 /var/www/current/system/Common.php(1089): CodeIgniter\View\View->render('welcome_message', Array, true)
#5 /var/www/current/app/Controllers/Home.php(9): view('welcome_message')
#6 /var/www/current/system/CodeIgniter.php(825): App\Controllers\Home->index()
#7 /var/www/current/system/CodeIgniter.php(412): CodeIgniter\CodeIgniter->runController(Object(App\Controllers\Home))
#8 /var/www/current/system/CodeIgniter.php(320): CodeIgniter\CodeIgniter->handleRequest(NULL, Object(Config\Cache), false)
#9 /var/www/current/htdocs/index.php(37): CodeIgniter\CodeIgniter->run()
#10 {main}
CRITICAL - 2022-05-30 03:09:30 --> require_once(../db/dbconnect.php): Failed to open stream: No such file or directory
#0 /var/www/current/app/Views/welcome_message.php(13): CodeIgniter\Debug\Exceptions->errorHandler(2, 'require_once(.....', '/var/www/curren...', 13)
#1 /var/www/current/app/Views/welcome_message.php(13): require_once()
#2 /var/www/current/system/View/View.php(210): include('/var/www/curren...')
#3 /var/www/current/system/View/View.php(213): CodeIgniter\View\View->CodeIgniter\View\{closure}()
#4 /var/www/current/system/Common.php(1089): CodeIgniter\View\View->render('welcome_message', Array, true)
#5 /var/www/current/app/Controllers/Home.php(9): view('welcome_message')
#6 /var/www/current/system/CodeIgniter.php(825): App\Controllers\Home->index()
#7 /var/www/current/system/CodeIgniter.php(412): CodeIgniter\CodeIgniter->runController(Object(App\Controllers\Home))
#8 /var/www/current/system/CodeIgniter.php(320): CodeIgniter\CodeIgniter->handleRequest(NULL, Object(Config\Cache), false)
#9 /var/www/current/htdocs/index.php(37): CodeIgniter\CodeIgniter->run()
#10 {main}
CRITICAL - 2022-05-30 03:09:32 --> require_once(../db/dbconnect.php): Failed to open stream: No such file or directory
#0 /var/www/current/app/Views/welcome_message.php(13): CodeIgniter\Debug\Exceptions->errorHandler(2, 'require_once(.....', '/var/www/curren...', 13)
#1 /var/www/current/app/Views/welcome_message.php(13): require_once()
#2 /var/www/current/system/View/View.php(210): include('/var/www/curren...')
#3 /var/www/current/system/View/View.php(213): CodeIgniter\View\View->CodeIgniter\View\{closure}()
#4 /var/www/current/system/Common.php(1089): CodeIgniter\View\View->render('welcome_message', Array, true)
#5 /var/www/current/app/Controllers/Home.php(9): view('welcome_message')
#6 /var/www/current/system/CodeIgniter.php(825): App\Controllers\Home->index()
#7 /var/www/current/system/CodeIgniter.php(412): CodeIgniter\CodeIgniter->runController(Object(App\Controllers\Home))
#8 /var/www/current/system/CodeIgniter.php(320): CodeIgniter\CodeIgniter->handleRequest(NULL, Object(Config\Cache), false)
#9 /var/www/current/htdocs/index.php(37): CodeIgniter\CodeIgniter->run()
#10 {main}
CRITICAL - 2022-05-30 17:09:39 --> Undefined variable $name
#0 /var/www/current/app/Views/welcome_message.php(144): CodeIgniter\Debug\Exceptions->errorHandler(2, 'Undefined varia...', '/var/www/curren...', 144)
#1 /var/www/current/system/View/View.php(210): include('/var/www/curren...')
#2 /var/www/current/system/View/View.php(213): CodeIgniter\View\View->CodeIgniter\View\{closure}()
#3 /var/www/current/system/Common.php(1089): CodeIgniter\View\View->render('welcome_message', Array, true)
#4 /var/www/current/app/Controllers/Home.php(9): view('welcome_message')
#5 /var/www/current/system/CodeIgniter.php(825): App\Controllers\Home->index()
#6 /var/www/current/system/CodeIgniter.php(412): CodeIgniter\CodeIgniter->runController(Object(App\Controllers\Home))
#7 /var/www/current/system/CodeIgniter.php(320): CodeIgniter\CodeIgniter->handleRequest(NULL, Object(Config\Cache), false)
#8 /var/www/current/htdocs/index.php(37): CodeIgniter\CodeIgniter->run()
#9 {main}
CRITICAL - 2022-05-30 03:12:22 --> Invalid file: welcome_message.php
#0 /var/www/current/system/View/View.php(198): CodeIgniter\Exceptions\FrameworkException::forInvalidFile('welcome_message...')
#1 /var/www/current/system/Common.php(1089): CodeIgniter\View\View->render('welcome_message', Array, true)
#2 /var/www/current/app/Controllers/Home.php(9): view('welcome_message')
#3 /var/www/current/system/CodeIgniter.php(825): App\Controllers\Home->index()
#4 /var/www/current/system/CodeIgniter.php(412): CodeIgniter\CodeIgniter->runController(Object(App\Controllers\Home))
#5 /var/www/current/system/CodeIgniter.php(320): CodeIgniter\CodeIgniter->handleRequest(NULL, Object(Config\Cache), false)
#6 /var/www/current/htdocs/index.php(37): CodeIgniter\CodeIgniter->run()
#7 {main}
CRITICAL - 2022-05-30 03:17:16 --> Invalid file: user/welcome_message.php
#0 /var/www/current/system/View/View.php(198): CodeIgniter\Exceptions\FrameworkException::forInvalidFile('user/welcome_me...')
#1 /var/www/current/system/Common.php(1089): CodeIgniter\View\View->render('user/welcome_me...', Array, true)
#2 /var/www/current/app/Controllers/Home.php(9): view('user/welcome_me...')
#3 /var/www/current/system/CodeIgniter.php(825): App\Controllers\Home->index()
#4 /var/www/current/system/CodeIgniter.php(412): CodeIgniter\CodeIgniter->runController(Object(App\Controllers\Home))
#5 /var/www/current/system/CodeIgniter.php(320): CodeIgniter\CodeIgniter->handleRequest(NULL, Object(Config\Cache), false)
#6 /var/www/current/htdocs/index.php(37): CodeIgniter\CodeIgniter->run()
#7 {main}
CRITICAL - 2022-05-30 17:40:19 --> Undefined variable $name
#0 /var/www/current/app/Views/welcome_message.php(144): CodeIgniter\Debug\Exceptions->errorHandler(2, 'Undefined varia...', '/var/www/curren...', 144)
#1 /var/www/current/system/View/View.php(210): include('/var/www/curren...')
#2 /var/www/current/system/View/View.php(213): CodeIgniter\View\View->CodeIgniter\View\{closure}()
#3 /var/www/current/system/Common.php(1089): CodeIgniter\View\View->render('welcome_message', Array, true)
#4 /var/www/current/app/Controllers/Home.php(9): view('welcome_message')
#5 /var/www/current/system/CodeIgniter.php(825): App\Controllers\Home->index()
#6 /var/www/current/system/CodeIgniter.php(412): CodeIgniter\CodeIgniter->runController(Object(App\Controllers\Home))
#7 /var/www/current/system/CodeIgniter.php(320): CodeIgniter\CodeIgniter->handleRequest(NULL, Object(Config\Cache), false)
#8 /var/www/current/htdocs/index.php(37): CodeIgniter\CodeIgniter->run()
#9 {main}
CRITICAL - 2022-05-30 22:01:25 --> Invalid file: user/create.php
#0 /var/www/current/system/View/View.php(198): CodeIgniter\Exceptions\FrameworkException::forInvalidFile('user/create.php')
#1 /var/www/current/system/Common.php(1089): CodeIgniter\View\View->render('user/create.php', Array, true)
#2 /var/www/current/app/Controllers/Home.php(9): view('user/create.php')
#3 /var/www/current/system/CodeIgniter.php(825): App\Controllers\Home->index()
#4 /var/www/current/system/CodeIgniter.php(412): CodeIgniter\CodeIgniter->runController(Object(App\Controllers\Home))
#5 /var/www/current/system/CodeIgniter.php(320): CodeIgniter\CodeIgniter->handleRequest(NULL, Object(Config\Cache), false)
#6 /var/www/current/htdocs/index.php(37): CodeIgniter\CodeIgniter->run()
#7 {main}
CRITICAL - 2022-05-30 22:02:05 --> Invalid file: user/create.php
#0 /var/www/current/system/View/View.php(198): CodeIgniter\Exceptions\FrameworkException::forInvalidFile('user/create.php')
#1 /var/www/current/system/Common.php(1089): CodeIgniter\View\View->render('user/create.php', Array, true)
#2 /var/www/current/app/Controllers/Home.php(9): view('user/create.php')
#3 /var/www/current/system/CodeIgniter.php(825): App\Controllers\Home->index()
#4 /var/www/current/system/CodeIgniter.php(412): CodeIgniter\CodeIgniter->runController(Object(App\Controllers\Home))
#5 /var/www/current/system/CodeIgniter.php(320): CodeIgniter\CodeIgniter->handleRequest(NULL, Object(Config\Cache), false)
#6 /var/www/current/htdocs/index.php(37): CodeIgniter\CodeIgniter->run()
#7 {main}
CRITICAL - 2022-05-30 22:02:40 --> Invalid file: user/create.php
#0 /var/www/current/system/View/View.php(198): CodeIgniter\Exceptions\FrameworkException::forInvalidFile('user/create.php')
#1 /var/www/current/system/Common.php(1089): CodeIgniter\View\View->render('user/create.php', Array, true)
#2 /var/www/current/app/Controllers/Home.php(9): view('user/create.php')
#3 /var/www/current/system/CodeIgniter.php(825): App\Controllers\Home->index()
#4 /var/www/current/system/CodeIgniter.php(412): CodeIgniter\CodeIgniter->runController(Object(App\Controllers\Home))
#5 /var/www/current/system/CodeIgniter.php(320): CodeIgniter\CodeIgniter->handleRequest(NULL, Object(Config\Cache), false)
#6 /var/www/current/htdocs/index.php(37): CodeIgniter\CodeIgniter->run()
#7 {main}
CRITICAL - 2022-05-30 22:02:59 --> Undefined variable $results
#0 /var/www/current/app/Views/user/list.php(131): CodeIgniter\Debug\Exceptions->errorHandler(2, 'Undefined varia...', '/var/www/curren...', 131)
#1 /var/www/current/system/View/View.php(210): include('/var/www/curren...')
#2 /var/www/current/system/View/View.php(213): CodeIgniter\View\View->CodeIgniter\View\{closure}()
#3 /var/www/current/system/Common.php(1089): CodeIgniter\View\View->render('user/list.php', Array, true)
#4 /var/www/current/app/Controllers/Home.php(9): view('user/list.php')
#5 /var/www/current/system/CodeIgniter.php(825): App\Controllers\Home->index()
#6 /var/www/current/system/CodeIgniter.php(412): CodeIgniter\CodeIgniter->runController(Object(App\Controllers\Home))
#7 /var/www/current/system/CodeIgniter.php(320): CodeIgniter\CodeIgniter->handleRequest(NULL, Object(Config\Cache), false)
#8 /var/www/current/htdocs/index.php(37): CodeIgniter\CodeIgniter->run()
#9 {main}
CRITICAL - 2022-05-30 22:03:44 --> Undefined variable $result
#0 /var/www/current/app/Views/user/list.php(132): CodeIgniter\Debug\Exceptions->errorHandler(2, 'Undefined varia...', '/var/www/curren...', 132)
#1 /var/www/current/system/View/View.php(210): include('/var/www/curren...')
#2 /var/www/current/system/View/View.php(213): CodeIgniter\View\View->CodeIgniter\View\{closure}()
#3 /var/www/current/system/Common.php(1089): CodeIgniter\View\View->render('user/list.php', Array, true)
#4 /var/www/current/app/Controllers/Home.php(9): view('user/list.php')
#5 /var/www/current/system/CodeIgniter.php(825): App\Controllers\Home->index()
#6 /var/www/current/system/CodeIgniter.php(412): CodeIgniter\CodeIgniter->runController(Object(App\Controllers\Home))
#7 /var/www/current/system/CodeIgniter.php(320): CodeIgniter\CodeIgniter->handleRequest(NULL, Object(Config\Cache), false)
#8 /var/www/current/htdocs/index.php(37): CodeIgniter\CodeIgniter->run()
#9 {main}
