ERROR - 2022-06-21 12:29:55 --> Error connecting to the database: php_network_getaddresses: getaddrinfo for codeigniter4_base_db failed: nodename nor servname provided, or not known
ERROR - 2022-06-21 12:42:45 --> Error connecting to the database: php_network_getaddresses: getaddrinfo for codeigniter4_base_db failed: nodename nor servname provided, or not known
CRITICAL - 2022-06-21 12:42:45 --> Unable to connect to the database.
Main connection [MySQLi]: php_network_getaddresses: getaddrinfo for codeigniter4_base_db failed: nodename nor servname provided, or not known
#0 /Users/adn20012/faq_app_codeigniter/src/system/Database/Database.php(67): CodeIgniter\Database\BaseConnection->initialize()
#1 /Users/adn20012/faq_app_codeigniter/src/system/Database/Config.php(105): CodeIgniter\Database\Database->loadForge(Object(CodeIgniter\Database\MySQLi\Connection))
#2 /Users/adn20012/faq_app_codeigniter/src/system/Database/Seeder.php(98): CodeIgniter\Database\Config::forge(NULL)
#3 /Users/adn20012/faq_app_codeigniter/src/system/Commands/Database/Seed.php(69): CodeIgniter\Database\Seeder->__construct(Object(Config\Database))
#4 /Users/adn20012/faq_app_codeigniter/src/system/CLI/Commands.php(63): CodeIgniter\Commands\Database\Seed->run(Array)
#5 /Users/adn20012/faq_app_codeigniter/src/system/CLI/CommandRunner.php(70): CodeIgniter\CLI\Commands->run('db:seed', Array)
#6 /Users/adn20012/faq_app_codeigniter/src/system/CLI/CommandRunner.php(56): CodeIgniter\CLI\CommandRunner->index(Array)
#7 /Users/adn20012/faq_app_codeigniter/src/system/CodeIgniter.php(823): CodeIgniter\CLI\CommandRunner->_remap('index', 'db:seed', 'QuestionSeeder')
#8 /Users/adn20012/faq_app_codeigniter/src/system/CodeIgniter.php(412): CodeIgniter\CodeIgniter->runController(Object(CodeIgniter\CLI\CommandRunner))
#9 /Users/adn20012/faq_app_codeigniter/src/system/CodeIgniter.php(320): CodeIgniter\CodeIgniter->handleRequest(NULL, Object(Config\Cache), false)
#10 /Users/adn20012/faq_app_codeigniter/src/system/CLI/Console.php(48): CodeIgniter\CodeIgniter->run()
#11 /Users/adn20012/faq_app_codeigniter/src/spark(63): CodeIgniter\CLI\Console->run()
#12 {main}
CRITICAL - 2022-06-21 13:27:48 --> Undefined variable $errorMessage
#0 /var/www/current/app/Views/Console/Question/new.php(95): CodeIgniter\Debug\Exceptions->errorHandler(2, 'Undefined varia...', '/var/www/curren...', 95)
#1 /var/www/current/system/View/View.php(210): include('/var/www/curren...')
#2 /var/www/current/system/View/View.php(213): CodeIgniter\View\View->CodeIgniter\View\{closure}()
#3 /var/www/current/system/Common.php(1089): CodeIgniter\View\View->render('Console/Questio...', Array, true)
#4 /var/www/current/app/Controllers/Console/Question.php(47): view('Console/Questio...')
#5 /var/www/current/system/CodeIgniter.php(825): App\Controllers\Console\Question->new()
#6 /var/www/current/system/CodeIgniter.php(412): CodeIgniter\CodeIgniter->runController(Object(App\Controllers\Console\Question))
#7 /var/www/current/system/CodeIgniter.php(320): CodeIgniter\CodeIgniter->handleRequest(NULL, Object(Config\Cache), false)
#8 /var/www/current/htdocs/index.php(37): CodeIgniter\CodeIgniter->run()
#9 {main}
CRITICAL - 2022-06-21 15:56:11 --> trim(): Passing null to parameter #1 ($string) of type string is deprecated
#0 [internal function]: CodeIgniter\Debug\Exceptions->errorHandler(8192, 'trim(): Passing...', '/var/www/curren...', 279)
#1 /var/www/current/system/Validation/Validation.php(279): trim(NULL)
#2 /var/www/current/system/Validation/Validation.php(157): CodeIgniter\Validation\Validation->processRules('title', '\xE3\x82\xBF\xE3\x82\xA4\xE3\x83\x88\xE3\x83\xAB', NULL, Array, Array)
#3 /var/www/current/app/Controllers/Console/Question.php(90): CodeIgniter\Validation\Validation->run(Array, 'questionCreate')
#4 /var/www/current/app/Controllers/Console/Question.php(65): App\Controllers\Console\Question->checkInput(Array, 'questionCreate')
#5 /var/www/current/system/CodeIgniter.php(825): App\Controllers\Console\Question->create()
#6 /var/www/current/system/CodeIgniter.php(412): CodeIgniter\CodeIgniter->runController(Object(App\Controllers\Console\Question))
#7 /var/www/current/system/CodeIgniter.php(320): CodeIgniter\CodeIgniter->handleRequest(NULL, Object(Config\Cache), false)
#8 /var/www/current/htdocs/index.php(37): CodeIgniter\CodeIgniter->run()
#9 {main}
CRITICAL - 2022-06-21 15:58:16 --> trim(): Passing null to parameter #1 ($string) of type string is deprecated
#0 [internal function]: CodeIgniter\Debug\Exceptions->errorHandler(8192, 'trim(): Passing...', '/var/www/curren...', 279)
#1 /var/www/current/system/Validation/Validation.php(279): trim(NULL)
#2 /var/www/current/system/Validation/Validation.php(157): CodeIgniter\Validation\Validation->processRules('title', '\xE3\x82\xBF\xE3\x82\xA4\xE3\x83\x88\xE3\x83\xAB', NULL, Array, Array)
#3 /var/www/current/app/Controllers/Console/Question.php(92): CodeIgniter\Validation\Validation->run(Array, 'questionCreate')
#4 /var/www/current/app/Controllers/Console/Question.php(65): App\Controllers\Console\Question->checkInput(Array, 'questionCreate')
#5 /var/www/current/system/CodeIgniter.php(825): App\Controllers\Console\Question->create()
#6 /var/www/current/system/CodeIgniter.php(412): CodeIgniter\CodeIgniter->runController(Object(App\Controllers\Console\Question))
#7 /var/www/current/system/CodeIgniter.php(320): CodeIgniter\CodeIgniter->handleRequest(NULL, Object(Config\Cache), false)
#8 /var/www/current/htdocs/index.php(37): CodeIgniter\CodeIgniter->run()
#9 {main}
CRITICAL - 2022-06-21 16:07:07 --> Undefined variable $question
#0 /var/www/current/app/Views/Console/Question/new.php(103): CodeIgniter\Debug\Exceptions->errorHandler(2, 'Undefined varia...', '/var/www/curren...', 103)
#1 /var/www/current/system/View/View.php(210): include('/var/www/curren...')
#2 /var/www/current/system/View/View.php(213): CodeIgniter\View\View->CodeIgniter\View\{closure}()
#3 /var/www/current/system/Common.php(1089): CodeIgniter\View\View->render('Console/Questio...', Array, true)
#4 /var/www/current/app/Controllers/Console/Question.php(85): view('Console/Questio...', Array)
#5 /var/www/current/system/CodeIgniter.php(825): App\Controllers\Console\Question->create()
#6 /var/www/current/system/CodeIgniter.php(412): CodeIgniter\CodeIgniter->runController(Object(App\Controllers\Console\Question))
#7 /var/www/current/system/CodeIgniter.php(320): CodeIgniter\CodeIgniter->handleRequest(NULL, Object(Config\Cache), false)
#8 /var/www/current/htdocs/index.php(37): CodeIgniter\CodeIgniter->run()
#9 {main}
CRITICAL - 2022-06-21 16:09:28 --> trim(): Passing null to parameter #1 ($string) of type string is deprecated
#0 [internal function]: CodeIgniter\Debug\Exceptions->errorHandler(8192, 'trim(): Passing...', '/var/www/curren...', 279)
#1 /var/www/current/system/Validation/Validation.php(279): trim(NULL)
#2 /var/www/current/system/Validation/Validation.php(157): CodeIgniter\Validation\Validation->processRules('title', '\xE3\x82\xBF\xE3\x82\xA4\xE3\x83\x88\xE3\x83\xAB', NULL, Array, Array)
#3 /var/www/current/app/Controllers/Console/Question.php(102): CodeIgniter\Validation\Validation->run(Array, 'questionCreate')
#4 /var/www/current/app/Controllers/Console/Question.php(66): App\Controllers\Console\Question->checkInput(Array, 'questionCreate')
#5 /var/www/current/system/CodeIgniter.php(825): App\Controllers\Console\Question->create()
#6 /var/www/current/system/CodeIgniter.php(412): CodeIgniter\CodeIgniter->runController(Object(App\Controllers\Console\Question))
#7 /var/www/current/system/CodeIgniter.php(320): CodeIgniter\CodeIgniter->handleRequest(NULL, Object(Config\Cache), false)
#8 /var/www/current/htdocs/index.php(37): CodeIgniter\CodeIgniter->run()
#9 {main}
CRITICAL - 2022-06-21 16:09:35 --> Undefined variable $errorMessage
#0 /var/www/current/app/Views/console/question/new.php(95): CodeIgniter\Debug\Exceptions->errorHandler(2, 'Undefined varia...', '/var/www/curren...', 95)
#1 /var/www/current/system/View/View.php(210): include('/var/www/curren...')
#2 /var/www/current/system/View/View.php(213): CodeIgniter\View\View->CodeIgniter\View\{closure}()
#3 /var/www/current/system/Common.php(1089): CodeIgniter\View\View->render('console/questio...', Array, true)
#4 /var/www/current/app/Controllers/Console/Question.php(57): view('console/questio...', Array)
#5 /var/www/current/system/CodeIgniter.php(825): App\Controllers\Console\Question->new()
#6 /var/www/current/system/CodeIgniter.php(412): CodeIgniter\CodeIgniter->runController(Object(App\Controllers\Console\Question))
#7 /var/www/current/system/CodeIgniter.php(320): CodeIgniter\CodeIgniter->handleRequest(NULL, Object(Config\Cache), false)
#8 /var/www/current/htdocs/index.php(37): CodeIgniter\CodeIgniter->run()
#9 {main}
CRITICAL - 2022-06-21 16:09:37 --> Undefined variable $errorMessage
#0 /var/www/current/app/Views/console/question/new.php(95): CodeIgniter\Debug\Exceptions->errorHandler(2, 'Undefined varia...', '/var/www/curren...', 95)
#1 /var/www/current/system/View/View.php(210): include('/var/www/curren...')
#2 /var/www/current/system/View/View.php(213): CodeIgniter\View\View->CodeIgniter\View\{closure}()
#3 /var/www/current/system/Common.php(1089): CodeIgniter\View\View->render('console/questio...', Array, true)
#4 /var/www/current/app/Controllers/Console/Question.php(57): view('console/questio...', Array)
#5 /var/www/current/system/CodeIgniter.php(825): App\Controllers\Console\Question->new()
#6 /var/www/current/system/CodeIgniter.php(412): CodeIgniter\CodeIgniter->runController(Object(App\Controllers\Console\Question))
#7 /var/www/current/system/CodeIgniter.php(320): CodeIgniter\CodeIgniter->handleRequest(NULL, Object(Config\Cache), false)
#8 /var/www/current/htdocs/index.php(37): CodeIgniter\CodeIgniter->run()
#9 {main}
CRITICAL - 2022-06-21 16:10:23 --> Undefined variable $errorMessage
#0 /var/www/current/app/Views/console/question/new.php(95): CodeIgniter\Debug\Exceptions->errorHandler(2, 'Undefined varia...', '/var/www/curren...', 95)
#1 /var/www/current/system/View/View.php(210): include('/var/www/curren...')
#2 /var/www/current/system/View/View.php(213): CodeIgniter\View\View->CodeIgniter\View\{closure}()
#3 /var/www/current/system/Common.php(1089): CodeIgniter\View\View->render('console/questio...', Array, true)
#4 /var/www/current/app/Controllers/Console/Question.php(57): view('console/questio...', Array)
#5 /var/www/current/system/CodeIgniter.php(825): App\Controllers\Console\Question->new()
#6 /var/www/current/system/CodeIgniter.php(412): CodeIgniter\CodeIgniter->runController(Object(App\Controllers\Console\Question))
#7 /var/www/current/system/CodeIgniter.php(320): CodeIgniter\CodeIgniter->handleRequest(NULL, Object(Config\Cache), false)
#8 /var/www/current/htdocs/index.php(37): CodeIgniter\CodeIgniter->run()
#9 {main}
CRITICAL - 2022-06-21 16:20:23 --> trim(): Passing null to parameter #1 ($string) of type string is deprecated
#0 [internal function]: CodeIgniter\Debug\Exceptions->errorHandler(8192, 'trim(): Passing...', '/var/www/curren...', 279)
#1 /var/www/current/system/Validation/Validation.php(279): trim(NULL)
#2 /var/www/current/system/Validation/Validation.php(157): CodeIgniter\Validation\Validation->processRules('title', '\xE3\x82\xBF\xE3\x82\xA4\xE3\x83\x88\xE3\x83\xAB', NULL, Array, Array)
#3 /var/www/current/app/Controllers/Console/Question.php(98): CodeIgniter\Validation\Validation->run(Array, 'questionCreate')
#4 /var/www/current/app/Controllers/Console/Question.php(62): App\Controllers\Console\Question->checkInput(Array, 'questionCreate')
#5 /var/www/current/system/CodeIgniter.php(825): App\Controllers\Console\Question->create()
#6 /var/www/current/system/CodeIgniter.php(412): CodeIgniter\CodeIgniter->runController(Object(App\Controllers\Console\Question))
#7 /var/www/current/system/CodeIgniter.php(320): CodeIgniter\CodeIgniter->handleRequest(NULL, Object(Config\Cache), false)
#8 /var/www/current/htdocs/index.php(37): CodeIgniter\CodeIgniter->run()
#9 {main}
CRITICAL - 2022-06-21 16:20:26 --> trim(): Passing null to parameter #1 ($string) of type string is deprecated
#0 [internal function]: CodeIgniter\Debug\Exceptions->errorHandler(8192, 'trim(): Passing...', '/var/www/curren...', 279)
#1 /var/www/current/system/Validation/Validation.php(279): trim(NULL)
#2 /var/www/current/system/Validation/Validation.php(157): CodeIgniter\Validation\Validation->processRules('title', '\xE3\x82\xBF\xE3\x82\xA4\xE3\x83\x88\xE3\x83\xAB', NULL, Array, Array)
#3 /var/www/current/app/Controllers/Console/Question.php(98): CodeIgniter\Validation\Validation->run(Array, 'questionCreate')
#4 /var/www/current/app/Controllers/Console/Question.php(62): App\Controllers\Console\Question->checkInput(Array, 'questionCreate')
#5 /var/www/current/system/CodeIgniter.php(825): App\Controllers\Console\Question->create()
#6 /var/www/current/system/CodeIgniter.php(412): CodeIgniter\CodeIgniter->runController(Object(App\Controllers\Console\Question))
#7 /var/www/current/system/CodeIgniter.php(320): CodeIgniter\CodeIgniter->handleRequest(NULL, Object(Config\Cache), false)
#8 /var/www/current/htdocs/index.php(37): CodeIgniter\CodeIgniter->run()
#9 {main}
CRITICAL - 2022-06-21 16:27:13 --> trim(): Passing null to parameter #1 ($string) of type string is deprecated
#0 [internal function]: CodeIgniter\Debug\Exceptions->errorHandler(8192, 'trim(): Passing...', '/var/www/curren...', 279)
#1 /var/www/current/system/Validation/Validation.php(279): trim(NULL)
#2 /var/www/current/system/Validation/Validation.php(157): CodeIgniter\Validation\Validation->processRules('title', '\xE3\x82\xBF\xE3\x82\xA4\xE3\x83\x88\xE3\x83\xAB', NULL, Array, Array)
#3 /var/www/current/app/Controllers/Console/Question.php(100): CodeIgniter\Validation\Validation->run(Array, 'questionCreate')
#4 /var/www/current/app/Controllers/Console/Question.php(62): App\Controllers\Console\Question->checkInput(Array, 'questionCreate')
#5 /var/www/current/system/CodeIgniter.php(825): App\Controllers\Console\Question->create()
#6 /var/www/current/system/CodeIgniter.php(412): CodeIgniter\CodeIgniter->runController(Object(App\Controllers\Console\Question))
#7 /var/www/current/system/CodeIgniter.php(320): CodeIgniter\CodeIgniter->handleRequest(NULL, Object(Config\Cache), false)
#8 /var/www/current/htdocs/index.php(37): CodeIgniter\CodeIgniter->run()
#9 {main}
CRITICAL - 2022-06-21 16:32:28 --> trim(): Passing null to parameter #1 ($string) of type string is deprecated
#0 [internal function]: CodeIgniter\Debug\Exceptions->errorHandler(8192, 'trim(): Passing...', '/var/www/curren...', 279)
#1 /var/www/current/system/Validation/Validation.php(279): trim(NULL)
#2 /var/www/current/system/Validation/Validation.php(157): CodeIgniter\Validation\Validation->processRules('title', '\xE3\x82\xBF\xE3\x82\xA4\xE3\x83\x88\xE3\x83\xAB', NULL, Array, Array)
#3 /var/www/current/app/Controllers/Console/Question.php(100): CodeIgniter\Validation\Validation->run(Array, 'questionCreate')
#4 /var/www/current/app/Controllers/Console/Question.php(62): App\Controllers\Console\Question->checkInput(Array, 'questionCreate')
#5 /var/www/current/system/CodeIgniter.php(825): App\Controllers\Console\Question->create()
#6 /var/www/current/system/CodeIgniter.php(412): CodeIgniter\CodeIgniter->runController(Object(App\Controllers\Console\Question))
#7 /var/www/current/system/CodeIgniter.php(320): CodeIgniter\CodeIgniter->handleRequest(NULL, Object(Config\Cache), false)
#8 /var/www/current/htdocs/index.php(37): CodeIgniter\CodeIgniter->run()
#9 {main}
CRITICAL - 2022-06-21 16:40:25 --> trim(): Passing null to parameter #1 ($string) of type string is deprecated
#0 [internal function]: CodeIgniter\Debug\Exceptions->errorHandler(8192, 'trim(): Passing...', '/var/www/curren...', 279)
#1 /var/www/current/system/Validation/Validation.php(279): trim(NULL)
#2 /var/www/current/system/Validation/Validation.php(157): CodeIgniter\Validation\Validation->processRules('title', '\xE3\x82\xBF\xE3\x82\xA4\xE3\x83\x88\xE3\x83\xAB', NULL, Array, Array)
#3 /var/www/current/app/Controllers/Console/Question.php(100): CodeIgniter\Validation\Validation->run(Array, 'questionCreate')
#4 /var/www/current/app/Controllers/Console/Question.php(62): App\Controllers\Console\Question->checkInput(Array, 'questionCreate')
#5 /var/www/current/system/CodeIgniter.php(825): App\Controllers\Console\Question->create()
#6 /var/www/current/system/CodeIgniter.php(412): CodeIgniter\CodeIgniter->runController(Object(App\Controllers\Console\Question))
#7 /var/www/current/system/CodeIgniter.php(320): CodeIgniter\CodeIgniter->handleRequest(NULL, Object(Config\Cache), false)
#8 /var/www/current/htdocs/index.php(37): CodeIgniter\CodeIgniter->run()
#9 {main}
CRITICAL - 2022-06-21 16:40:33 --> trim(): Passing null to parameter #1 ($string) of type string is deprecated
#0 [internal function]: CodeIgniter\Debug\Exceptions->errorHandler(8192, 'trim(): Passing...', '/var/www/curren...', 279)
#1 /var/www/current/system/Validation/Validation.php(279): trim(NULL)
#2 /var/www/current/system/Validation/Validation.php(157): CodeIgniter\Validation\Validation->processRules('title', '\xE3\x82\xBF\xE3\x82\xA4\xE3\x83\x88\xE3\x83\xAB', NULL, Array, Array)
#3 /var/www/current/app/Controllers/Console/Question.php(100): CodeIgniter\Validation\Validation->run(Array, 'questionCreate')
#4 /var/www/current/app/Controllers/Console/Question.php(62): App\Controllers\Console\Question->checkInput(Array, 'questionCreate')
#5 /var/www/current/system/CodeIgniter.php(825): App\Controllers\Console\Question->create()
#6 /var/www/current/system/CodeIgniter.php(412): CodeIgniter\CodeIgniter->runController(Object(App\Controllers\Console\Question))
#7 /var/www/current/system/CodeIgniter.php(320): CodeIgniter\CodeIgniter->handleRequest(NULL, Object(Config\Cache), false)
#8 /var/www/current/htdocs/index.php(37): CodeIgniter\CodeIgniter->run()
#9 {main}
CRITICAL - 2022-06-21 16:45:46 --> trim(): Passing null to parameter #1 ($string) of type string is deprecated
#0 [internal function]: CodeIgniter\Debug\Exceptions->errorHandler(8192, 'trim(): Passing...', '/var/www/curren...', 279)
#1 /var/www/current/system/Validation/Validation.php(279): trim(NULL)
#2 /var/www/current/system/Validation/Validation.php(157): CodeIgniter\Validation\Validation->processRules('title', '\xE3\x82\xBF\xE3\x82\xA4\xE3\x83\x88\xE3\x83\xAB', NULL, Array, Array)
#3 /var/www/current/app/Controllers/Console/Question.php(100): CodeIgniter\Validation\Validation->run(Array, 'questionCreate')
#4 /var/www/current/app/Controllers/Console/Question.php(62): App\Controllers\Console\Question->checkInput(Array, 'questionCreate')
#5 /var/www/current/system/CodeIgniter.php(825): App\Controllers\Console\Question->create()
#6 /var/www/current/system/CodeIgniter.php(412): CodeIgniter\CodeIgniter->runController(Object(App\Controllers\Console\Question))
#7 /var/www/current/system/CodeIgniter.php(320): CodeIgniter\CodeIgniter->handleRequest(NULL, Object(Config\Cache), false)
#8 /var/www/current/htdocs/index.php(37): CodeIgniter\CodeIgniter->run()
#9 {main}
CRITICAL - 2022-06-21 16:50:42 --> trim(): Passing null to parameter #1 ($string) of type string is deprecated
#0 [internal function]: CodeIgniter\Debug\Exceptions->errorHandler(8192, 'trim(): Passing...', '/var/www/curren...', 279)
#1 /var/www/current/system/Validation/Validation.php(279): trim(NULL)
#2 /var/www/current/system/Validation/Validation.php(157): CodeIgniter\Validation\Validation->processRules('title', '\xE3\x82\xBF\xE3\x82\xA4\xE3\x83\x88\xE3\x83\xAB', NULL, Array, Array)
#3 /var/www/current/app/Controllers/Console/Question.php(100): CodeIgniter\Validation\Validation->run(Array, 'questionCreate')
#4 /var/www/current/app/Controllers/Console/Question.php(62): App\Controllers\Console\Question->checkInput(Array, 'questionCreate')
#5 /var/www/current/system/CodeIgniter.php(825): App\Controllers\Console\Question->create()
#6 /var/www/current/system/CodeIgniter.php(412): CodeIgniter\CodeIgniter->runController(Object(App\Controllers\Console\Question))
#7 /var/www/current/system/CodeIgniter.php(320): CodeIgniter\CodeIgniter->handleRequest(NULL, Object(Config\Cache), false)
#8 /var/www/current/htdocs/index.php(37): CodeIgniter\CodeIgniter->run()
#9 {main}
CRITICAL - 2022-06-21 16:51:18 --> trim(): Passing null to parameter #1 ($string) of type string is deprecated
#0 [internal function]: CodeIgniter\Debug\Exceptions->errorHandler(8192, 'trim(): Passing...', '/var/www/curren...', 279)
#1 /var/www/current/system/Validation/Validation.php(279): trim(NULL)
#2 /var/www/current/system/Validation/Validation.php(157): CodeIgniter\Validation\Validation->processRules('title', '\xE3\x82\xBF\xE3\x82\xA4\xE3\x83\x88\xE3\x83\xAB', NULL, Array, Array)
#3 /var/www/current/app/Controllers/Console/Question.php(100): CodeIgniter\Validation\Validation->run(Array, 'questionCreate')
#4 /var/www/current/app/Controllers/Console/Question.php(62): App\Controllers\Console\Question->checkInput(Array, 'questionCreate')
#5 /var/www/current/system/CodeIgniter.php(825): App\Controllers\Console\Question->create()
#6 /var/www/current/system/CodeIgniter.php(412): CodeIgniter\CodeIgniter->runController(Object(App\Controllers\Console\Question))
#7 /var/www/current/system/CodeIgniter.php(320): CodeIgniter\CodeIgniter->handleRequest(NULL, Object(Config\Cache), false)
#8 /var/www/current/htdocs/index.php(37): CodeIgniter\CodeIgniter->run()
#9 {main}
CRITICAL - 2022-06-21 16:51:21 --> trim(): Passing null to parameter #1 ($string) of type string is deprecated
#0 [internal function]: CodeIgniter\Debug\Exceptions->errorHandler(8192, 'trim(): Passing...', '/var/www/curren...', 279)
#1 /var/www/current/system/Validation/Validation.php(279): trim(NULL)
#2 /var/www/current/system/Validation/Validation.php(157): CodeIgniter\Validation\Validation->processRules('title', '\xE3\x82\xBF\xE3\x82\xA4\xE3\x83\x88\xE3\x83\xAB', NULL, Array, Array)
#3 /var/www/current/app/Controllers/Console/Question.php(100): CodeIgniter\Validation\Validation->run(Array, 'questionCreate')
#4 /var/www/current/app/Controllers/Console/Question.php(62): App\Controllers\Console\Question->checkInput(Array, 'questionCreate')
#5 /var/www/current/system/CodeIgniter.php(825): App\Controllers\Console\Question->create()
#6 /var/www/current/system/CodeIgniter.php(412): CodeIgniter\CodeIgniter->runController(Object(App\Controllers\Console\Question))
#7 /var/www/current/system/CodeIgniter.php(320): CodeIgniter\CodeIgniter->handleRequest(NULL, Object(Config\Cache), false)
#8 /var/www/current/htdocs/index.php(37): CodeIgniter\CodeIgniter->run()
#9 {main}
CRITICAL - 2022-06-21 16:51:39 --> trim(): Passing null to parameter #1 ($string) of type string is deprecated
#0 [internal function]: CodeIgniter\Debug\Exceptions->errorHandler(8192, 'trim(): Passing...', '/var/www/curren...', 279)
#1 /var/www/current/system/Validation/Validation.php(279): trim(NULL)
#2 /var/www/current/system/Validation/Validation.php(157): CodeIgniter\Validation\Validation->processRules('title', '\xE3\x82\xBF\xE3\x82\xA4\xE3\x83\x88\xE3\x83\xAB', NULL, Array, Array)
#3 /var/www/current/app/Controllers/Console/Question.php(100): CodeIgniter\Validation\Validation->run(Array, 'questionCreate')
#4 /var/www/current/app/Controllers/Console/Question.php(62): App\Controllers\Console\Question->checkInput(Array, 'questionCreate')
#5 /var/www/current/system/CodeIgniter.php(825): App\Controllers\Console\Question->create()
#6 /var/www/current/system/CodeIgniter.php(412): CodeIgniter\CodeIgniter->runController(Object(App\Controllers\Console\Question))
#7 /var/www/current/system/CodeIgniter.php(320): CodeIgniter\CodeIgniter->handleRequest(NULL, Object(Config\Cache), false)
#8 /var/www/current/htdocs/index.php(37): CodeIgniter\CodeIgniter->run()
#9 {main}
CRITICAL - 2022-06-21 17:03:19 --> trim(): Passing null to parameter #1 ($string) of type string is deprecated
#0 [internal function]: CodeIgniter\Debug\Exceptions->errorHandler(8192, 'trim(): Passing...', '/var/www/curren...', 279)
#1 /var/www/current/system/Validation/Validation.php(279): trim(NULL)
#2 /var/www/current/system/Validation/Validation.php(157): CodeIgniter\Validation\Validation->processRules('title', '\xE8\xB3\xAA\xE5\x95\x8F\xE3\x82\xBF\xE3\x82\xA4\xE3\x83\x88...', NULL, Array, Array)
#3 /var/www/current/app/Controllers/Console/Question.php(99): CodeIgniter\Validation\Validation->run(Array, 'questionCreate')
#4 /var/www/current/app/Controllers/Console/Question.php(62): App\Controllers\Console\Question->checkInput(Array, 'questionCreate')
#5 /var/www/current/system/CodeIgniter.php(825): App\Controllers\Console\Question->create()
#6 /var/www/current/system/CodeIgniter.php(412): CodeIgniter\CodeIgniter->runController(Object(App\Controllers\Console\Question))
#7 /var/www/current/system/CodeIgniter.php(320): CodeIgniter\CodeIgniter->handleRequest(NULL, Object(Config\Cache), false)
#8 /var/www/current/htdocs/index.php(37): CodeIgniter\CodeIgniter->run()
#9 {main}
CRITICAL - 2022-06-21 18:20:00 --> trim(): Passing null to parameter #1 ($string) of type string is deprecated
#0 [internal function]: CodeIgniter\Debug\Exceptions->errorHandler(8192, 'trim(): Passing...', '/var/www/curren...', 279)
#1 /var/www/current/system/Validation/Validation.php(279): trim(NULL)
#2 /var/www/current/system/Validation/Validation.php(157): CodeIgniter\Validation\Validation->processRules('title', '\xE8\xB3\xAA\xE5\x95\x8F\xE3\x82\xBF\xE3\x82\xA4\xE3\x83\x88...', NULL, Array, Array)
#3 /var/www/current/app/Controllers/Console/Question.php(101): CodeIgniter\Validation\Validation->run(Array, 'questionCreate')
#4 /var/www/current/app/Controllers/Console/Question.php(62): App\Controllers\Console\Question->checkInput(Array, 'questionCreate')
#5 /var/www/current/system/CodeIgniter.php(825): App\Controllers\Console\Question->create()
#6 /var/www/current/system/CodeIgniter.php(412): CodeIgniter\CodeIgniter->runController(Object(App\Controllers\Console\Question))
#7 /var/www/current/system/CodeIgniter.php(320): CodeIgniter\CodeIgniter->handleRequest(NULL, Object(Config\Cache), false)
#8 /var/www/current/htdocs/index.php(37): CodeIgniter\CodeIgniter->run()
#9 {main}
ERROR - 2022-06-21 18:24:29 --> Unknown column 'number' in 'order clause'
CRITICAL - 2022-06-21 18:24:29 --> Unknown column 'number' in 'order clause'
#0 /var/www/current/system/Database/MySQLi/Connection.php(292): mysqli->query('SELECT `user`  ...', 0)
#1 /var/www/current/system/Database/BaseConnection.php(670): CodeIgniter\Database\MySQLi\Connection->execute('SELECT `user`  ...')
#2 /var/www/current/system/Database/BaseConnection.php(598): CodeIgniter\Database\BaseConnection->simpleQuery('SELECT `user`  ...')
#3 /var/www/current/app/Models/QuestionModel.php(38): CodeIgniter\Database\BaseConnection->query('SELECT `user`  ...')
#4 /var/www/current/app/Controllers/Console/Question.php(36): App\Models\QuestionModel->getQuestion()
#5 /var/www/current/system/CodeIgniter.php(825): App\Controllers\Console\Question->index()
#6 /var/www/current/system/CodeIgniter.php(412): CodeIgniter\CodeIgniter->runController(Object(App\Controllers\Console\Question))
#7 /var/www/current/system/CodeIgniter.php(320): CodeIgniter\CodeIgniter->handleRequest(NULL, Object(Config\Cache), false)
#8 /var/www/current/htdocs/index.php(37): CodeIgniter\CodeIgniter->run()
#9 {main}
CRITICAL - 2022-06-21 18:57:06 --> trim(): Passing null to parameter #1 ($string) of type string is deprecated
#0 [internal function]: CodeIgniter\Debug\Exceptions->errorHandler(8192, 'trim(): Passing...', '/var/www/curren...', 279)
#1 /var/www/current/system/Validation/Validation.php(279): trim(NULL)
#2 /var/www/current/system/Validation/Validation.php(157): CodeIgniter\Validation\Validation->processRules('name', '\xE5\x90\x8D\xE5\x89\x8D', NULL, Array, Array)
#3 /var/www/current/app/Controllers/Console/Account.php(292): CodeIgniter\Validation\Validation->run(Array, 'account')
#4 /var/www/current/app/Controllers/Console/Account.php(130): App\Controllers\Console\Account->checkInput(Array, 'account')
#5 /var/www/current/system/CodeIgniter.php(825): App\Controllers\Console\Account->create()
#6 /var/www/current/system/CodeIgniter.php(412): CodeIgniter\CodeIgniter->runController(Object(App\Controllers\Console\Account))
#7 /var/www/current/system/CodeIgniter.php(320): CodeIgniter\CodeIgniter->handleRequest(NULL, Object(Config\Cache), false)
#8 /var/www/current/htdocs/index.php(37): CodeIgniter\CodeIgniter->run()
#9 {main}
CRITICAL - 2022-06-21 18:57:08 --> trim(): Passing null to parameter #1 ($string) of type string is deprecated
#0 [internal function]: CodeIgniter\Debug\Exceptions->errorHandler(8192, 'trim(): Passing...', '/var/www/curren...', 279)
#1 /var/www/current/system/Validation/Validation.php(279): trim(NULL)
#2 /var/www/current/system/Validation/Validation.php(157): CodeIgniter\Validation\Validation->processRules('name', '\xE5\x90\x8D\xE5\x89\x8D', NULL, Array, Array)
#3 /var/www/current/app/Controllers/Console/Account.php(292): CodeIgniter\Validation\Validation->run(Array, 'account')
#4 /var/www/current/app/Controllers/Console/Account.php(130): App\Controllers\Console\Account->checkInput(Array, 'account')
#5 /var/www/current/system/CodeIgniter.php(825): App\Controllers\Console\Account->create()
#6 /var/www/current/system/CodeIgniter.php(412): CodeIgniter\CodeIgniter->runController(Object(App\Controllers\Console\Account))
#7 /var/www/current/system/CodeIgniter.php(320): CodeIgniter\CodeIgniter->handleRequest(NULL, Object(Config\Cache), false)
#8 /var/www/current/htdocs/index.php(37): CodeIgniter\CodeIgniter->run()
#9 {main}
CRITICAL - 2022-06-21 18:57:09 --> trim(): Passing null to parameter #1 ($string) of type string is deprecated
#0 [internal function]: CodeIgniter\Debug\Exceptions->errorHandler(8192, 'trim(): Passing...', '/var/www/curren...', 279)
#1 /var/www/current/system/Validation/Validation.php(279): trim(NULL)
#2 /var/www/current/system/Validation/Validation.php(157): CodeIgniter\Validation\Validation->processRules('name', '\xE5\x90\x8D\xE5\x89\x8D', NULL, Array, Array)
#3 /var/www/current/app/Controllers/Console/Account.php(292): CodeIgniter\Validation\Validation->run(Array, 'account')
#4 /var/www/current/app/Controllers/Console/Account.php(130): App\Controllers\Console\Account->checkInput(Array, 'account')
#5 /var/www/current/system/CodeIgniter.php(825): App\Controllers\Console\Account->create()
#6 /var/www/current/system/CodeIgniter.php(412): CodeIgniter\CodeIgniter->runController(Object(App\Controllers\Console\Account))
#7 /var/www/current/system/CodeIgniter.php(320): CodeIgniter\CodeIgniter->handleRequest(NULL, Object(Config\Cache), false)
#8 /var/www/current/htdocs/index.php(37): CodeIgniter\CodeIgniter->run()
#9 {main}
